<?xml version="1.0" encoding="UTF-8"?>
<robot generator="Robot 7.2.2 (Python 3.12.5 on win32)" generated="2026-06-19T06:04:39.561485" rpa="false" schemaversion="5">
<suite id="s1" name="Authentication" source="D:\TestRobotFrameWork POM\tests\authentication">
<suite id="s1-s1" name="Authentication Basic Tests" source="D:\TestRobotFrameWork POM\tests\authentication\authentication_basic_tests.robot">
<kw name="Open Browser To Application" owner="booking_keywords" type="SETUP">
<kw name="Open Browser" owner="SeleniumLibrary">
<msg time="2026-06-19T06:04:40.418697" level="INFO">Opening browser 'chrome' to base url 'https://football-booking-system-seven.vercel.app/'.</msg>
<arg>${URL}</arg>
<arg>${BROWSER}</arg>
<doc>Opens a new browser instance to the optional ``url``.</doc>
<status status="PASS" start="2026-06-19T06:04:40.418697" elapsed="4.906477"/>
</kw>
<kw name="Maximize Browser Window" owner="SeleniumLibrary">
<doc>Maximizes current browser window.</doc>
<status status="PASS" start="2026-06-19T06:04:45.325570" elapsed="0.079738"/>
</kw>
<kw name="Set Screenshot Directory" owner="SeleniumLibrary">
<arg>${OUTPUT DIR}${/}screenshots</arg>
<doc>Sets the directory for captured screenshots.</doc>
<status status="PASS" start="2026-06-19T06:04:45.407953" elapsed="0.000291"/>
</kw>
<kw name="Wait Until Page Contains" owner="SeleniumLibrary">
<arg>Football Booking</arg>
<arg>${TIMEOUT}</arg>
<doc>Waits until ``text`` appears on the current page.</doc>
<status status="PASS" start="2026-06-19T06:04:45.409816" elapsed="0.070698"/>
</kw>
<doc>Mở browser và truy cập website</doc>
<status status="PASS" start="2026-06-19T06:04:40.417427" elapsed="5.063087"/>
</kw>
<test id="s1-s1-t1" name="TC_AUTH_SMOKE_01: Trang Đăng Nhập Hiển Thị Đúng" line="11">
<kw name="Navigate To Login Page" owner="authentication_keywords">
<kw name="Go To" owner="SeleniumLibrary">
<msg time="2026-06-19T06:04:45.487936" level="INFO">Opening url 'https://football-booking-system-seven.vercel.app//login'</msg>
<arg>${URL}/login</arg>
<doc>Navigates the current browser window to the provided ``url``.</doc>
<status status="PASS" start="2026-06-19T06:04:45.487936" elapsed="0.725683"/>
</kw>
<kw name="Wait Until Page Contains" owner="SeleniumLibrary">
<arg>Đăng nhập</arg>
<doc>Waits until ``text`` appears on the current page.</doc>
<status status="PASS" start="2026-06-19T06:04:46.213619" elapsed="0.051892"/>
</kw>
<kw name="Wait Until Page Contains Element" owner="SeleniumLibrary">
<arg>${FIELD_LOGIN_EMAIL}</arg>
<doc>Waits until the element ``locator`` appears on the current page.</doc>
<status status="PASS" start="2026-06-19T06:04:46.267036" elapsed="0.039711"/>
</kw>
<status status="PASS" start="2026-06-19T06:04:45.486358" elapsed="0.820389"/>
</kw>
<kw name="Page Should Contain" owner="SeleniumLibrary">
<msg time="2026-06-19T06:04:46.392068" level="INFO">Current page contains text 'Email'.</msg>
<arg>Email</arg>
<doc>Verifies that current page contains ``text``.</doc>
<status status="PASS" start="2026-06-19T06:04:46.309801" elapsed="0.082267"/>
</kw>
<kw name="Page Should Contain" owner="SeleniumLibrary">
<msg time="2026-06-19T06:04:46.446217" level="INFO">Current page contains text 'Mật khẩu'.</msg>
<arg>Mật khẩu</arg>
<doc>Verifies that current page contains ``text``.</doc>
<status status="PASS" start="2026-06-19T06:04:46.392068" elapsed="0.054149"/>
</kw>
<kw name="Page Should Contain Element" owner="SeleniumLibrary">
<msg time="2026-06-19T06:04:46.500179" level="INFO">Current page contains element 'xpath://button[contains(@class, 'login-button')]'.</msg>
<arg>${BUTTON_LOGIN}</arg>
<doc>Verifies that element ``locator`` is found on the current page.</doc>
<status status="PASS" start="2026-06-19T06:04:46.446217" elapsed="0.053962"/>
</kw>
<doc>Kiểm tra trang đăng nhập có tất cả các trường</doc>
<tag>auth</tag>
<tag>smoke</tag>
<status status="PASS" start="2026-06-19T06:04:45.480514" elapsed="1.022354"/>
</test>
<test id="s1-s1-t2" name="TC_AUTH_SMOKE_02: Trang Đăng Kí Hiển Thị Đúng" line="19">
<kw name="Navigate To Register Page" owner="authentication_keywords">
<kw name="Go To" owner="SeleniumLibrary">
<msg time="2026-06-19T06:04:46.509122" level="INFO">Opening url 'https://football-booking-system-seven.vercel.app//register'</msg>
<arg>${URL}/register</arg>
<doc>Navigates the current browser window to the provided ``url``.</doc>
<status status="PASS" start="2026-06-19T06:04:46.508482" elapsed="0.626947"/>
</kw>
<kw name="Wait Until Page Contains" owner="SeleniumLibrary">
<arg>Đăng ký tài khoản</arg>
<doc>Waits until ``text`` appears on the current page.</doc>
<status status="PASS" start="2026-06-19T06:04:47.135429" elapsed="0.059620"/>
</kw>
<kw name="Wait Until Page Contains Element" owner="SeleniumLibrary">
<arg>${FIELD_REGISTER_NAME}</arg>
<doc>Waits until the element ``locator`` appears on the current page.</doc>
<status status="PASS" start="2026-06-19T06:04:47.195049" elapsed="0.046381"/>
</kw>
<status status="PASS" start="2026-06-19T06:04:46.506480" elapsed="0.734950"/>
</kw>
<kw name="Page Should Contain" owner="SeleniumLibrary">
<msg time="2026-06-19T06:04:47.741004" level="INFO" html="true">&lt;/td&gt;&lt;/tr&gt;&lt;tr&gt;&lt;td colspan="3"&gt;&lt;a href="screenshots/selenium-screenshot-1.png"&gt;&lt;img src="screenshots/selenium-screenshot-1.png" width="800px"&gt;&lt;/a&gt;</msg>
<msg time="2026-06-19T06:04:47.741004" level="FAIL">Page should have contained text 'Tên người dùng' but did not.</msg>
<arg>Tên người dùng</arg>
<doc>Verifies that current page contains ``text``.</doc>
<status status="FAIL" start="2026-06-19T06:04:47.241430" elapsed="0.513469">Page should have contained text 'Tên người dùng' but did not.</status>
</kw>
<kw name="Page Should Contain" owner="SeleniumLibrary">
<arg>Email</arg>
<doc>Verifies that current page contains ``text``.</doc>
<status status="NOT RUN" start="2026-06-19T06:04:47.758910" elapsed="0.000000"/>
</kw>
<kw name="Page Should Contain" owner="SeleniumLibrary">
<arg>Mật khẩu</arg>
<doc>Verifies that current page contains ``text``.</doc>
<status status="NOT RUN" start="2026-06-19T06:04:47.759946" elapsed="0.000000"/>
</kw>
<kw name="Page Should Contain" owner="SeleniumLibrary">
<arg>Xác nhận mật khẩu</arg>
<doc>Verifies that current page contains ``text``.</doc>
<status status="NOT RUN" start="2026-06-19T06:04:47.759946" elapsed="0.000000"/>
</kw>
<kw name="Page Should Contain Element" owner="SeleniumLibrary">
<arg>${BUTTON_REGISTER}</arg>
<doc>Verifies that element ``locator`` is found on the current page.</doc>
<status status="NOT RUN" start="2026-06-19T06:04:47.761113" elapsed="0.000000"/>
</kw>
<doc>Kiểm tra trang đăng kí có tất cả các trường</doc>
<tag>auth</tag>
<tag>smoke</tag>
<status status="FAIL" start="2026-06-19T06:04:46.504930" elapsed="1.256742">Page should have contained text 'Tên người dùng' but did not.</status>
</test>
<test id="s1-s1-t3" name="TC_AUTH_SMOKE_03: Có Thể Nhập Email Đăng Nhập" line="29">
<kw name="Navigate To Login Page" owner="authentication_keywords">
<kw name="Go To" owner="SeleniumLibrary">
<msg time="2026-06-19T06:04:47.764906" level="INFO">Opening url 'https://football-booking-system-seven.vercel.app//login'</msg>
<arg>${URL}/login</arg>
<doc>Navigates the current browser window to the provided ``url``.</doc>
<status status="PASS" start="2026-06-19T06:04:47.764906" elapsed="0.533684"/>
</kw>
<kw name="Wait Until Page Contains" owner="SeleniumLibrary">
<arg>Đăng nhập</arg>
<doc>Waits until ``text`` appears on the current page.</doc>
<status status="PASS" start="2026-06-19T06:04:48.299660" elapsed="0.038886"/>
</kw>
<kw name="Wait Until Page Contains Element" owner="SeleniumLibrary">
<arg>${FIELD_LOGIN_EMAIL}</arg>
<doc>Waits until the element ``locator`` appears on the current page.</doc>
<status status="PASS" start="2026-06-19T06:04:48.338546" elapsed="0.028774"/>
</kw>
<status status="PASS" start="2026-06-19T06:04:47.764906" elapsed="0.602414"/>
</kw>
<kw name="Input Text" owner="SeleniumLibrary">
<msg time="2026-06-19T06:04:48.367320" level="INFO">Typing text 'test@example.com' into text field 'xpath://input[@placeholder='name@example.com']'.</msg>
<arg>${FIELD_LOGIN_EMAIL}</arg>
<arg>test@example.com</arg>
<doc>Types the given ``text`` into the text field identified by ``locator``.</doc>
<status status="PASS" start="2026-06-19T06:04:48.367320" elapsed="0.484220"/>
</kw>
<kw name="Textfield Value Should Be" owner="SeleniumLibrary">
<msg time="2026-06-19T06:04:49.005954" level="INFO">Content of text field 'xpath://input[@placeholder='name@example.com']' is 'test@example.com'.</msg>
<arg>${FIELD_LOGIN_EMAIL}</arg>
<arg>test@example.com</arg>
<doc>Verifies text field ``locator`` has exactly text ``expected``.</doc>
<status status="PASS" start="2026-06-19T06:04:48.852945" elapsed="0.153009"/>
</kw>
<doc>Kiểm tra input email trong form đăng nhập</doc>
<tag>auth</tag>
<tag>smoke</tag>
<status status="PASS" start="2026-06-19T06:04:47.763228" elapsed="1.242726"/>
</test>
<test id="s1-s1-t4" name="TC_AUTH_SMOKE_04: Có Thể Nhập Mật Khẩu Đăng Nhập" line="36">
<kw name="Navigate To Login Page" owner="authentication_keywords">
<kw name="Go To" owner="SeleniumLibrary">
<msg time="2026-06-19T06:04:49.013265" level="INFO">Opening url 'https://football-booking-system-seven.vercel.app//login'</msg>
<arg>${URL}/login</arg>
<doc>Navigates the current browser window to the provided ``url``.</doc>
<status status="PASS" start="2026-06-19T06:04:49.011732" elapsed="0.672548"/>
</kw>
<kw name="Wait Until Page Contains" owner="SeleniumLibrary">
<arg>Đăng nhập</arg>
<doc>Waits until ``text`` appears on the current page.</doc>
<status status="PASS" start="2026-06-19T06:04:49.685961" elapsed="0.036992"/>
</kw>
<kw name="Wait Until Page Contains Element" owner="SeleniumLibrary">
<arg>${FIELD_LOGIN_EMAIL}</arg>
<doc>Waits until the element ``locator`` appears on the current page.</doc>
<status status="PASS" start="2026-06-19T06:04:49.722953" elapsed="0.023784"/>
</kw>
<status status="PASS" start="2026-06-19T06:04:49.011732" elapsed="0.735005"/>
</kw>
<kw name="Input Text" owner="SeleniumLibrary">
<msg time="2026-06-19T06:04:49.749917" level="INFO">Typing text 'password123' into text field 'xpath://input[@placeholder='Nhập mật khẩu']'.</msg>
<arg>${FIELD_LOGIN_PASSWORD}</arg>
<arg>password123</arg>
<doc>Types the given ``text`` into the text field identified by ``locator``.</doc>
<status status="PASS" start="2026-06-19T06:04:49.748773" elapsed="0.318876"/>
</kw>
<kw name="Textfield Value Should Be" owner="SeleniumLibrary">
<msg time="2026-06-19T06:04:50.167377" level="INFO">Content of text field 'xpath://input[@placeholder='Nhập mật khẩu']' is 'password123'.</msg>
<arg>${FIELD_LOGIN_PASSWORD}</arg>
<arg>password123</arg>
<doc>Verifies text field ``locator`` has exactly text ``expected``.</doc>
<status status="PASS" start="2026-06-19T06:04:50.067649" elapsed="0.099876"/>
</kw>
<doc>Kiểm tra input mật khẩu trong form đăng nhập</doc>
<tag>auth</tag>
<tag>smoke</tag>
<status status="PASS" start="2026-06-19T06:04:49.008990" elapsed="1.158535"/>
</test>
<test id="s1-s1-t5" name="TC_AUTH_SMOKE_05: Có Thể Nhập Thông Tin Đăng Kí" line="43">
<kw name="Navigate To Register Page" owner="authentication_keywords">
<kw name="Go To" owner="SeleniumLibrary">
<msg time="2026-06-19T06:04:50.171382" level="INFO">Opening url 'https://football-booking-system-seven.vercel.app//register'</msg>
<arg>${URL}/register</arg>
<doc>Navigates the current browser window to the provided ``url``.</doc>
<status status="PASS" start="2026-06-19T06:04:50.171382" elapsed="0.727261"/>
</kw>
<kw name="Wait Until Page Contains" owner="SeleniumLibrary">
<arg>Đăng ký tài khoản</arg>
<doc>Waits until ``text`` appears on the current page.</doc>
<status status="PASS" start="2026-06-19T06:04:50.898643" elapsed="0.037913"/>
</kw>
<kw name="Wait Until Page Contains Element" owner="SeleniumLibrary">
<arg>${FIELD_REGISTER_NAME}</arg>
<doc>Waits until the element ``locator`` appears on the current page.</doc>
<status status="PASS" start="2026-06-19T06:04:50.937593" elapsed="0.027734"/>
</kw>
<status status="PASS" start="2026-06-19T06:04:50.171382" elapsed="0.793945"/>
</kw>
<kw name="Input Text" owner="SeleniumLibrary">
<msg time="2026-06-19T06:04:50.967566" level="INFO">Typing text 'testuser' into text field 'xpath://input[@id='fullname']'.</msg>
<arg>${FIELD_REGISTER_NAME}</arg>
<arg>testuser</arg>
<doc>Types the given ``text`` into the text field identified by ``locator``.</doc>
<status status="PASS" start="2026-06-19T06:04:50.967566" elapsed="0.275175"/>
</kw>
<kw name="Input Text" owner="SeleniumLibrary">
<msg time="2026-06-19T06:04:51.248235" level="INFO">Typing text 'newuser@example.com' into text field 'xpath://input[@id='email']'.</msg>
<arg>${FIELD_REGISTER_EMAIL}</arg>
<arg>newuser@example.com</arg>
<doc>Types the given ``text`` into the text field identified by ``locator``.</doc>
<status status="PASS" start="2026-06-19T06:04:51.248235" elapsed="0.304039"/>
</kw>
<kw name="Input Text" owner="SeleniumLibrary">
<msg time="2026-06-19T06:04:51.554913" level="INFO">Typing text 'password123' into text field 'xpath://input[@id='password']'.</msg>
<arg>${FIELD_REGISTER_PASSWORD}</arg>
<arg>password123</arg>
<doc>Types the given ``text`` into the text field identified by ``locator``.</doc>
<status status="PASS" start="2026-06-19T06:04:51.554913" elapsed="0.299104"/>
</kw>
<kw name="Input Text" owner="SeleniumLibrary">
<msg time="2026-06-19T06:04:51.856471" level="INFO">Typing text 'password123' into text field 'xpath://input[@id='confirmPassword']'.</msg>
<arg>${FIELD_REGISTER_PASSWORD_CONFIRM}</arg>
<arg>password123</arg>
<doc>Types the given ``text`` into the text field identified by ``locator``.</doc>
<status status="PASS" start="2026-06-19T06:04:51.855037" elapsed="0.285830"/>
</kw>
<kw name="Textfield Value Should Be" owner="SeleniumLibrary">
<msg time="2026-06-19T06:04:52.234918" level="INFO">Content of text field 'xpath://input[@id='fullname']' is 'testuser'.</msg>
<arg>${FIELD_REGISTER_NAME}</arg>
<arg>testuser</arg>
<doc>Verifies text field ``locator`` has exactly text ``expected``.</doc>
<status status="PASS" start="2026-06-19T06:04:52.141418" elapsed="0.093500"/>
</kw>
<doc>Kiểm tra input các trường trong form đăng kí</doc>
<tag>auth</tag>
<tag>smoke</tag>
<status status="PASS" start="2026-06-19T06:04:50.167525" elapsed="2.067393"/>
</test>
<test id="s1-s1-t6" name="TC_AUTH_SMOKE_06: Nút Đăng Nhập Enabled" line="53">
<kw name="Navigate To Login Page" owner="authentication_keywords">
<kw name="Go To" owner="SeleniumLibrary">
<msg time="2026-06-19T06:04:52.240788" level="INFO">Opening url 'https://football-booking-system-seven.vercel.app//login'</msg>
<arg>${URL}/login</arg>
<doc>Navigates the current browser window to the provided ``url``.</doc>
<status status="PASS" start="2026-06-19T06:04:52.237769" elapsed="0.651755"/>
</kw>
<kw name="Wait Until Page Contains" owner="SeleniumLibrary">
<arg>Đăng nhập</arg>
<doc>Waits until ``text`` appears on the current page.</doc>
<status status="PASS" start="2026-06-19T06:04:52.891060" elapsed="0.037176"/>
</kw>
<kw name="Wait Until Page Contains Element" owner="SeleniumLibrary">
<arg>${FIELD_LOGIN_EMAIL}</arg>
<doc>Waits until the element ``locator`` appears on the current page.</doc>
<status status="PASS" start="2026-06-19T06:04:52.928793" elapsed="0.032680"/>
</kw>
<status status="PASS" start="2026-06-19T06:04:52.237769" elapsed="0.723704"/>
</kw>
<kw name="Element Should Be Enabled" owner="SeleniumLibrary">
<arg>${BUTTON_LOGIN}</arg>
<doc>Verifies that element identified by ``locator`` is enabled.</doc>
<status status="PASS" start="2026-06-19T06:04:52.962484" elapsed="0.082133"/>
</kw>
<doc>Kiểm tra nút đăng nhập có thể click</doc>
<tag>auth</tag>
<tag>smoke</tag>
<status status="PASS" start="2026-06-19T06:04:52.237769" elapsed="0.806848"/>
</test>
<test id="s1-s1-t7" name="TC_AUTH_SMOKE_07: Nút Đăng Kí Enabled" line="59">
<kw name="Navigate To Register Page" owner="authentication_keywords">
<kw name="Go To" owner="SeleniumLibrary">
<msg time="2026-06-19T06:04:53.052680" level="INFO">Opening url 'https://football-booking-system-seven.vercel.app//register'</msg>
<arg>${URL}/register</arg>
<doc>Navigates the current browser window to the provided ``url``.</doc>
<status status="PASS" start="2026-06-19T06:04:53.052157" elapsed="0.669208"/>
</kw>
<kw name="Wait Until Page Contains" owner="SeleniumLibrary">
<arg>Đăng ký tài khoản</arg>
<doc>Waits until ``text`` appears on the current page.</doc>
<status status="PASS" start="2026-06-19T06:04:53.721365" elapsed="0.039206"/>
</kw>
<kw name="Wait Until Page Contains Element" owner="SeleniumLibrary">
<arg>${FIELD_REGISTER_NAME}</arg>
<doc>Waits until the element ``locator`` appears on the current page.</doc>
<status status="PASS" start="2026-06-19T06:04:53.761101" elapsed="0.022368"/>
</kw>
<status status="PASS" start="2026-06-19T06:04:53.051508" elapsed="0.732996"/>
</kw>
<kw name="Element Should Be Enabled" owner="SeleniumLibrary">
<arg>${BUTTON_REGISTER}</arg>
<doc>Verifies that element identified by ``locator`` is enabled.</doc>
<status status="PASS" start="2026-06-19T06:04:53.785127" elapsed="0.092203"/>
</kw>
<doc>Kiểm tra nút đăng kí có thể click</doc>
<tag>auth</tag>
<tag>smoke</tag>
<status status="PASS" start="2026-06-19T06:04:53.048759" elapsed="0.828571"/>
</test>
<test id="s1-s1-t8" name="TC_AUTH_SMOKE_08: Có Thể Quay Lại Từ Trang Đăng Nhập" line="65">
<kw name="Navigate To Login Page" owner="authentication_keywords">
<kw name="Go To" owner="SeleniumLibrary">
<msg time="2026-06-19T06:04:53.878898" level="INFO">Opening url 'https://football-booking-system-seven.vercel.app//login'</msg>
<arg>${URL}/login</arg>
<doc>Navigates the current browser window to the provided ``url``.</doc>
<status status="PASS" start="2026-06-19T06:04:53.878898" elapsed="0.688293"/>
</kw>
<kw name="Wait Until Page Contains" owner="SeleniumLibrary">
<arg>Đăng nhập</arg>
<doc>Waits until ``text`` appears on the current page.</doc>
<status status="PASS" start="2026-06-19T06:04:54.567459" elapsed="0.035885"/>
</kw>
<kw name="Wait Until Page Contains Element" owner="SeleniumLibrary">
<arg>${FIELD_LOGIN_EMAIL}</arg>
<doc>Waits until the element ``locator`` appears on the current page.</doc>
<status status="PASS" start="2026-06-19T06:04:54.604189" elapsed="0.025813"/>
</kw>
<status status="PASS" start="2026-06-19T06:04:53.878898" elapsed="0.751104"/>
</kw>
<kw name="Page Should Contain Element" owner="SeleniumLibrary">
<msg time="2026-06-19T06:04:55.142466" level="INFO" html="true">&lt;/td&gt;&lt;/tr&gt;&lt;tr&gt;&lt;td colspan="3"&gt;&lt;a href="screenshots/selenium-screenshot-2.png"&gt;&lt;img src="screenshots/selenium-screenshot-2.png" width="800px"&gt;&lt;/a&gt;</msg>
<msg time="2026-06-19T06:04:55.142466" level="FAIL">Page should have contained element 'xpath://a[contains(text(), 'Quay lại')]' but did not.</msg>
<arg>xpath://a[contains(text(), 'Quay lại')]</arg>
<doc>Verifies that element ``locator`` is found on the current page.</doc>
<status status="FAIL" start="2026-06-19T06:04:54.630515" elapsed="0.550864">Page should have contained element 'xpath://a[contains(text(), 'Quay lại')]' but did not.</status>
</kw>
<doc>Kiểm tra có link quay lại trang chủ</doc>
<tag>auth</tag>
<tag>smoke</tag>
<status status="FAIL" start="2026-06-19T06:04:53.878898" elapsed="1.302481">Page should have contained element 'xpath://a[contains(text(), 'Quay lại')]' but did not.</status>
</test>
<kw name="Close Browser Application" owner="booking_keywords" type="TEARDOWN">
<kw name="Close Browser" owner="SeleniumLibrary">
<doc>Closes the current browser.</doc>
<status status="PASS" start="2026-06-19T06:04:55.186891" elapsed="3.315763"/>
</kw>
<doc>Đóng browser</doc>
<status status="PASS" start="2026-06-19T06:04:55.184549" elapsed="3.319122"/>
</kw>
<doc>Smoke Tests - Kiểm tra Đăng Nhập/Đăng Kí</doc>
<status status="FAIL" start="2026-06-19T06:04:39.644627" elapsed="18.859044"/>
</suite>
<suite id="s1-s2" name="Authentication Flow Tests" source="D:\TestRobotFrameWork POM\tests\authentication\authentication_flow_tests.robot">
<kw name="Init Test Environment" owner="authentication_keywords" type="SETUP">
<kw name="Open Browser To Application" owner="booking_keywords">
<kw name="Open Browser" owner="SeleniumLibrary">
<msg time="2026-06-19T06:04:58.567446" level="INFO">Opening browser 'chrome' to base url 'https://football-booking-system-seven.vercel.app/'.</msg>
<arg>${URL}</arg>
<arg>${BROWSER}</arg>
<doc>Opens a new browser instance to the optional ``url``.</doc>
<status status="PASS" start="2026-06-19T06:04:58.567446" elapsed="3.637595"/>
</kw>
<kw name="Maximize Browser Window" owner="SeleniumLibrary">
<doc>Maximizes current browser window.</doc>
<status status="PASS" start="2026-06-19T06:05:02.206033" elapsed="0.105141"/>
</kw>
<kw name="Set Screenshot Directory" owner="SeleniumLibrary">
<arg>${OUTPUT DIR}${/}screenshots</arg>
<doc>Sets the directory for captured screenshots.</doc>
<status status="PASS" start="2026-06-19T06:05:02.311964" elapsed="0.000000"/>
</kw>
<kw name="Wait Until Page Contains" owner="SeleniumLibrary">
<arg>Football Booking</arg>
<arg>${TIMEOUT}</arg>
<doc>Waits until ``text`` appears on the current page.</doc>
<status status="PASS" start="2026-06-19T06:05:02.311964" elapsed="0.093009"/>
</kw>
<doc>Mở browser và truy cập website</doc>
<status status="PASS" start="2026-06-19T06:04:58.567446" elapsed="3.837527"/>
</kw>
<kw name="Delete All Cookies" owner="SeleniumLibrary">
<doc>Deletes all cookies.</doc>
<status status="PASS" start="2026-06-19T06:05:02.404973" elapsed="0.038034"/>
</kw>
<kw name="Generate Random User Data" owner="authentication_keywords">
<kw name="Generate Random String" owner="String">
<msg time="2026-06-19T06:05:02.445028" level="INFO">${random} = 392357</msg>
<var>${random}</var>
<arg>6</arg>
<arg>[NUMBERS]</arg>
<doc>Generates a string with a desired ``length`` from the given ``chars``.</doc>
<status status="PASS" start="2026-06-19T06:05:02.445028" elapsed="0.000000"/>
</kw>
<kw name="Generate Random String" owner="String">
<msg time="2026-06-19T06:05:02.447159" level="INFO">${email_rand} = uNybLbaR</msg>
<var>${email_rand}</var>
<arg>8</arg>
<arg>[LETTERS]</arg>
<doc>Generates a string with a desired ``length`` from the given ``chars``.</doc>
<status status="PASS" start="2026-06-19T06:05:02.445028" elapsed="0.002131"/>
</kw>
<kw name="Get Time" owner="BuiltIn">
<msg time="2026-06-19T06:05:02.449757" level="INFO">${timestamp} = 1781823902</msg>
<var>${timestamp}</var>
<arg>epoch</arg>
<doc>Returns the given time in the requested format.</doc>
<status status="PASS" start="2026-06-19T06:05:02.447159" elapsed="0.002787"/>
</kw>
<kw name="Convert To String" owner="BuiltIn">
<msg time="2026-06-19T06:05:02.450458" level="INFO">${timestamp_str} = 1781823902</msg>
<var>${timestamp_str}</var>
<arg>${timestamp}</arg>
<doc>Converts the given item to a Unicode string.</doc>
<status status="PASS" start="2026-06-19T06:05:02.450458" elapsed="0.000000"/>
</kw>
<kw name="Get Substring" owner="String">
<msg time="2026-06-19T06:05:02.450458" level="INFO">${short_ts} = 3902</msg>
<var>${short_ts}</var>
<arg>${timestamp_str}</arg>
<arg>-4</arg>
<doc>Returns a substring from ``start`` index to ``end`` index.</doc>
<status status="PASS" start="2026-06-19T06:05:02.450458" elapsed="0.000000"/>
</kw>
<kw name="Set Variable" owner="BuiltIn">
<msg time="2026-06-19T06:05:02.453363" level="INFO">${email} = test_uNybLbaR_1781823902@test.com</msg>
<var>${email}</var>
<arg>test_${email_rand}_${timestamp}@test.com</arg>
<doc>Returns the given values which can then be assigned to a variables.</doc>
<status status="PASS" start="2026-06-19T06:05:02.453363" elapsed="0.000000"/>
</kw>
<kw name="Set Variable" owner="BuiltIn">
<msg time="2026-06-19T06:05:02.454937" level="INFO">${user} = user_uNybLbaR_1781823902</msg>
<var>${user}</var>
<arg>user_${email_rand}_${timestamp}</arg>
<doc>Returns the given values which can then be assigned to a variables.</doc>
<status status="PASS" start="2026-06-19T06:05:02.454937" elapsed="0.000000"/>
</kw>
<kw name="Set Variable" owner="BuiltIn">
<msg time="2026-06-19T06:05:02.457009" level="INFO">${phone} = 093923573902</msg>
<var>${phone}</var>
<arg>09${random}${short_ts}</arg>
<doc>Returns the given values which can then be assigned to a variables.</doc>
<status status="PASS" start="2026-06-19T06:05:02.454937" elapsed="0.002072"/>
</kw>
<kw name="Set Variable" owner="BuiltIn">
<msg time="2026-06-19T06:05:02.457009" level="INFO">${password} = password123</msg>
<var>${password}</var>
<arg>password123</arg>
<doc>Returns the given values which can then be assigned to a variables.</doc>
<status status="PASS" start="2026-06-19T06:05:02.457009" elapsed="0.000000"/>
</kw>
<kw name="Set Suite Variable" owner="BuiltIn">
<msg time="2026-06-19T06:05:02.463902" level="INFO">${RANDOM_EMAIL} = test_uNybLbaR_1781823902@test.com</msg>
<arg>${RANDOM_EMAIL}</arg>
<arg>${email}</arg>
<doc>Makes a variable available everywhere within the scope of the current suite.</doc>
<status status="PASS" start="2026-06-19T06:05:02.457009" elapsed="0.006893"/>
</kw>
<kw name="Set Suite Variable" owner="BuiltIn">
<msg time="2026-06-19T06:05:02.471376" level="INFO">${RANDOM_USER} = user_uNybLbaR_1781823902</msg>
<arg>${RANDOM_USER}</arg>
<arg>${user}</arg>
<doc>Makes a variable available everywhere within the scope of the current suite.</doc>
<status status="PASS" start="2026-06-19T06:05:02.465756" elapsed="0.005620"/>
</kw>
<kw name="Set Suite Variable" owner="BuiltIn">
<msg time="2026-06-19T06:05:02.478782" level="INFO">${RANDOM_PHONE} = 093923573902</msg>
<arg>${RANDOM_PHONE}</arg>
<arg>${phone}</arg>
<doc>Makes a variable available everywhere within the scope of the current suite.</doc>
<status status="PASS" start="2026-06-19T06:05:02.474431" elapsed="0.004351"/>
</kw>
<kw name="Set Suite Variable" owner="BuiltIn">
<msg time="2026-06-19T06:05:02.485347" level="INFO">${RANDOM_PASSWORD} = password123</msg>
<arg>${RANDOM_PASSWORD}</arg>
<arg>${password}</arg>
<doc>Makes a variable available everywhere within the scope of the current suite.</doc>
<status status="PASS" start="2026-06-19T06:05:02.478782" elapsed="0.006565"/>
</kw>
<status status="PASS" start="2026-06-19T06:05:02.443007" elapsed="0.042340"/>
</kw>
<status status="PASS" start="2026-06-19T06:04:58.567446" elapsed="3.917901"/>
</kw>
<test id="s1-s2-t1" name="TC_AUTH_REG_01: Đăng Kí Thành Công Với Thông Tin Hợp Lệ" line="11">
<kw name="Register With Valid Data" owner="authentication_keywords">
<kw name="Navigate To Register Page" owner="authentication_keywords">
<kw name="Go To" owner="SeleniumLibrary">
<msg time="2026-06-19T06:05:02.491485" level="INFO">Opening url 'https://football-booking-system-seven.vercel.app//register'</msg>
<arg>${URL}/register</arg>
<doc>Navigates the current browser window to the provided ``url``.</doc>
<status status="PASS" start="2026-06-19T06:05:02.491485" elapsed="0.667427"/>
</kw>
<kw name="Wait Until Page Contains" owner="SeleniumLibrary">
<arg>Đăng ký tài khoản</arg>
<doc>Waits until ``text`` appears on the current page.</doc>
<status status="PASS" start="2026-06-19T06:05:03.160029" elapsed="0.068904"/>
</kw>
<kw name="Wait Until Page Contains Element" owner="SeleniumLibrary">
<arg>${FIELD_REGISTER_NAME}</arg>
<doc>Waits until the element ``locator`` appears on the current page.</doc>
<status status="PASS" start="2026-06-19T06:05:03.228933" elapsed="0.038101"/>
</kw>
<status status="PASS" start="2026-06-19T06:05:02.490924" elapsed="0.776110"/>
</kw>
<kw name="Fill Register Form" owner="authentication_keywords">
<kw name="Input Text" owner="SeleniumLibrary">
<msg time="2026-06-19T06:05:03.267590" level="INFO">Typing text 'user_uNybLbaR_1781823902' into text field 'xpath://input[@id='fullname']'.</msg>
<arg>${FIELD_REGISTER_NAME}</arg>
<arg>${name}</arg>
<doc>Types the given ``text`` into the text field identified by ``locator``.</doc>
<status status="PASS" start="2026-06-19T06:05:03.267590" elapsed="0.428102"/>
</kw>
<kw name="Input Text" owner="SeleniumLibrary">
<msg time="2026-06-19T06:05:03.698727" level="INFO">Typing text 'test_uNybLbaR_1781823902@test.com' into text field 'xpath://input[@id='email']'.</msg>
<arg>${FIELD_REGISTER_EMAIL}</arg>
<arg>${email}</arg>
<doc>Types the given ``text`` into the text field identified by ``locator``.</doc>
<status status="PASS" start="2026-06-19T06:05:03.695692" elapsed="0.313373"/>
</kw>
<kw name="Input Text" owner="SeleniumLibrary">
<msg time="2026-06-19T06:05:04.009943" level="INFO">Typing text '093923573902' into text field 'xpath://input[@id='phone']'.</msg>
<arg>${FIELD_REGISTER_PHONE}</arg>
<arg>${phone}</arg>
<doc>Types the given ``text`` into the text field identified by ``locator``.</doc>
<status status="PASS" start="2026-06-19T06:05:04.009943" elapsed="0.305803"/>
</kw>
<kw name="Input Text" owner="SeleniumLibrary">
<msg time="2026-06-19T06:05:04.317273" level="INFO">Typing text 'password123' into text field 'xpath://input[@id='password']'.</msg>
<arg>${FIELD_REGISTER_PASSWORD}</arg>
<arg>${password}</arg>
<doc>Types the given ``text`` into the text field identified by ``locator``.</doc>
<status status="PASS" start="2026-06-19T06:05:04.317273" elapsed="0.288761"/>
</kw>
<kw name="Input Text" owner="SeleniumLibrary">
<msg time="2026-06-19T06:05:04.607851" level="INFO">Typing text 'password123' into text field 'xpath://input[@id='confirmPassword']'.</msg>
<arg>${FIELD_REGISTER_PASSWORD_CONFIRM}</arg>
<arg>${password_confirm}</arg>
<doc>Types the given ``text`` into the text field identified by ``locator``.</doc>
<status status="PASS" start="2026-06-19T06:05:04.607851" elapsed="0.287801"/>
</kw>
<arg>${name}</arg>
<arg>${email}</arg>
<arg>${phone}</arg>
<arg>${password}</arg>
<arg>${password}</arg>
<doc>Điền form đăng kí</doc>
<status status="PASS" start="2026-06-19T06:05:03.267590" elapsed="1.628062"/>
</kw>
<kw name="Click Register Button" owner="authentication_keywords">
<kw name="Click Element" owner="SeleniumLibrary">
<msg time="2026-06-19T06:05:04.898416" level="INFO">Clicking element 'xpath://button[@type='submit']'.</msg>
<arg>${BUTTON_REGISTER}</arg>
<doc>Click the element identified by ``locator``.</doc>
<status status="PASS" start="2026-06-19T06:05:04.895652" elapsed="0.322009"/>
</kw>
<kw name="Wait Until Element Is Visible" owner="SeleniumLibrary">
<arg>xpath=//p[contains(@class,'text-green-600')]</arg>
<arg>10s</arg>
<doc>Waits until the element ``locator`` is visible.</doc>
<status status="PASS" start="2026-06-19T06:05:05.217661" elapsed="1.914018"/>
</kw>
<status status="PASS" start="2026-06-19T06:05:04.895652" elapsed="2.236027"/>
</kw>
<arg>${RANDOM_USER}</arg>
<arg>${RANDOM_EMAIL}</arg>
<arg>${RANDOM_PHONE}</arg>
<arg>${RANDOM_PASSWORD}</arg>
<doc>Đăng kí với dữ liệu hợp lệ</doc>
<status status="PASS" start="2026-06-19T06:05:02.485347" elapsed="4.646332"/>
</kw>
<kw name="Wait Until Page Contains" owner="SeleniumLibrary">
<arg>Đăng ký thành công</arg>
<arg>10s</arg>
<doc>Waits until ``text`` appears on the current page.</doc>
<status status="PASS" start="2026-06-19T06:05:07.131679" elapsed="0.070190"/>
</kw>
<kw name="Wait Until Location Contains" owner="SeleniumLibrary">
<arg>/login</arg>
<arg>15s</arg>
<doc>Waits until the current URL contains ``expected``.</doc>
<status status="PASS" start="2026-06-19T06:05:07.202601" elapsed="0.472473"/>
</kw>
<doc>Kiểm tra đăng kí với thông tin hợp lệ</doc>
<tag>auth</tag>
<tag>regression</tag>
<status status="PASS" start="2026-06-19T06:05:02.485347" elapsed="5.191131"/>
</test>
<test id="s1-s2-t2" name="TC_AUTH_REG_02: Đăng Nhập Thành Công Với Thông Tin Hợp Lệ" line="25">
<kw name="Login With Valid Credentials" owner="authentication_keywords">
<kw name="Navigate To Login Page" owner="authentication_keywords">
<kw name="Go To" owner="SeleniumLibrary">
<msg time="2026-06-19T06:05:07.681794" level="INFO">Opening url 'https://football-booking-system-seven.vercel.app//login'</msg>
<arg>${URL}/login</arg>
<doc>Navigates the current browser window to the provided ``url``.</doc>
<status status="PASS" start="2026-06-19T06:05:07.681794" elapsed="0.686106"/>
</kw>
<kw name="Wait Until Page Contains" owner="SeleniumLibrary">
<arg>Đăng nhập</arg>
<doc>Waits until ``text`` appears on the current page.</doc>
<status status="PASS" start="2026-06-19T06:05:08.369163" elapsed="0.048123"/>
</kw>
<kw name="Wait Until Page Contains Element" owner="SeleniumLibrary">
<arg>${FIELD_LOGIN_EMAIL}</arg>
<doc>Waits until the element ``locator`` appears on the current page.</doc>
<status status="PASS" start="2026-06-19T06:05:08.417286" elapsed="0.039305"/>
</kw>
<status status="PASS" start="2026-06-19T06:05:07.681794" elapsed="0.774797"/>
</kw>
<kw name="Enter Login Email" owner="authentication_keywords">
<kw name="Input Text" owner="SeleniumLibrary">
<msg time="2026-06-19T06:05:08.459115" level="INFO">Typing text 'test_uNybLbaR_1781823902@test.com' into text field 'xpath://input[@placeholder='name@example.com']'.</msg>
<arg>${FIELD_LOGIN_EMAIL}</arg>
<arg>${email}</arg>
<doc>Types the given ``text`` into the text field identified by ``locator``.</doc>
<status status="PASS" start="2026-06-19T06:05:08.459115" elapsed="0.355730"/>
</kw>
<arg>${email}</arg>
<doc>Nhập email đăng nhập</doc>
<status status="PASS" start="2026-06-19T06:05:08.456591" elapsed="0.358254"/>
</kw>
<kw name="Enter Login Password" owner="authentication_keywords">
<kw name="Input Text" owner="SeleniumLibrary">
<msg time="2026-06-19T06:05:08.816097" level="INFO">Typing text 'password123' into text field 'xpath://input[@placeholder='Nhập mật khẩu']'.</msg>
<arg>${FIELD_LOGIN_PASSWORD}</arg>
<arg>${password}</arg>
<doc>Types the given ``text`` into the text field identified by ``locator``.</doc>
<status status="PASS" start="2026-06-19T06:05:08.816097" elapsed="0.289120"/>
</kw>
<arg>${password}</arg>
<doc>Nhập mật khẩu đăng nhập</doc>
<status status="PASS" start="2026-06-19T06:05:08.814845" elapsed="0.292009"/>
</kw>
<kw name="Click Login Button" owner="authentication_keywords">
<kw name="Click Element" owner="SeleniumLibrary">
<msg time="2026-06-19T06:05:09.108635" level="INFO">Clicking element 'xpath://button[contains(@class, 'login-button')]'.</msg>
<arg>${BUTTON_LOGIN}</arg>
<doc>Click the element identified by ``locator``.</doc>
<status status="PASS" start="2026-06-19T06:05:09.106854" elapsed="0.234157"/>
</kw>
<kw name="Run Keyword And Ignore Error" owner="BuiltIn">
<kw name="Handle Any Alert" owner="authentication_keywords">
<kw name="Run Keyword And Return Status" owner="BuiltIn">
<kw name="Alert Should Be Present" owner="SeleniumLibrary">
<msg time="2026-06-19T06:05:09.343143" level="INFO">HANDLE::&lt;class 'NoneType'&gt;::None</msg>
<doc>Verifies that an alert is present and by default, accepts it.</doc>
<status status="PASS" start="2026-06-19T06:05:09.343143" elapsed="2.601779"/>
</kw>
<msg time="2026-06-19T06:05:11.944922" level="INFO">${status} = True</msg>
<var>${status}</var>
<arg>Alert Should Be Present</arg>
<doc>Runs the given keyword with given arguments and returns the status as a Boolean value.</doc>
<status status="PASS" start="2026-06-19T06:05:09.343143" elapsed="2.601779"/>
</kw>
<if>
<branch type="IF" condition="${status}">
<kw name="Handle Alert" owner="SeleniumLibrary">
<msg time="2026-06-19T06:05:11.945986" level="INFO">HANDLE::&lt;class 'NoneType'&gt;::None</msg>
<msg time="2026-06-19T06:05:17.855145" level="INFO" html="true">&lt;/td&gt;&lt;/tr&gt;&lt;tr&gt;&lt;td colspan="3"&gt;&lt;a href="screenshots/selenium-screenshot-3.png"&gt;&lt;img src="screenshots/selenium-screenshot-3.png" width="800px"&gt;&lt;/a&gt;</msg>
<msg time="2026-06-19T06:05:17.855145" level="FAIL">Alert not found in 5 seconds.</msg>
<var>${text}</var>
<doc>Handles the current alert and returns its message.</doc>
<status status="FAIL" start="2026-06-19T06:05:11.945986" elapsed="5.921876">Alert not found in 5 seconds.</status>
</kw>
<kw name="Log" owner="BuiltIn">
<arg>ALERT: ${text}</arg>
<doc>Logs the given message with the given level.</doc>
<status status="NOT RUN" start="2026-06-19T06:05:17.867862" elapsed="0.000000"/>
</kw>
<status status="FAIL" start="2026-06-19T06:05:11.944922" elapsed="5.925632">Alert not found in 5 seconds.</status>
</branch>
<status status="FAIL" start="2026-06-19T06:05:11.944922" elapsed="5.925632">Alert not found in 5 seconds.</status>
</if>
<status status="FAIL" start="2026-06-19T06:05:09.342090" elapsed="8.528464">Alert not found in 5 seconds.</status>
</kw>
<arg>Handle Any Alert</arg>
<doc>Runs the given keyword with the given arguments and ignores possible error.</doc>
<status status="PASS" start="2026-06-19T06:05:09.341552" elapsed="8.529002"/>
</kw>
<status status="PASS" start="2026-06-19T06:05:09.106854" elapsed="8.763700"/>
</kw>
<arg>${RANDOM_EMAIL}</arg>
<arg>${RANDOM_PASSWORD}</arg>
<doc>Đăng nhập với email và mật khẩu hợp lệ</doc>
<status status="PASS" start="2026-06-19T06:05:07.680264" elapsed="10.191314"/>
</kw>
<kw name="Wait Until Page Contains" owner="SeleniumLibrary">
<arg>Xin chào</arg>
<arg>15s</arg>
<doc>Waits until ``text`` appears on the current page.</doc>
<status status="PASS" start="2026-06-19T06:05:17.871578" elapsed="0.052808"/>
</kw>
<doc>Kiểm tra đăng nhập bằng tài khoản vừa đăng ký</doc>
<tag>auth</tag>
<tag>regression</tag>
<status status="PASS" start="2026-06-19T06:05:07.678557" elapsed="10.247007"/>
</test>
<test id="s1-s2-t3" name="TC_AUTH_REG_03: Sau Khi Đăng Nhập Có Thể Đặt Sân" line="36">
<kw name="Login With Valid Credentials" owner="authentication_keywords">
<kw name="Navigate To Login Page" owner="authentication_keywords">
<kw name="Go To" owner="SeleniumLibrary">
<msg time="2026-06-19T06:05:17.934355" level="INFO">Opening url 'https://football-booking-system-seven.vercel.app//login'</msg>
<arg>${URL}/login</arg>
<doc>Navigates the current browser window to the provided ``url``.</doc>
<status status="PASS" start="2026-06-19T06:05:17.934355" elapsed="0.889074"/>
</kw>
<kw name="Wait Until Page Contains" owner="SeleniumLibrary">
<arg>Đăng nhập</arg>
<doc>Waits until ``text`` appears on the current page.</doc>
<status status="PASS" start="2026-06-19T06:05:18.824436" elapsed="0.155093"/>
</kw>
<kw name="Wait Until Page Contains Element" owner="SeleniumLibrary">
<arg>${FIELD_LOGIN_EMAIL}</arg>
<doc>Waits until the element ``locator`` appears on the current page.</doc>
<status status="PASS" start="2026-06-19T06:05:18.979529" elapsed="0.033484"/>
</kw>
<status status="PASS" start="2026-06-19T06:05:17.931293" elapsed="1.082617"/>
</kw>
<kw name="Enter Login Email" owner="authentication_keywords">
<kw name="Input Text" owner="SeleniumLibrary">
<msg time="2026-06-19T06:05:19.015164" level="INFO">Typing text 'test_uNybLbaR_1781823902@test.com' into text field 'xpath://input[@placeholder='name@example.com']'.</msg>
<arg>${FIELD_LOGIN_EMAIL}</arg>
<arg>${email}</arg>
<doc>Types the given ``text`` into the text field identified by ``locator``.</doc>
<status status="PASS" start="2026-06-19T06:05:19.015164" elapsed="0.367081"/>
</kw>
<arg>${email}</arg>
<doc>Nhập email đăng nhập</doc>
<status status="PASS" start="2026-06-19T06:05:19.014025" elapsed="0.368220"/>
</kw>
<kw name="Enter Login Password" owner="authentication_keywords">
<kw name="Input Text" owner="SeleniumLibrary">
<msg time="2026-06-19T06:05:19.384936" level="INFO">Typing text 'password123' into text field 'xpath://input[@placeholder='Nhập mật khẩu']'.</msg>
<arg>${FIELD_LOGIN_PASSWORD}</arg>
<arg>${password}</arg>
<doc>Types the given ``text`` into the text field identified by ``locator``.</doc>
<status status="PASS" start="2026-06-19T06:05:19.384936" elapsed="0.274793"/>
</kw>
<arg>${password}</arg>
<doc>Nhập mật khẩu đăng nhập</doc>
<status status="PASS" start="2026-06-19T06:05:19.384270" elapsed="0.275459"/>
</kw>
<kw name="Click Login Button" owner="authentication_keywords">
<kw name="Click Element" owner="SeleniumLibrary">
<msg time="2026-06-19T06:05:19.661848" level="INFO">Clicking element 'xpath://button[contains(@class, 'login-button')]'.</msg>
<arg>${BUTTON_LOGIN}</arg>
<doc>Click the element identified by ``locator``.</doc>
<status status="PASS" start="2026-06-19T06:05:19.661848" elapsed="0.222613"/>
</kw>
<kw name="Run Keyword And Ignore Error" owner="BuiltIn">
<kw name="Handle Any Alert" owner="authentication_keywords">
<kw name="Run Keyword And Return Status" owner="BuiltIn">
<kw name="Alert Should Be Present" owner="SeleniumLibrary">
<msg time="2026-06-19T06:05:19.884461" level="INFO">HANDLE::&lt;class 'NoneType'&gt;::None</msg>
<doc>Verifies that an alert is present and by default, accepts it.</doc>
<status status="PASS" start="2026-06-19T06:05:19.884461" elapsed="2.053147"/>
</kw>
<msg time="2026-06-19T06:05:21.937608" level="INFO">${status} = True</msg>
<var>${status}</var>
<arg>Alert Should Be Present</arg>
<doc>Runs the given keyword with given arguments and returns the status as a Boolean value.</doc>
<status status="PASS" start="2026-06-19T06:05:19.884461" elapsed="2.053147"/>
</kw>
<if>
<branch type="IF" condition="${status}">
<kw name="Handle Alert" owner="SeleniumLibrary">
<msg time="2026-06-19T06:05:21.940648" level="INFO">HANDLE::&lt;class 'NoneType'&gt;::None</msg>
<msg time="2026-06-19T06:05:27.812425" level="INFO" html="true">&lt;/td&gt;&lt;/tr&gt;&lt;tr&gt;&lt;td colspan="3"&gt;&lt;a href="screenshots/selenium-screenshot-4.png"&gt;&lt;img src="screenshots/selenium-screenshot-4.png" width="800px"&gt;&lt;/a&gt;</msg>
<msg time="2026-06-19T06:05:27.812938" level="FAIL">Alert not found in 5 seconds.</msg>
<var>${text}</var>
<doc>Handles the current alert and returns its message.</doc>
<status status="FAIL" start="2026-06-19T06:05:21.937608" elapsed="5.875330">Alert not found in 5 seconds.</status>
</kw>
<kw name="Log" owner="BuiltIn">
<arg>ALERT: ${text}</arg>
<doc>Logs the given message with the given level.</doc>
<status status="NOT RUN" start="2026-06-19T06:05:27.812938" elapsed="0.000000"/>
</kw>
<status status="FAIL" start="2026-06-19T06:05:21.937608" elapsed="5.875330">Alert not found in 5 seconds.</status>
</branch>
<status status="FAIL" start="2026-06-19T06:05:21.937608" elapsed="5.875330">Alert not found in 5 seconds.</status>
</if>
<status status="FAIL" start="2026-06-19T06:05:19.884461" elapsed="7.928477">Alert not found in 5 seconds.</status>
</kw>
<arg>Handle Any Alert</arg>
<doc>Runs the given keyword with the given arguments and ignores possible error.</doc>
<status status="PASS" start="2026-06-19T06:05:19.884461" elapsed="7.928477"/>
</kw>
<status status="PASS" start="2026-06-19T06:05:19.660787" elapsed="8.152151"/>
</kw>
<arg>${RANDOM_EMAIL}</arg>
<arg>${RANDOM_PASSWORD}</arg>
<doc>Đăng nhập với email và mật khẩu hợp lệ</doc>
<status status="PASS" start="2026-06-19T06:05:17.930355" elapsed="9.882583"/>
</kw>
<kw name="Wait Until Page Contains" owner="SeleniumLibrary">
<arg>Xin chào</arg>
<arg>15s</arg>
<doc>Waits until ``text`` appears on the current page.</doc>
<status status="PASS" start="2026-06-19T06:05:27.812938" elapsed="0.036524"/>
</kw>
<kw name="Navigate To Booking Page" owner="booking_keywords">
<kw name="Navigate To Pitches Page" owner="booking_keywords">
<kw name="Go To" owner="SeleniumLibrary">
<msg time="2026-06-19T06:05:27.853246" level="INFO">Opening url 'https://football-booking-system-seven.vercel.app//fields'</msg>
<arg>${URL}/fields</arg>
<doc>Navigates the current browser window to the provided ``url``.</doc>
<status status="PASS" start="2026-06-19T06:05:27.853246" elapsed="0.451650"/>
</kw>
<kw name="Sleep" owner="BuiltIn">
<msg time="2026-06-19T06:05:31.305156" level="INFO">Slept 3 seconds.</msg>
<arg>3s</arg>
<doc>Pauses the test executed for the given time.</doc>
<status status="PASS" start="2026-06-19T06:05:28.304896" elapsed="3.000260"/>
</kw>
<kw name="Wait Until Element Is Visible" owner="SeleniumLibrary">
<arg>xpath=(//a[contains(text(),'Xem chi tiết')])[1]</arg>
<arg>20s</arg>
<doc>Waits until the element ``locator`` is visible.</doc>
<status status="PASS" start="2026-06-19T06:05:31.305156" elapsed="0.069663"/>
</kw>
<kw name="Scroll Element Into View" owner="SeleniumLibrary">
<arg>xpath=(//a[contains(text(),'Xem chi tiết')])[1]</arg>
<doc>Scrolls the element identified by ``locator`` into view.</doc>
<status status="PASS" start="2026-06-19T06:05:31.374970" elapsed="0.329930"/>
</kw>
<kw name="Sleep" owner="BuiltIn">
<msg time="2026-06-19T06:05:32.705289" level="INFO">Slept 1 second.</msg>
<arg>1s</arg>
<doc>Pauses the test executed for the given time.</doc>
<status status="PASS" start="2026-06-19T06:05:31.704900" elapsed="1.000389"/>
</kw>
<status status="PASS" start="2026-06-19T06:05:27.851119" elapsed="4.854170"/>
</kw>
<kw name="Wait Until Element Is Visible" owner="SeleniumLibrary">
<arg>xpath=(//a[contains(text(),'Xem chi tiết')])[1]</arg>
<arg>${TIMEOUT}</arg>
<doc>Waits until the element ``locator`` is visible.</doc>
<status status="PASS" start="2026-06-19T06:05:32.705289" elapsed="0.047526"/>
</kw>
<kw name="Click Element" owner="SeleniumLibrary">
<msg time="2026-06-19T06:05:32.753339" level="INFO">Clicking element 'xpath=(//a[contains(text(),'Xem chi tiết')])[1]'.</msg>
<arg>xpath=(//a[contains(text(),'Xem chi tiết')])[1]</arg>
<doc>Click the element identified by ``locator``.</doc>
<status status="PASS" start="2026-06-19T06:05:32.753339" elapsed="0.253146"/>
</kw>
<kw name="Wait Until Page Contains" owner="SeleniumLibrary">
<arg>Lịch đặt sân</arg>
<arg>${TIMEOUT}</arg>
<doc>Waits until ``text`` appears on the current page.</doc>
<status status="PASS" start="2026-06-19T06:05:33.007730" elapsed="1.163899"/>
</kw>
<kw name="Wait Until Element Is Visible" owner="SeleniumLibrary">
<arg>xpath=//span[contains(text(),'Chưa chọn')]</arg>
<arg>${TIMEOUT}</arg>
<doc>Waits until the element ``locator`` is visible.</doc>
<status status="PASS" start="2026-06-19T06:05:34.171629" elapsed="0.128960"/>
</kw>
<kw name="Click Element" owner="SeleniumLibrary">
<msg time="2026-06-19T06:05:34.300589" level="INFO">Clicking element 'xpath=//span[contains(text(),'Chưa chọn')]'.</msg>
<arg>xpath=//span[contains(text(),'Chưa chọn')]</arg>
<doc>Click the element identified by ``locator``.</doc>
<status status="PASS" start="2026-06-19T06:05:34.300589" elapsed="0.253988"/>
</kw>
<kw name="Sleep" owner="BuiltIn">
<msg time="2026-06-19T06:05:36.556021" level="INFO">Slept 2 seconds.</msg>
<arg>2s</arg>
<doc>Pauses the test executed for the given time.</doc>
<status status="PASS" start="2026-06-19T06:05:34.554577" elapsed="2.002000"/>
</kw>
<kw name="Wait Until Element Is Visible" owner="SeleniumLibrary">
<msg time="2026-06-19T06:05:46.828957" level="INFO" html="true">&lt;/td&gt;&lt;/tr&gt;&lt;tr&gt;&lt;td colspan="3"&gt;&lt;a href="screenshots/selenium-screenshot-5.png"&gt;&lt;img src="screenshots/selenium-screenshot-5.png" width="800px"&gt;&lt;/a&gt;</msg>
<msg time="2026-06-19T06:05:46.828957" level="FAIL">Element 'xpath=(//button[contains(@class,'bf-slot-btn')])[1]' not visible after 10 seconds.</msg>
<arg>xpath=(//button[contains(@class,'bf-slot-btn')])[1]</arg>
<arg>${TIMEOUT}</arg>
<doc>Waits until the element ``locator`` is visible.</doc>
<status status="FAIL" start="2026-06-19T06:05:36.556577" elapsed="10.277822">Element 'xpath=(//button[contains(@class,'bf-slot-btn')])[1]' not visible after 10 seconds.</status>
</kw>
<kw name="Click Element" owner="SeleniumLibrary">
<arg>xpath=(//button[contains(@class,'bf-slot-btn')])[1]</arg>
<doc>Click the element identified by ``locator``.</doc>
<status status="NOT RUN" start="2026-06-19T06:05:46.836527" elapsed="0.000000"/>
</kw>
<kw name="Sleep" owner="BuiltIn">
<arg>2s</arg>
<doc>Pauses the test executed for the given time.</doc>
<status status="NOT RUN" start="2026-06-19T06:05:46.836527" elapsed="0.000000"/>
</kw>
<kw name="Get Text" owner="SeleniumLibrary">
<var>${slot_text}</var>
<arg>xpath=//span[contains(@class,'text-slate-900')]</arg>
<doc>Returns the text value of the element identified by ``locator``.</doc>
<status status="NOT RUN" start="2026-06-19T06:05:46.836527" elapsed="0.000000"/>
</kw>
<kw name="Log To Console" owner="BuiltIn">
<arg>SLOT_SELECTED=${slot_text}</arg>
<doc>Logs the given message to the console.</doc>
<status status="NOT RUN" start="2026-06-19T06:05:46.836527" elapsed="0.000000"/>
</kw>
<kw name="Capture Page Screenshot" owner="SeleniumLibrary">
<doc>Takes a screenshot of the current page and embeds it into a log file.</doc>
<status status="NOT RUN" start="2026-06-19T06:05:46.838039" elapsed="0.000000"/>
</kw>
<kw name="Get Text" owner="SeleniumLibrary">
<var>${selected}</var>
<arg>xpath=//span[contains(@class,'text-slate-900')]</arg>
<doc>Returns the text value of the element identified by ``locator``.</doc>
<status status="NOT RUN" start="2026-06-19T06:05:46.838039" elapsed="0.000000"/>
</kw>
<kw name="Log To Console" owner="BuiltIn">
<arg>SELECTED_SLOT=${selected}</arg>
<doc>Logs the given message to the console.</doc>
<status status="NOT RUN" start="2026-06-19T06:05:46.838039" elapsed="0.000000"/>
</kw>
<kw name="Scroll Element Into View" owner="SeleniumLibrary">
<arg>xpath=//a[contains(.,'Tiến hành đặt sân')]</arg>
<doc>Scrolls the element identified by ``locator`` into view.</doc>
<status status="NOT RUN" start="2026-06-19T06:05:46.838039" elapsed="0.000000"/>
</kw>
<kw name="Sleep" owner="BuiltIn">
<arg>2s</arg>
<doc>Pauses the test executed for the given time.</doc>
<status status="NOT RUN" start="2026-06-19T06:05:46.838039" elapsed="0.001365"/>
</kw>
<kw name="Click Link" owner="SeleniumLibrary">
<arg>xpath=//a[contains(.,'Tiến hành đặt sân')]</arg>
<doc>Clicks a link identified by ``locator``.</doc>
<status status="NOT RUN" start="2026-06-19T06:05:46.839404" elapsed="0.000000"/>
</kw>
<kw name="Wait Until Page Contains" owner="SeleniumLibrary">
<arg>Xác nhận đặt sân</arg>
<arg>${TIMEOUT}</arg>
<doc>Waits until ``text`` appears on the current page.</doc>
<status status="NOT RUN" start="2026-06-19T06:05:46.839404" elapsed="0.000000"/>
</kw>
<doc>Điều hướng tới trang booking theo luồng thực tế</doc>
<status status="FAIL" start="2026-06-19T06:05:27.851119" elapsed="18.988285">Element 'xpath=(//button[contains(@class,'bf-slot-btn')])[1]' not visible after 10 seconds.</status>
</kw>
<kw name="Wait Until Location Contains" owner="SeleniumLibrary">
<arg>/booking</arg>
<arg>10s</arg>
<doc>Waits until the current URL contains ``expected``.</doc>
<status status="NOT RUN" start="2026-06-19T06:05:46.840936" elapsed="0.000544"/>
</kw>
<kw name="Wait Until Page Contains" owner="SeleniumLibrary">
<arg>Thông tin khách hàng</arg>
<arg>10s</arg>
<doc>Waits until ``text`` appears on the current page.</doc>
<status status="NOT RUN" start="2026-06-19T06:05:46.841480" elapsed="0.000000"/>
</kw>
<doc>Kiểm tra user đã đăng nhập có thể đặt sân</doc>
<tag>auth</tag>
<tag>regression</tag>
<status status="FAIL" start="2026-06-19T06:05:17.927616" elapsed="28.913864">Element 'xpath=(//button[contains(@class,'bf-slot-btn')])[1]' not visible after 10 seconds.</status>
</test>
<test id="s1-s2-t4" name="TC_AUTH_REG_04: Đăng Xuất Thành Công" line="52">
<kw name="Login With Valid Credentials" owner="authentication_keywords">
<kw name="Navigate To Login Page" owner="authentication_keywords">
<kw name="Go To" owner="SeleniumLibrary">
<msg time="2026-06-19T06:05:46.848441" level="INFO">Opening url 'https://football-booking-system-seven.vercel.app//login'</msg>
<arg>${URL}/login</arg>
<doc>Navigates the current browser window to the provided ``url``.</doc>
<status status="PASS" start="2026-06-19T06:05:46.847101" elapsed="0.501294"/>
</kw>
<kw name="Wait Until Page Contains" owner="SeleniumLibrary">
<arg>Đăng nhập</arg>
<doc>Waits until ``text`` appears on the current page.</doc>
<status status="PASS" start="2026-06-19T06:05:47.348395" elapsed="0.168861"/>
</kw>
<kw name="Wait Until Page Contains Element" owner="SeleniumLibrary">
<arg>${FIELD_LOGIN_EMAIL}</arg>
<doc>Waits until the element ``locator`` appears on the current page.</doc>
<status status="PASS" start="2026-06-19T06:05:47.517256" elapsed="0.023957"/>
</kw>
<status status="PASS" start="2026-06-19T06:05:46.847101" elapsed="0.694112"/>
</kw>
<kw name="Enter Login Email" owner="authentication_keywords">
<kw name="Input Text" owner="SeleniumLibrary">
<msg time="2026-06-19T06:05:47.541213" level="INFO">Typing text 'test_uNybLbaR_1781823902@test.com' into text field 'xpath://input[@placeholder='name@example.com']'.</msg>
<arg>${FIELD_LOGIN_EMAIL}</arg>
<arg>${email}</arg>
<doc>Types the given ``text`` into the text field identified by ``locator``.</doc>
<status status="PASS" start="2026-06-19T06:05:47.541213" elapsed="0.322048"/>
</kw>
<arg>${email}</arg>
<doc>Nhập email đăng nhập</doc>
<status status="PASS" start="2026-06-19T06:05:47.541213" elapsed="0.322584"/>
</kw>
<kw name="Enter Login Password" owner="authentication_keywords">
<kw name="Input Text" owner="SeleniumLibrary">
<msg time="2026-06-19T06:05:47.863797" level="INFO">Typing text 'password123' into text field 'xpath://input[@placeholder='Nhập mật khẩu']'.</msg>
<arg>${FIELD_LOGIN_PASSWORD}</arg>
<arg>${password}</arg>
<doc>Types the given ``text`` into the text field identified by ``locator``.</doc>
<status status="PASS" start="2026-06-19T06:05:47.863797" elapsed="0.270670"/>
</kw>
<arg>${password}</arg>
<doc>Nhập mật khẩu đăng nhập</doc>
<status status="PASS" start="2026-06-19T06:05:47.863797" elapsed="0.270670"/>
</kw>
<kw name="Click Login Button" owner="authentication_keywords">
<kw name="Click Element" owner="SeleniumLibrary">
<msg time="2026-06-19T06:05:48.134467" level="INFO">Clicking element 'xpath://button[contains(@class, 'login-button')]'.</msg>
<arg>${BUTTON_LOGIN}</arg>
<doc>Click the element identified by ``locator``.</doc>
<status status="PASS" start="2026-06-19T06:05:48.134467" elapsed="0.191695"/>
</kw>
<kw name="Run Keyword And Ignore Error" owner="BuiltIn">
<kw name="Handle Any Alert" owner="authentication_keywords">
<kw name="Run Keyword And Return Status" owner="BuiltIn">
<kw name="Alert Should Be Present" owner="SeleniumLibrary">
<msg time="2026-06-19T06:05:48.329009" level="INFO">HANDLE::&lt;class 'NoneType'&gt;::None</msg>
<doc>Verifies that an alert is present and by default, accepts it.</doc>
<status status="PASS" start="2026-06-19T06:05:48.328332" elapsed="2.050675"/>
</kw>
<msg time="2026-06-19T06:05:50.379007" level="INFO">${status} = True</msg>
<var>${status}</var>
<arg>Alert Should Be Present</arg>
<doc>Runs the given keyword with given arguments and returns the status as a Boolean value.</doc>
<status status="PASS" start="2026-06-19T06:05:48.327771" elapsed="2.051236"/>
</kw>
<if>
<branch type="IF" condition="${status}">
<kw name="Handle Alert" owner="SeleniumLibrary">
<msg time="2026-06-19T06:05:50.381728" level="INFO">HANDLE::&lt;class 'NoneType'&gt;::None</msg>
<msg time="2026-06-19T06:05:56.155064" level="INFO" html="true">&lt;/td&gt;&lt;/tr&gt;&lt;tr&gt;&lt;td colspan="3"&gt;&lt;a href="screenshots/selenium-screenshot-6.png"&gt;&lt;img src="screenshots/selenium-screenshot-6.png" width="800px"&gt;&lt;/a&gt;</msg>
<msg time="2026-06-19T06:05:56.155064" level="FAIL">Alert not found in 5 seconds.</msg>
<var>${text}</var>
<doc>Handles the current alert and returns its message.</doc>
<status status="FAIL" start="2026-06-19T06:05:50.381192" elapsed="5.775009">Alert not found in 5 seconds.</status>
</kw>
<kw name="Log" owner="BuiltIn">
<arg>ALERT: ${text}</arg>
<doc>Logs the given message with the given level.</doc>
<status status="NOT RUN" start="2026-06-19T06:05:56.156201" elapsed="0.000000"/>
</kw>
<status status="FAIL" start="2026-06-19T06:05:50.379007" elapsed="5.777194">Alert not found in 5 seconds.</status>
</branch>
<status status="FAIL" start="2026-06-19T06:05:50.379007" elapsed="5.777194">Alert not found in 5 seconds.</status>
</if>
<status status="FAIL" start="2026-06-19T06:05:48.327195" elapsed="7.829006">Alert not found in 5 seconds.</status>
</kw>
<arg>Handle Any Alert</arg>
<doc>Runs the given keyword with the given arguments and ignores possible error.</doc>
<status status="PASS" start="2026-06-19T06:05:48.326162" elapsed="7.830039"/>
</kw>
<status status="PASS" start="2026-06-19T06:05:48.134467" elapsed="8.024252"/>
</kw>
<arg>${RANDOM_EMAIL}</arg>
<arg>${RANDOM_PASSWORD}</arg>
<doc>Đăng nhập với email và mật khẩu hợp lệ</doc>
<status status="PASS" start="2026-06-19T06:05:46.841480" elapsed="9.317239"/>
</kw>
<kw name="Logout" owner="authentication_keywords">
<kw name="Click Element" owner="SeleniumLibrary">
<msg time="2026-06-19T06:05:56.159783" level="INFO">Clicking element 'xpath://a[contains(text(), 'Đăng xuất')]'.</msg>
<msg time="2026-06-19T06:05:56.841521" level="INFO" html="true">&lt;/td&gt;&lt;/tr&gt;&lt;tr&gt;&lt;td colspan="3"&gt;&lt;a href="screenshots/selenium-screenshot-7.png"&gt;&lt;img src="screenshots/selenium-screenshot-7.png" width="800px"&gt;&lt;/a&gt;</msg>
<msg time="2026-06-19T06:05:56.841521" level="FAIL">Element with locator 'xpath://a[contains(text(), 'Đăng xuất')]' not found.</msg>
<arg>xpath://a[contains(text(), 'Đăng xuất')]</arg>
<doc>Click the element identified by ``locator``.</doc>
<status status="FAIL" start="2026-06-19T06:05:56.159783" elapsed="0.695070">Element with locator 'xpath://a[contains(text(), 'Đăng xuất')]' not found.</status>
</kw>
<kw name="Wait Until Page Contains" owner="SeleniumLibrary">
<arg>Đăng nhập</arg>
<arg>${TIMEOUT}</arg>
<doc>Waits until ``text`` appears on the current page.</doc>
<status status="NOT RUN" start="2026-06-19T06:05:56.854853" elapsed="0.000000"/>
</kw>
<doc>Đăng xuất</doc>
<status status="FAIL" start="2026-06-19T06:05:56.159256" elapsed="0.695597">Element with locator 'xpath://a[contains(text(), 'Đăng xuất')]' not found.</status>
</kw>
<kw name="Wait Until Page Contains" owner="SeleniumLibrary">
<arg>Đăng nhập</arg>
<arg>10s</arg>
<doc>Waits until ``text`` appears on the current page.</doc>
<status status="NOT RUN" start="2026-06-19T06:05:56.858006" elapsed="0.000000"/>
</kw>
<kw name="Wait Until Location Contains" owner="SeleniumLibrary">
<arg>/login</arg>
<arg>10s</arg>
<doc>Waits until the current URL contains ``expected``.</doc>
<status status="NOT RUN" start="2026-06-19T06:05:56.858006" elapsed="0.000000"/>
</kw>
<doc>Kiểm tra đăng xuất hoạt động đúng</doc>
<tag>auth</tag>
<tag>regression</tag>
<status status="FAIL" start="2026-06-19T06:05:46.841480" elapsed="10.017543">Element with locator 'xpath://a[contains(text(), 'Đăng xuất')]' not found.</status>
</test>
<test id="s1-s2-t5" name="TC_AUTH_REG_05: Đăng Nhập Thất Bại Khi Email Sai" line="66">
<kw name="Navigate To Login Page" owner="authentication_keywords">
<kw name="Go To" owner="SeleniumLibrary">
<msg time="2026-06-19T06:05:56.863263" level="INFO">Opening url 'https://football-booking-system-seven.vercel.app//login'</msg>
<arg>${URL}/login</arg>
<doc>Navigates the current browser window to the provided ``url``.</doc>
<status status="PASS" start="2026-06-19T06:05:56.863263" elapsed="0.663937"/>
</kw>
<kw name="Wait Until Page Contains" owner="SeleniumLibrary">
<arg>Đăng nhập</arg>
<doc>Waits until ``text`` appears on the current page.</doc>
<status status="PASS" start="2026-06-19T06:05:57.527200" elapsed="0.162049"/>
</kw>
<kw name="Wait Until Page Contains Element" owner="SeleniumLibrary">
<arg>${FIELD_LOGIN_EMAIL}</arg>
<doc>Waits until the element ``locator`` appears on the current page.</doc>
<status status="PASS" start="2026-06-19T06:05:57.689766" elapsed="0.021539"/>
</kw>
<status status="PASS" start="2026-06-19T06:05:56.863263" elapsed="0.848042"/>
</kw>
<kw name="Enter Login Email" owner="authentication_keywords">
<kw name="Input Text" owner="SeleniumLibrary">
<msg time="2026-06-19T06:05:57.713414" level="INFO">Typing text 'wrong@example.com' into text field 'xpath://input[@placeholder='name@example.com']'.</msg>
<arg>${FIELD_LOGIN_EMAIL}</arg>
<arg>${email}</arg>
<doc>Types the given ``text`` into the text field identified by ``locator``.</doc>
<status status="PASS" start="2026-06-19T06:05:57.713414" elapsed="0.288297"/>
</kw>
<arg>wrong@example.com</arg>
<doc>Nhập email đăng nhập</doc>
<status status="PASS" start="2026-06-19T06:05:57.712339" elapsed="0.289372"/>
</kw>
<kw name="Enter Login Password" owner="authentication_keywords">
<kw name="Input Text" owner="SeleniumLibrary">
<msg time="2026-06-19T06:05:58.003504" level="INFO">Typing text 'password123' into text field 'xpath://input[@placeholder='Nhập mật khẩu']'.</msg>
<arg>${FIELD_LOGIN_PASSWORD}</arg>
<arg>${password}</arg>
<doc>Types the given ``text`` into the text field identified by ``locator``.</doc>
<status status="PASS" start="2026-06-19T06:05:58.003504" elapsed="0.273977"/>
</kw>
<arg>password123</arg>
<doc>Nhập mật khẩu đăng nhập</doc>
<status status="PASS" start="2026-06-19T06:05:58.002988" elapsed="0.274493"/>
</kw>
<kw name="Click Login Button" owner="authentication_keywords">
<kw name="Click Element" owner="SeleniumLibrary">
<msg time="2026-06-19T06:05:58.279428" level="INFO">Clicking element 'xpath://button[contains(@class, 'login-button')]'.</msg>
<arg>${BUTTON_LOGIN}</arg>
<doc>Click the element identified by ``locator``.</doc>
<status status="PASS" start="2026-06-19T06:05:58.279428" elapsed="0.202231"/>
</kw>
<kw name="Run Keyword And Ignore Error" owner="BuiltIn">
<kw name="Handle Any Alert" owner="authentication_keywords">
<kw name="Run Keyword And Return Status" owner="BuiltIn">
<kw name="Alert Should Be Present" owner="SeleniumLibrary">
<msg time="2026-06-19T06:05:58.488295" level="INFO">HANDLE::&lt;class 'NoneType'&gt;::None</msg>
<doc>Verifies that an alert is present and by default, accepts it.</doc>
<status status="PASS" start="2026-06-19T06:05:58.488295" elapsed="0.532949"/>
</kw>
<msg time="2026-06-19T06:05:59.021244" level="INFO">${status} = True</msg>
<var>${status}</var>
<arg>Alert Should Be Present</arg>
<doc>Runs the given keyword with given arguments and returns the status as a Boolean value.</doc>
<status status="PASS" start="2026-06-19T06:05:58.488295" elapsed="0.532949"/>
</kw>
<if>
<branch type="IF" condition="${status}">
<kw name="Handle Alert" owner="SeleniumLibrary">
<msg time="2026-06-19T06:05:59.021244" level="INFO">HANDLE::&lt;class 'NoneType'&gt;::None</msg>
<msg time="2026-06-19T06:06:04.566122" level="INFO" html="true">&lt;/td&gt;&lt;/tr&gt;&lt;tr&gt;&lt;td colspan="3"&gt;&lt;a href="screenshots/selenium-screenshot-8.png"&gt;&lt;img src="screenshots/selenium-screenshot-8.png" width="800px"&gt;&lt;/a&gt;</msg>
<msg time="2026-06-19T06:06:04.566122" level="FAIL">Alert not found in 5 seconds.</msg>
<var>${text}</var>
<doc>Handles the current alert and returns its message.</doc>
<status status="FAIL" start="2026-06-19T06:05:59.021244" elapsed="5.546137">Alert not found in 5 seconds.</status>
</kw>
<kw name="Log" owner="BuiltIn">
<arg>ALERT: ${text}</arg>
<doc>Logs the given message with the given level.</doc>
<status status="NOT RUN" start="2026-06-19T06:06:04.567381" elapsed="0.000000"/>
</kw>
<status status="FAIL" start="2026-06-19T06:05:59.021244" elapsed="5.548655">Alert not found in 5 seconds.</status>
</branch>
<status status="FAIL" start="2026-06-19T06:05:59.021244" elapsed="5.548655">Alert not found in 5 seconds.</status>
</if>
<status status="FAIL" start="2026-06-19T06:05:58.481659" elapsed="6.088240">Alert not found in 5 seconds.</status>
</kw>
<arg>Handle Any Alert</arg>
<doc>Runs the given keyword with the given arguments and ignores possible error.</doc>
<status status="PASS" start="2026-06-19T06:05:58.481659" elapsed="6.088240"/>
</kw>
<status status="PASS" start="2026-06-19T06:05:58.278664" elapsed="6.291235"/>
</kw>
<kw name="Login Should Fail With Error" owner="authentication_keywords">
<kw name="Page Should Contain" owner="SeleniumLibrary">
<msg time="2026-06-19T06:06:05.121100" level="INFO" html="true">&lt;/td&gt;&lt;/tr&gt;&lt;tr&gt;&lt;td colspan="3"&gt;&lt;a href="screenshots/selenium-screenshot-9.png"&gt;&lt;img src="screenshots/selenium-screenshot-9.png" width="800px"&gt;&lt;/a&gt;</msg>
<msg time="2026-06-19T06:06:05.121100" level="FAIL">Page should have contained text 'Tài khoản không tồn tại' but did not.</msg>
<arg>${error_message}</arg>
<doc>Verifies that current page contains ``text``.</doc>
<status status="FAIL" start="2026-06-19T06:06:04.571417" elapsed="0.552372">Page should have contained text 'Tài khoản không tồn tại' but did not.</status>
</kw>
<arg>Tài khoản không tồn tại</arg>
<doc>Kiểm tra đăng nhập thất bại</doc>
<status status="FAIL" start="2026-06-19T06:06:04.571417" elapsed="0.552372">Page should have contained text 'Tài khoản không tồn tại' but did not.</status>
</kw>
<doc>Kiểm tra thông báo lỗi khi email sai</doc>
<tag>auth</tag>
<tag>regression</tag>
<status status="FAIL" start="2026-06-19T06:05:56.861113" elapsed="8.264374">Page should have contained text 'Tài khoản không tồn tại' but did not.</status>
</test>
<test id="s1-s2-t6" name="TC_AUTH_REG_06: Đăng Nhập Thất Bại Khi Mật Khẩu Sai" line="79">
<kw name="Navigate To Login Page" owner="authentication_keywords">
<kw name="Go To" owner="SeleniumLibrary">
<msg time="2026-06-19T06:06:05.128816" level="INFO">Opening url 'https://football-booking-system-seven.vercel.app//login'</msg>
<arg>${URL}/login</arg>
<doc>Navigates the current browser window to the provided ``url``.</doc>
<status status="PASS" start="2026-06-19T06:06:05.128816" elapsed="0.726007"/>
</kw>
<kw name="Wait Until Page Contains" owner="SeleniumLibrary">
<arg>Đăng nhập</arg>
<doc>Waits until ``text`` appears on the current page.</doc>
<status status="PASS" start="2026-06-19T06:06:05.854990" elapsed="0.146094"/>
</kw>
<kw name="Wait Until Page Contains Element" owner="SeleniumLibrary">
<arg>${FIELD_LOGIN_EMAIL}</arg>
<doc>Waits until the element ``locator`` appears on the current page.</doc>
<status status="PASS" start="2026-06-19T06:06:06.001084" elapsed="0.027061"/>
</kw>
<status status="PASS" start="2026-06-19T06:06:05.128816" elapsed="0.899900"/>
</kw>
<kw name="Enter Login Email" owner="authentication_keywords">
<kw name="Input Text" owner="SeleniumLibrary">
<msg time="2026-06-19T06:06:06.028716" level="INFO">Typing text 'test_uNybLbaR_1781823902@test.com' into text field 'xpath://input[@placeholder='name@example.com']'.</msg>
<arg>${FIELD_LOGIN_EMAIL}</arg>
<arg>${email}</arg>
<doc>Types the given ``text`` into the text field identified by ``locator``.</doc>
<status status="PASS" start="2026-06-19T06:06:06.028716" elapsed="0.349662"/>
</kw>
<arg>${RANDOM_EMAIL}</arg>
<doc>Nhập email đăng nhập</doc>
<status status="PASS" start="2026-06-19T06:06:06.028716" elapsed="0.350203"/>
</kw>
<kw name="Enter Login Password" owner="authentication_keywords">
<kw name="Input Text" owner="SeleniumLibrary">
<msg time="2026-06-19T06:06:06.380395" level="INFO">Typing text 'wrongpassword' into text field 'xpath://input[@placeholder='Nhập mật khẩu']'.</msg>
<arg>${FIELD_LOGIN_PASSWORD}</arg>
<arg>${password}</arg>
<doc>Types the given ``text`` into the text field identified by ``locator``.</doc>
<status status="PASS" start="2026-06-19T06:06:06.380395" elapsed="0.287545"/>
</kw>
<arg>wrongpassword</arg>
<doc>Nhập mật khẩu đăng nhập</doc>
<status status="PASS" start="2026-06-19T06:06:06.378919" elapsed="0.289021"/>
</kw>
<kw name="Click Login Button" owner="authentication_keywords">
<kw name="Click Element" owner="SeleniumLibrary">
<msg time="2026-06-19T06:06:06.671226" level="INFO">Clicking element 'xpath://button[contains(@class, 'login-button')]'.</msg>
<arg>${BUTTON_LOGIN}</arg>
<doc>Click the element identified by ``locator``.</doc>
<status status="PASS" start="2026-06-19T06:06:06.671226" elapsed="0.193806"/>
</kw>
<kw name="Run Keyword And Ignore Error" owner="BuiltIn">
<kw name="Handle Any Alert" owner="authentication_keywords">
<kw name="Run Keyword And Return Status" owner="BuiltIn">
<kw name="Alert Should Be Present" owner="SeleniumLibrary">
<msg time="2026-06-19T06:06:06.868314" level="INFO">HANDLE::&lt;class 'NoneType'&gt;::None</msg>
<doc>Verifies that an alert is present and by default, accepts it.</doc>
<status status="PASS" start="2026-06-19T06:06:06.868314" elapsed="2.048935"/>
</kw>
<msg time="2026-06-19T06:06:08.918534" level="INFO">${status} = True</msg>
<var>${status}</var>
<arg>Alert Should Be Present</arg>
<doc>Runs the given keyword with given arguments and returns the status as a Boolean value.</doc>
<status status="PASS" start="2026-06-19T06:06:06.867297" elapsed="2.051237"/>
</kw>
<if>
<branch type="IF" condition="${status}">
<kw name="Handle Alert" owner="SeleniumLibrary">
<msg time="2026-06-19T06:06:08.918534" level="INFO">HANDLE::&lt;class 'NoneType'&gt;::None</msg>
<msg time="2026-06-19T06:06:14.421284" level="INFO" html="true">&lt;/td&gt;&lt;/tr&gt;&lt;tr&gt;&lt;td colspan="3"&gt;&lt;a href="screenshots/selenium-screenshot-10.png"&gt;&lt;img src="screenshots/selenium-screenshot-10.png" width="800px"&gt;&lt;/a&gt;</msg>
<msg time="2026-06-19T06:06:14.421284" level="FAIL">Alert not found in 5 seconds.</msg>
<var>${text}</var>
<doc>Handles the current alert and returns its message.</doc>
<status status="FAIL" start="2026-06-19T06:06:08.918534" elapsed="5.505161">Alert not found in 5 seconds.</status>
</kw>
<kw name="Log" owner="BuiltIn">
<arg>ALERT: ${text}</arg>
<doc>Logs the given message with the given level.</doc>
<status status="NOT RUN" start="2026-06-19T06:06:14.423695" elapsed="0.000000"/>
</kw>
<status status="FAIL" start="2026-06-19T06:06:08.918534" elapsed="5.505161">Alert not found in 5 seconds.</status>
</branch>
<status status="FAIL" start="2026-06-19T06:06:08.918534" elapsed="5.505161">Alert not found in 5 seconds.</status>
</if>
<status status="FAIL" start="2026-06-19T06:06:06.866049" elapsed="7.558794">Alert not found in 5 seconds.</status>
</kw>
<arg>Handle Any Alert</arg>
<doc>Runs the given keyword with the given arguments and ignores possible error.</doc>
<status status="PASS" start="2026-06-19T06:06:06.866049" elapsed="7.558794"/>
</kw>
<status status="PASS" start="2026-06-19T06:06:06.667940" elapsed="7.756903"/>
</kw>
<kw name="Login Should Fail With Error" owner="authentication_keywords">
<kw name="Page Should Contain" owner="SeleniumLibrary">
<msg time="2026-06-19T06:06:14.934085" level="INFO" html="true">&lt;/td&gt;&lt;/tr&gt;&lt;tr&gt;&lt;td colspan="3"&gt;&lt;a href="screenshots/selenium-screenshot-11.png"&gt;&lt;img src="screenshots/selenium-screenshot-11.png" width="800px"&gt;&lt;/a&gt;</msg>
<msg time="2026-06-19T06:06:14.934085" level="FAIL">Page should have contained text 'Email hoặc mật khẩu không đúng' but did not.</msg>
<arg>${error_message}</arg>
<doc>Verifies that current page contains ``text``.</doc>
<status status="FAIL" start="2026-06-19T06:06:14.426396" elapsed="0.508781">Page should have contained text 'Email hoặc mật khẩu không đúng' but did not.</status>
</kw>
<arg>Email hoặc mật khẩu không đúng</arg>
<doc>Kiểm tra đăng nhập thất bại</doc>
<status status="FAIL" start="2026-06-19T06:06:14.425354" elapsed="0.509823">Page should have contained text 'Email hoặc mật khẩu không đúng' but did not.</status>
</kw>
<doc>Kiểm tra thông báo lỗi khi mật khẩu sai</doc>
<tag>auth</tag>
<tag>regression</tag>
<status status="FAIL" start="2026-06-19T06:06:05.127251" elapsed="9.807926">Page should have contained text 'Email hoặc mật khẩu không đúng' but did not.</status>
</test>
<test id="s1-s2-t7" name="TC_AUTH_REG_07: Đăng Nhập Thất Bại Khi Để Trống Email" line="91">
<kw name="Navigate To Login Page" owner="authentication_keywords">
<kw name="Go To" owner="SeleniumLibrary">
<msg time="2026-06-19T06:06:14.941596" level="INFO">Opening url 'https://football-booking-system-seven.vercel.app//login'</msg>
<arg>${URL}/login</arg>
<doc>Navigates the current browser window to the provided ``url``.</doc>
<status status="PASS" start="2026-06-19T06:06:14.941596" elapsed="0.549715"/>
</kw>
<kw name="Wait Until Page Contains" owner="SeleniumLibrary">
<arg>Đăng nhập</arg>
<doc>Waits until ``text`` appears on the current page.</doc>
<status status="PASS" start="2026-06-19T06:06:15.491311" elapsed="0.135684"/>
</kw>
<kw name="Wait Until Page Contains Element" owner="SeleniumLibrary">
<arg>${FIELD_LOGIN_EMAIL}</arg>
<doc>Waits until the element ``locator`` appears on the current page.</doc>
<status status="PASS" start="2026-06-19T06:06:15.627552" elapsed="0.028557"/>
</kw>
<status status="PASS" start="2026-06-19T06:06:14.939530" elapsed="0.716579"/>
</kw>
<kw name="Enter Login Password" owner="authentication_keywords">
<kw name="Input Text" owner="SeleniumLibrary">
<msg time="2026-06-19T06:06:15.659158" level="INFO">Typing text 'password123' into text field 'xpath://input[@placeholder='Nhập mật khẩu']'.</msg>
<arg>${FIELD_LOGIN_PASSWORD}</arg>
<arg>${password}</arg>
<doc>Types the given ``text`` into the text field identified by ``locator``.</doc>
<status status="PASS" start="2026-06-19T06:06:15.659158" elapsed="0.262172"/>
</kw>
<arg>${RANDOM_PASSWORD}</arg>
<doc>Nhập mật khẩu đăng nhập</doc>
<status status="PASS" start="2026-06-19T06:06:15.656109" elapsed="0.267764"/>
</kw>
<kw name="Click Login Button" owner="authentication_keywords">
<kw name="Click Element" owner="SeleniumLibrary">
<msg time="2026-06-19T06:06:15.925108" level="INFO">Clicking element 'xpath://button[contains(@class, 'login-button')]'.</msg>
<arg>${BUTTON_LOGIN}</arg>
<doc>Click the element identified by ``locator``.</doc>
<status status="PASS" start="2026-06-19T06:06:15.925108" elapsed="0.202654"/>
</kw>
<kw name="Run Keyword And Ignore Error" owner="BuiltIn">
<kw name="Handle Any Alert" owner="authentication_keywords">
<kw name="Run Keyword And Return Status" owner="BuiltIn">
<kw name="Alert Should Be Present" owner="SeleniumLibrary">
<msg time="2026-06-19T06:06:16.130971" level="INFO">HANDLE::&lt;class 'NoneType'&gt;::None</msg>
<doc>Verifies that an alert is present and by default, accepts it.</doc>
<status status="PASS" start="2026-06-19T06:06:16.130971" elapsed="0.530291"/>
</kw>
<msg time="2026-06-19T06:06:16.661262" level="INFO">${status} = True</msg>
<var>${status}</var>
<arg>Alert Should Be Present</arg>
<doc>Runs the given keyword with given arguments and returns the status as a Boolean value.</doc>
<status status="PASS" start="2026-06-19T06:06:16.130971" elapsed="0.530291"/>
</kw>
<if>
<branch type="IF" condition="${status}">
<kw name="Handle Alert" owner="SeleniumLibrary">
<msg time="2026-06-19T06:06:16.664505" level="INFO">HANDLE::&lt;class 'NoneType'&gt;::None</msg>
<msg time="2026-06-19T06:06:22.156592" level="INFO" html="true">&lt;/td&gt;&lt;/tr&gt;&lt;tr&gt;&lt;td colspan="3"&gt;&lt;a href="screenshots/selenium-screenshot-12.png"&gt;&lt;img src="screenshots/selenium-screenshot-12.png" width="800px"&gt;&lt;/a&gt;</msg>
<msg time="2026-06-19T06:06:22.156592" level="FAIL">Alert not found in 5 seconds.</msg>
<var>${text}</var>
<doc>Handles the current alert and returns its message.</doc>
<status status="FAIL" start="2026-06-19T06:06:16.663321" elapsed="5.495594">Alert not found in 5 seconds.</status>
</kw>
<kw name="Log" owner="BuiltIn">
<arg>ALERT: ${text}</arg>
<doc>Logs the given message with the given level.</doc>
<status status="NOT RUN" start="2026-06-19T06:06:22.158915" elapsed="0.000000"/>
</kw>
<status status="FAIL" start="2026-06-19T06:06:16.663321" elapsed="5.496652">Alert not found in 5 seconds.</status>
</branch>
<status status="FAIL" start="2026-06-19T06:06:16.663321" elapsed="5.496652">Alert not found in 5 seconds.</status>
</if>
<status status="FAIL" start="2026-06-19T06:06:16.129492" elapsed="6.030481">Alert not found in 5 seconds.</status>
</kw>
<arg>Handle Any Alert</arg>
<doc>Runs the given keyword with the given arguments and ignores possible error.</doc>
<status status="PASS" start="2026-06-19T06:06:16.128314" elapsed="6.031659"/>
</kw>
<status status="PASS" start="2026-06-19T06:06:15.924072" elapsed="6.235901"/>
</kw>
<kw name="Login Should Fail With Error" owner="authentication_keywords">
<kw name="Page Should Contain" owner="SeleniumLibrary">
<msg time="2026-06-19T06:06:22.662477" level="INFO" html="true">&lt;/td&gt;&lt;/tr&gt;&lt;tr&gt;&lt;td colspan="3"&gt;&lt;a href="screenshots/selenium-screenshot-13.png"&gt;&lt;img src="screenshots/selenium-screenshot-13.png" width="800px"&gt;&lt;/a&gt;</msg>
<msg time="2026-06-19T06:06:22.662477" level="FAIL">Page should have contained text 'Thiếu dữ liệu' but did not.</msg>
<arg>${error_message}</arg>
<doc>Verifies that current page contains ``text``.</doc>
<status status="FAIL" start="2026-06-19T06:06:22.161249" elapsed="0.502266">Page should have contained text 'Thiếu dữ liệu' but did not.</status>
</kw>
<arg>Thiếu dữ liệu</arg>
<doc>Kiểm tra đăng nhập thất bại</doc>
<status status="FAIL" start="2026-06-19T06:06:22.161249" elapsed="0.503321">Page should have contained text 'Thiếu dữ liệu' but did not.</status>
</kw>
<doc>Kiểm tra thông báo lỗi khi email trống</doc>
<tag>auth</tag>
<tag>regression</tag>
<status status="FAIL" start="2026-06-19T06:06:14.937710" elapsed="7.726860">Page should have contained text 'Thiếu dữ liệu' but did not.</status>
</test>
<test id="s1-s2-t8" name="TC_AUTH_REG_08: Đăng Nhập Thất Bại Khi Để Trống Mật Khẩu" line="102">
<kw name="Navigate To Login Page" owner="authentication_keywords">
<kw name="Go To" owner="SeleniumLibrary">
<msg time="2026-06-19T06:06:22.671318" level="INFO">Opening url 'https://football-booking-system-seven.vercel.app//login'</msg>
<arg>${URL}/login</arg>
<doc>Navigates the current browser window to the provided ``url``.</doc>
<status status="PASS" start="2026-06-19T06:06:22.670300" elapsed="0.643210"/>
</kw>
<kw name="Wait Until Page Contains" owner="SeleniumLibrary">
<arg>Đăng nhập</arg>
<doc>Waits until ``text`` appears on the current page.</doc>
<status status="PASS" start="2026-06-19T06:06:23.313510" elapsed="0.139726"/>
</kw>
<kw name="Wait Until Page Contains Element" owner="SeleniumLibrary">
<arg>${FIELD_LOGIN_EMAIL}</arg>
<doc>Waits until the element ``locator`` appears on the current page.</doc>
<status status="PASS" start="2026-06-19T06:06:23.454673" elapsed="0.023740"/>
</kw>
<status status="PASS" start="2026-06-19T06:06:22.667387" elapsed="0.811189"/>
</kw>
<kw name="Enter Login Email" owner="authentication_keywords">
<kw name="Input Text" owner="SeleniumLibrary">
<msg time="2026-06-19T06:06:23.479590" level="INFO">Typing text 'test_uNybLbaR_1781823902@test.com' into text field 'xpath://input[@placeholder='name@example.com']'.</msg>
<arg>${FIELD_LOGIN_EMAIL}</arg>
<arg>${email}</arg>
<doc>Types the given ``text`` into the text field identified by ``locator``.</doc>
<status status="PASS" start="2026-06-19T06:06:23.479590" elapsed="0.328445"/>
</kw>
<arg>${RANDOM_EMAIL}</arg>
<doc>Nhập email đăng nhập</doc>
<status status="PASS" start="2026-06-19T06:06:23.478576" elapsed="0.329459"/>
</kw>
<kw name="Click Login Button" owner="authentication_keywords">
<kw name="Click Element" owner="SeleniumLibrary">
<msg time="2026-06-19T06:06:23.811212" level="INFO">Clicking element 'xpath://button[contains(@class, 'login-button')]'.</msg>
<arg>${BUTTON_LOGIN}</arg>
<doc>Click the element identified by ``locator``.</doc>
<status status="PASS" start="2026-06-19T06:06:23.810157" elapsed="0.201492"/>
</kw>
<kw name="Run Keyword And Ignore Error" owner="BuiltIn">
<kw name="Handle Any Alert" owner="authentication_keywords">
<kw name="Run Keyword And Return Status" owner="BuiltIn">
<kw name="Alert Should Be Present" owner="SeleniumLibrary">
<msg time="2026-06-19T06:06:24.014989" level="INFO">HANDLE::&lt;class 'NoneType'&gt;::None</msg>
<doc>Verifies that an alert is present and by default, accepts it.</doc>
<status status="PASS" start="2026-06-19T06:06:24.014913" elapsed="0.528223"/>
</kw>
<msg time="2026-06-19T06:06:24.543136" level="INFO">${status} = True</msg>
<var>${status}</var>
<arg>Alert Should Be Present</arg>
<doc>Runs the given keyword with given arguments and returns the status as a Boolean value.</doc>
<status status="PASS" start="2026-06-19T06:06:24.013896" elapsed="0.529240"/>
</kw>
<if>
[...]
<status status="PASS" start="2026-06-19T06:08:58.257549" elapsed="0.398564"/>
</kw>
<arg>user!@#</arg>
<doc>Alias cho field fullname/username trên form đăng kí</doc>
<status status="PASS" start="2026-06-19T06:08:58.254999" elapsed="0.401114"/>
</kw>
<kw name="Page Should Contain" owner="SeleniumLibrary">
<msg time="2026-06-19T06:08:59.087392" level="INFO" html="true">&lt;/td&gt;&lt;/tr&gt;&lt;tr&gt;&lt;td colspan="3"&gt;&lt;a href="screenshots/selenium-screenshot-40.png"&gt;&lt;img src="screenshots/selenium-screenshot-40.png" width="800px"&gt;&lt;/a&gt;</msg>
<msg time="2026-06-19T06:08:59.087392" level="FAIL">Page should have contained text 'Tên người dùng không được chứa ký tự đặc biệt' but did not.</msg>
<arg>Tên người dùng không được chứa ký tự đặc biệt</arg>
<doc>Verifies that current page contains ``text``.</doc>
<status status="FAIL" start="2026-06-19T06:08:58.656113" elapsed="0.432444">Page should have contained text 'Tên người dùng không được chứa ký tự đặc biệt' but did not.</status>
</kw>
<doc>Test username không được chứa !, @, #, $, %, etc.</doc>
<tag>auth</tag>
<tag>regression</tag>
<tag>validation</tag>
<status status="FAIL" start="2026-06-19T06:08:57.456754" elapsed="1.631803">Page should have contained text 'Tên người dùng không được chứa ký tự đặc biệt' but did not.</status>
</test>
<test id="s1-s4-t16" name="TC_AUTH_REG_VAL_16: Field Bắt Buộc Phải Hiển Thị Dấu Sao Hoặc Label" line="130">
<kw name="Navigate To Register Page" owner="authentication_keywords">
<kw name="Go To" owner="SeleniumLibrary">
<msg time="2026-06-19T06:08:59.095657" level="INFO">Opening url 'https://football-booking-system-seven.vercel.app//register'</msg>
<arg>${URL}/register</arg>
<doc>Navigates the current browser window to the provided ``url``.</doc>
<status status="PASS" start="2026-06-19T06:08:59.093663" elapsed="0.755881"/>
</kw>
<kw name="Wait Until Page Contains" owner="SeleniumLibrary">
<arg>Đăng ký tài khoản</arg>
<doc>Waits until ``text`` appears on the current page.</doc>
<status status="PASS" start="2026-06-19T06:08:59.850572" elapsed="0.035691"/>
</kw>
<kw name="Wait Until Page Contains Element" owner="SeleniumLibrary">
<arg>${FIELD_REGISTER_NAME}</arg>
<doc>Waits until the element ``locator`` appears on the current page.</doc>
<status status="PASS" start="2026-06-19T06:08:59.887283" elapsed="0.031203"/>
</kw>
<status status="PASS" start="2026-06-19T06:08:59.093663" elapsed="0.824823"/>
</kw>
<kw name="Page Should Contain Element" owner="SeleniumLibrary">
<msg time="2026-06-19T06:09:00.256787" level="INFO" html="true">&lt;/td&gt;&lt;/tr&gt;&lt;tr&gt;&lt;td colspan="3"&gt;&lt;a href="screenshots/selenium-screenshot-41.png"&gt;&lt;img src="screenshots/selenium-screenshot-41.png" width="800px"&gt;&lt;/a&gt;</msg>
<msg time="2026-06-19T06:09:00.256787" level="FAIL">Page should have contained element 'xpath://label[contains(., 'Tên người dùng')]//*[contains(text(), '*')]' but did not.</msg>
<arg>xpath://label[contains(., 'Tên người dùng')]//*[contains(text(), '*')]</arg>
<doc>Verifies that element ``locator`` is found on the current page.</doc>
<status status="FAIL" start="2026-06-19T06:08:59.920574" elapsed="0.336213">Page should have contained element 'xpath://label[contains(., 'Tên người dùng')]//*[contains(text(), '*')]' but did not.</status>
</kw>
<kw name="Page Should Contain Element" owner="SeleniumLibrary">
<arg>xpath://label[contains(., 'Email')]//*[contains(text(), '*')]</arg>
<doc>Verifies that element ``locator`` is found on the current page.</doc>
<status status="NOT RUN" start="2026-06-19T06:09:00.256787" elapsed="0.002532"/>
</kw>
<kw name="Page Should Contain Element" owner="SeleniumLibrary">
<arg>xpath://label[contains(., 'Mật khẩu')]//*[contains(text(), '*')]</arg>
<doc>Verifies that element ``locator`` is found on the current page.</doc>
<status status="NOT RUN" start="2026-06-19T06:09:00.260115" elapsed="0.000000"/>
</kw>
<doc>Test trường bắt buộc hiển thị dấu * hoặc required label</doc>
<tag>auth</tag>
<tag>regression</tag>
<tag>validation</tag>
<status status="FAIL" start="2026-06-19T06:08:59.091447" elapsed="1.169695">Page should have contained element 'xpath://label[contains(., 'Tên người dùng')]//*[contains(text(), '*')]' but did not.</status>
</test>
<test id="s1-s4-t17" name="TC_AUTH_REG_VAL_17: Tooltip Lỗi Hiển Thị Khi Hover Input Lỗi" line="138">
<kw name="Navigate To Register Page" owner="authentication_keywords">
<kw name="Go To" owner="SeleniumLibrary">
<msg time="2026-06-19T06:09:00.265753" level="INFO">Opening url 'https://football-booking-system-seven.vercel.app//register'</msg>
<arg>${URL}/register</arg>
<doc>Navigates the current browser window to the provided ``url``.</doc>
<status status="PASS" start="2026-06-19T06:09:00.265753" elapsed="0.769142"/>
</kw>
<kw name="Wait Until Page Contains" owner="SeleniumLibrary">
<arg>Đăng ký tài khoản</arg>
<doc>Waits until ``text`` appears on the current page.</doc>
<status status="PASS" start="2026-06-19T06:09:01.034895" elapsed="0.064949"/>
</kw>
<kw name="Wait Until Page Contains Element" owner="SeleniumLibrary">
<arg>${FIELD_REGISTER_NAME}</arg>
<doc>Waits until the element ``locator`` appears on the current page.</doc>
<status status="PASS" start="2026-06-19T06:09:01.099844" elapsed="0.024124"/>
</kw>
<status status="PASS" start="2026-06-19T06:09:00.263869" elapsed="0.861334"/>
</kw>
<kw name="Clear And Enter Register Email" owner="authentication_keywords">
<kw name="Clear Element Text" owner="SeleniumLibrary">
<arg>${FIELD_REGISTER_EMAIL}</arg>
<doc>Clears the value of the text-input-element identified by ``locator``.</doc>
<status status="PASS" start="2026-06-19T06:09:01.127288" elapsed="0.127719"/>
</kw>
<kw name="Input Text" owner="SeleniumLibrary">
<msg time="2026-06-19T06:09:01.255007" level="INFO">Typing text 'invalidemail' into text field 'xpath://input[@id='email']'.</msg>
<arg>${FIELD_REGISTER_EMAIL}</arg>
<arg>${email}</arg>
<doc>Types the given ``text`` into the text field identified by ``locator``.</doc>
<status status="PASS" start="2026-06-19T06:09:01.255007" elapsed="0.296658"/>
</kw>
<arg>invalidemail</arg>
<doc>Xóa email cũ và nhập email mới</doc>
<status status="PASS" start="2026-06-19T06:09:01.125722" elapsed="0.425943"/>
</kw>
<kw name="Hover Element" owner="authentication_keywords">
<kw name="Mouse Over" owner="SeleniumLibrary">
<msg time="2026-06-19T06:09:01.553686" level="INFO">Simulating Mouse Over on element 'xpath://input[@id='email']'.</msg>
<arg>${locator}</arg>
<doc>Simulates hovering the mouse over the element ``locator``.</doc>
<status status="PASS" start="2026-06-19T06:09:01.553686" elapsed="0.346833"/>
</kw>
<arg>${FIELD_REGISTER_EMAIL}</arg>
<doc>Alias ngan gon cho SeleniumLibrary Mouse Over</doc>
<status status="PASS" start="2026-06-19T06:09:01.552772" elapsed="0.347747"/>
</kw>
<kw name="Page Should Contain" owner="SeleniumLibrary">
<msg time="2026-06-19T06:09:02.267393" level="INFO" html="true">&lt;/td&gt;&lt;/tr&gt;&lt;tr&gt;&lt;td colspan="3"&gt;&lt;a href="screenshots/selenium-screenshot-42.png"&gt;&lt;img src="screenshots/selenium-screenshot-42.png" width="800px"&gt;&lt;/a&gt;</msg>
<msg time="2026-06-19T06:09:02.267393" level="FAIL">Page should have contained text 'Email không hợp lệ' but did not.</msg>
<arg>Email không hợp lệ</arg>
<doc>Verifies that current page contains ``text``.</doc>
<status status="FAIL" start="2026-06-19T06:09:01.901631" elapsed="0.365762">Page should have contained text 'Email không hợp lệ' but did not.</status>
</kw>
<doc>Test tooltip/error message hiển thị khi có lỗi validation</doc>
<tag>auth</tag>
<tag>regression</tag>
<tag>validation</tag>
<status status="FAIL" start="2026-06-19T06:09:00.261295" elapsed="2.006098">Page should have contained text 'Email không hợp lệ' but did not.</status>
</test>
<test id="s1-s4-t18" name="TC_AUTH_REG_VAL_18: Real-time Validation Saat Mengetik" line="146">
<kw name="Navigate To Register Page" owner="authentication_keywords">
<kw name="Go To" owner="SeleniumLibrary">
<msg time="2026-06-19T06:09:02.275592" level="INFO">Opening url 'https://football-booking-system-seven.vercel.app//register'</msg>
<arg>${URL}/register</arg>
<doc>Navigates the current browser window to the provided ``url``.</doc>
<status status="PASS" start="2026-06-19T06:09:02.275081" elapsed="0.728007"/>
</kw>
<kw name="Wait Until Page Contains" owner="SeleniumLibrary">
<arg>Đăng ký tài khoản</arg>
<doc>Waits until ``text`` appears on the current page.</doc>
<status status="PASS" start="2026-06-19T06:09:03.003088" elapsed="0.041533"/>
</kw>
<kw name="Wait Until Page Contains Element" owner="SeleniumLibrary">
<arg>${FIELD_REGISTER_NAME}</arg>
<doc>Waits until the element ``locator`` appears on the current page.</doc>
<status status="PASS" start="2026-06-19T06:09:03.048196" elapsed="0.029150"/>
</kw>
<status status="PASS" start="2026-06-19T06:09:02.274462" elapsed="0.803898"/>
</kw>
<kw name="Clear And Enter Register Username" owner="authentication_keywords">
<kw name="Clear And Enter Register Name" owner="authentication_keywords">
<kw name="Clear Element Text" owner="SeleniumLibrary">
<arg>${FIELD_REGISTER_NAME}</arg>
<doc>Clears the value of the text-input-element identified by ``locator``.</doc>
<status status="PASS" start="2026-06-19T06:09:03.080161" elapsed="0.101029"/>
</kw>
<kw name="Input Text" owner="SeleniumLibrary">
<msg time="2026-06-19T06:09:03.181190" level="INFO">Typing text 'ab' into text field 'xpath://input[@id='fullname']'.</msg>
<arg>${FIELD_REGISTER_NAME}</arg>
<arg>${name}</arg>
<doc>Types the given ``text`` into the text field identified by ``locator``.</doc>
<status status="PASS" start="2026-06-19T06:09:03.181190" elapsed="0.270077"/>
</kw>
<arg>${username}</arg>
<doc>Xóa tên cũ và nhập tên mới</doc>
<status status="PASS" start="2026-06-19T06:09:03.080161" elapsed="0.371106"/>
</kw>
<arg>ab</arg>
<doc>Alias cho field fullname/username trên form đăng kí</doc>
<status status="PASS" start="2026-06-19T06:09:03.078903" elapsed="0.372364"/>
</kw>
<kw name="Page Should Contain" owner="SeleniumLibrary">
<msg time="2026-06-19T06:09:03.856968" level="INFO" html="true">&lt;/td&gt;&lt;/tr&gt;&lt;tr&gt;&lt;td colspan="3"&gt;&lt;a href="screenshots/selenium-screenshot-43.png"&gt;&lt;img src="screenshots/selenium-screenshot-43.png" width="800px"&gt;&lt;/a&gt;</msg>
<msg time="2026-06-19T06:09:03.856968" level="FAIL">Page should have contained text 'Tên người dùng quá ngắn' but did not.</msg>
<arg>Tên người dùng quá ngắn</arg>
<doc>Verifies that current page contains ``text``.</doc>
<status status="FAIL" start="2026-06-19T06:09:03.453238" elapsed="0.405796">Page should have contained text 'Tên người dùng quá ngắn' but did not.</status>
</kw>
<kw name="Clear And Enter Register Username" owner="authentication_keywords">
<arg>abc</arg>
<doc>Alias cho field fullname/username trên form đăng kí</doc>
<status status="NOT RUN" start="2026-06-19T06:09:03.860091" elapsed="0.000000"/>
</kw>
<kw name="Element Should Not Have Class" owner="authentication_keywords">
<arg>${FIELD_REGISTER_USERNAME}</arg>
<arg>error</arg>
<doc>Kiem tra element khong co class CSS chi dinh</doc>
<status status="NOT RUN" start="2026-06-19T06:09:03.861255" elapsed="0.000000"/>
</kw>
<doc>Test validation real-time khi đang gõ</doc>
<tag>auth</tag>
<tag>regression</tag>
<tag>validation</tag>
<status status="FAIL" start="2026-06-19T06:09:02.271448" elapsed="1.589807">Page should have contained text 'Tên người dùng quá ngắn' but did not.</status>
</test>
<test id="s1-s4-t19" name="TC_AUTH_REG_VAL_19: Số Ký Tự Max Của Email" line="155">
<kw name="Navigate To Login Page" owner="authentication_keywords">
<kw name="Go To" owner="SeleniumLibrary">
<msg time="2026-06-19T06:09:03.867347" level="INFO">Opening url 'https://football-booking-system-seven.vercel.app//login'</msg>
<arg>${URL}/login</arg>
<doc>Navigates the current browser window to the provided ``url``.</doc>
<status status="PASS" start="2026-06-19T06:09:03.865089" elapsed="0.524812"/>
</kw>
<kw name="Wait Until Page Contains" owner="SeleniumLibrary">
<arg>Đăng nhập</arg>
<doc>Waits until ``text`` appears on the current page.</doc>
<status status="PASS" start="2026-06-19T06:09:04.390942" elapsed="0.047504"/>
</kw>
<kw name="Wait Until Page Contains Element" owner="SeleniumLibrary">
<arg>${FIELD_LOGIN_EMAIL}</arg>
<doc>Waits until the element ``locator`` appears on the current page.</doc>
<status status="PASS" start="2026-06-19T06:09:04.439123" elapsed="0.036026"/>
</kw>
<status status="PASS" start="2026-06-19T06:09:03.865089" elapsed="0.610060"/>
</kw>
<kw name="Set Variable" owner="BuiltIn">
<msg time="2026-06-19T06:09:04.481347" level="FAIL">Resolving variable '${'a' * 100}' failed: Variable '${'a}' not found.</msg>
<var>${long_email}</var>
<arg>${'a' * 100}@example.com</arg>
<doc>Returns the given values which can then be assigned to a variables.</doc>
<status status="FAIL" start="2026-06-19T06:09:04.477168" elapsed="0.004179">Resolving variable '${'a' * 100}' failed: Variable '${'a}' not found.</status>
</kw>
<kw name="Clear And Enter Login Email" owner="authentication_keywords">
<arg>${long_email}</arg>
<doc>Xóa email cũ và nhập email mới</doc>
<status status="NOT RUN" start="2026-06-19T06:09:04.482871" elapsed="0.000000"/>
</kw>
<doc>Test email không vượt quá độ dài max</doc>
<tag>auth</tag>
<tag>regression</tag>
<tag>validation</tag>
<status status="FAIL" start="2026-06-19T06:09:03.863762" elapsed="0.619109">Resolving variable '${'a' * 100}' failed: Variable '${'a}' not found.</status>
</test>
<test id="s1-s4-t20" name="TC_AUTH_REG_VAL_20: Username Không Trùng Với Existing User" line="163">
<kw name="Navigate To Register Page" owner="authentication_keywords">
<kw name="Go To" owner="SeleniumLibrary">
<msg time="2026-06-19T06:09:04.489268" level="INFO">Opening url 'https://football-booking-system-seven.vercel.app//register'</msg>
<arg>${URL}/register</arg>
<doc>Navigates the current browser window to the provided ``url``.</doc>
<status status="PASS" start="2026-06-19T06:09:04.488314" elapsed="0.507185"/>
</kw>
<kw name="Wait Until Page Contains" owner="SeleniumLibrary">
<arg>Đăng ký tài khoản</arg>
<doc>Waits until ``text`` appears on the current page.</doc>
<status status="PASS" start="2026-06-19T06:09:04.995499" elapsed="0.035983"/>
</kw>
<kw name="Wait Until Page Contains Element" owner="SeleniumLibrary">
<arg>${FIELD_REGISTER_NAME}</arg>
<doc>Waits until the element ``locator`` appears on the current page.</doc>
<status status="PASS" start="2026-06-19T06:09:05.031482" elapsed="0.031697"/>
</kw>
<status status="PASS" start="2026-06-19T06:09:04.486752" elapsed="0.576427"/>
</kw>
<kw name="Clear And Enter Register Username" owner="authentication_keywords">
<kw name="Clear And Enter Register Name" owner="authentication_keywords">
<kw name="Clear Element Text" owner="SeleniumLibrary">
<arg>${FIELD_REGISTER_NAME}</arg>
<doc>Clears the value of the text-input-element identified by ``locator``.</doc>
<status status="PASS" start="2026-06-19T06:09:05.067408" elapsed="0.126975"/>
</kw>
<kw name="Input Text" owner="SeleniumLibrary">
<msg time="2026-06-19T06:09:05.194383" level="INFO">Typing text 'existinguser' into text field 'xpath://input[@id='fullname']'.</msg>
<arg>${FIELD_REGISTER_NAME}</arg>
<arg>${name}</arg>
<doc>Types the given ``text`` into the text field identified by ``locator``.</doc>
<status status="PASS" start="2026-06-19T06:09:05.194383" elapsed="0.477596"/>
</kw>
<arg>${username}</arg>
<doc>Xóa tên cũ và nhập tên mới</doc>
<status status="PASS" start="2026-06-19T06:09:05.065721" elapsed="0.606258"/>
</kw>
<arg>existinguser</arg>
<doc>Alias cho field fullname/username trên form đăng kí</doc>
<status status="PASS" start="2026-06-19T06:09:05.065721" elapsed="0.606258"/>
</kw>
<kw name="Clear And Enter Register Email" owner="authentication_keywords">
<kw name="Clear Element Text" owner="SeleniumLibrary">
<arg>${FIELD_REGISTER_EMAIL}</arg>
<doc>Clears the value of the text-input-element identified by ``locator``.</doc>
<status status="PASS" start="2026-06-19T06:09:05.675340" elapsed="0.146156"/>
</kw>
<kw name="Input Text" owner="SeleniumLibrary">
<msg time="2026-06-19T06:09:05.822326" level="INFO">Typing text 'new@example.com' into text field 'xpath://input[@id='email']'.</msg>
<arg>${FIELD_REGISTER_EMAIL}</arg>
<arg>${email}</arg>
<doc>Types the given ``text`` into the text field identified by ``locator``.</doc>
<status status="PASS" start="2026-06-19T06:09:05.822326" elapsed="0.312561"/>
</kw>
<arg>new@example.com</arg>
<doc>Xóa email cũ và nhập email mới</doc>
<status status="PASS" start="2026-06-19T06:09:05.674248" elapsed="0.460732"/>
</kw>
<kw name="Click Register Button" owner="authentication_keywords">
<kw name="Click Element" owner="SeleniumLibrary">
<msg time="2026-06-19T06:09:06.136017" level="INFO">Clicking element 'xpath://button[@type='submit']'.</msg>
<arg>${BUTTON_REGISTER}</arg>
<doc>Click the element identified by ``locator``.</doc>
<status status="PASS" start="2026-06-19T06:09:06.136017" elapsed="0.255832"/>
</kw>
<kw name="Wait Until Element Is Visible" owner="SeleniumLibrary">
<arg>xpath=//p[contains(@class,'text-green-600')]</arg>
<arg>10s</arg>
<doc>Waits until the element ``locator`` is visible.</doc>
<status status="PASS" start="2026-06-19T06:09:06.391849" elapsed="2.237480"/>
</kw>
<status status="PASS" start="2026-06-19T06:09:06.134980" elapsed="2.494349"/>
</kw>
<kw name="Page Should Contain" owner="SeleniumLibrary">
<msg time="2026-06-19T06:09:09.064058" level="INFO" html="true">&lt;/td&gt;&lt;/tr&gt;&lt;tr&gt;&lt;td colspan="3"&gt;&lt;a href="screenshots/selenium-screenshot-44.png"&gt;&lt;img src="screenshots/selenium-screenshot-44.png" width="800px"&gt;&lt;/a&gt;</msg>
<msg time="2026-06-19T06:09:09.064058" level="FAIL">Page should have contained text 'Tên người dùng đã tồn tại' but did not.</msg>
<arg>Tên người dùng đã tồn tại</arg>
<doc>Verifies that current page contains ``text``.</doc>
<status status="FAIL" start="2026-06-19T06:09:08.629329" elapsed="0.434729">Page should have contained text 'Tên người dùng đã tồn tại' but did not.</status>
</kw>
<doc>Test username không được trùng với user khác</doc>
<tag>auth</tag>
<tag>regression</tag>
<tag>validation</tag>
<status status="FAIL" start="2026-06-19T06:09:04.484591" elapsed="4.583530">Page should have contained text 'Tên người dùng đã tồn tại' but did not.</status>
</test>
<kw name="Close Browser Application" owner="booking_keywords" type="TEARDOWN">
<kw name="Close Browser" owner="SeleniumLibrary">
<doc>Closes the current browser.</doc>
<status status="PASS" start="2026-06-19T06:09:09.072504" elapsed="2.336751"/>
</kw>
<doc>Đóng browser</doc>
<status status="PASS" start="2026-06-19T06:09:09.072504" elapsed="2.337768"/>
</kw>
<doc>Regression Tests - Validation Đăng Nhập/Đăng Kí Chi Tiết</doc>
<status status="FAIL" start="2026-06-19T06:08:09.328571" elapsed="62.081701"/>
</suite>
<status status="FAIL" start="2026-06-19T06:04:39.565534" elapsed="271.847618"/>
</suite>
<statistics>
<total>
<stat pass="18" fail="36" skip="0">All Tests</stat>
</total>
<tag>
<stat pass="18" fail="36" skip="0">auth</stat>
<stat pass="9" fail="22" skip="0">regression</stat>
<stat pass="9" fail="14" skip="0">smoke</stat>
<stat pass="10" fail="25" skip="0">validation</stat>
</tag>
<suite>
<stat name="Authentication" id="s1" pass="18" fail="36" skip="0">Authentication</stat>
<stat name="Authentication Basic Tests" id="s1-s1" pass="6" fail="2" skip="0">Authentication.Authentication Basic Tests</stat>
<stat name="Authentication Flow Tests" id="s1-s2" pass="2" fail="9" skip="0">Authentication.Authentication Flow Tests</stat>
<stat name="Authentication Validation Basic Tests" id="s1-s3" pass="3" fail="12" skip="0">Authentication.Authentication Validation Basic Tests</stat>
<stat name="Authentication Validation Tests" id="s1-s4" pass="7" fail="13" skip="0">Authentication.Authentication Validation Tests</stat>
</suite>
</statistics>
<errors>
</errors>
</robot>
