<?xml version="1.0" encoding="UTF-8"?>
<robot generator="Robot 7.2.2 (Python 3.12.5 on win32)" generated="2026-06-19T11:09:13.414135" rpa="false" schemaversion="5">
<suite id="s1" name="Field Detail" source="D:\TestRobotFrameWork POM\tests\field_detail">
<suite id="s1-s1" name="Services Basic Tests" source="D:\TestRobotFrameWork POM\tests\field_detail\services_basic_tests.robot">
<kw name="Open Browser To Application" owner="booking_keywords" type="SETUP">
<kw name="Open Browser" owner="SeleniumLibrary">
<msg time="2026-06-19T11:09:13.830289" level="INFO">Opening browser 'chrome' to base url 'https://football-booking-system-seven.vercel.app/'.</msg>
<arg>${URL}</arg>
<arg>${BROWSER}</arg>
<doc>Opens a new browser instance to the optional ``url``.</doc>
<status status="PASS" start="2026-06-19T11:09:13.830289" elapsed="2.509826"/>
</kw>
<kw name="Maximize Browser Window" owner="SeleniumLibrary">
<doc>Maximizes current browser window.</doc>
<status status="PASS" start="2026-06-19T11:09:16.340115" elapsed="0.040471"/>
</kw>
<kw name="Set Screenshot Directory" owner="SeleniumLibrary">
<arg>${OUTPUT DIR}${/}screenshots</arg>
<doc>Sets the directory for captured screenshots.</doc>
<status status="PASS" start="2026-06-19T11:09:16.381604" elapsed="0.000000"/>
</kw>
<kw name="Wait Until Page Contains" owner="SeleniumLibrary">
<arg>Football Booking</arg>
<arg>${TIMEOUT}</arg>
<doc>Waits until ``text`` appears on the current page.</doc>
<status status="PASS" start="2026-06-19T11:09:16.383047" elapsed="0.036516"/>
</kw>
<doc>Mở browser và truy cập website</doc>
<status status="PASS" start="2026-06-19T11:09:13.829745" elapsed="2.589818"/>
</kw>
<test id="s1-s1-t1" name="TC_SERVICE_SMOKE_01: Khu Vực Dịch Vụ Đi Kèm Hiển Thị" line="11">
<kw name="Navigate To Field Detail Page" owner="services_keywords">
<kw name="Navigate To Pitches Page" owner="booking_keywords">
<kw name="Go To" owner="SeleniumLibrary">
<msg time="2026-06-19T11:09:16.423127" level="INFO">Opening url 'https://football-booking-system-seven.vercel.app//fields'</msg>
<arg>${URL}/fields</arg>
<doc>Navigates the current browser window to the provided ``url``.</doc>
<status status="PASS" start="2026-06-19T11:09:16.422125" elapsed="0.496924"/>
</kw>
<kw name="Sleep" owner="BuiltIn">
<msg time="2026-06-19T11:09:19.919846" level="INFO">Slept 3 seconds.</msg>
<arg>3s</arg>
<doc>Pauses the test executed for the given time.</doc>
<status status="PASS" start="2026-06-19T11:09:16.919186" elapsed="3.000660"/>
</kw>
<kw name="Wait Until Element Is Visible" owner="SeleniumLibrary">
<arg>xpath=(//a[contains(text(),'Xem chi tiết')])[1]</arg>
<arg>20s</arg>
<doc>Waits until the element ``locator`` is visible.</doc>
<status status="PASS" start="2026-06-19T11:09:19.920528" elapsed="0.058342"/>
</kw>
<kw name="Scroll Element Into View" owner="SeleniumLibrary">
<arg>xpath=(//a[contains(text(),'Xem chi tiết')])[1]</arg>
<doc>Scrolls the element identified by ``locator`` into view.</doc>
<status status="PASS" start="2026-06-19T11:09:19.979376" elapsed="0.344584"/>
</kw>
<kw name="Sleep" owner="BuiltIn">
<msg time="2026-06-19T11:09:21.324446" level="INFO">Slept 1 second.</msg>
<arg>1s</arg>
<doc>Pauses the test executed for the given time.</doc>
<status status="PASS" start="2026-06-19T11:09:20.323960" elapsed="1.000486"/>
</kw>
<status status="PASS" start="2026-06-19T11:09:16.422125" elapsed="4.902321"/>
</kw>
<kw name="Wait Until Element Is Visible" owner="SeleniumLibrary">
<arg>xpath=(//a[contains(text(),'Xem chi tiết')])[1]</arg>
<arg>${TIMEOUT}</arg>
<doc>Waits until the element ``locator`` is visible.</doc>
<status status="PASS" start="2026-06-19T11:09:21.325463" elapsed="0.035903"/>
</kw>
<kw name="Click Element" owner="SeleniumLibrary">
<msg time="2026-06-19T11:09:21.363907" level="INFO">Clicking element 'xpath=(//a[contains(text(),'Xem chi tiết')])[1]'.</msg>
<arg>xpath=(//a[contains(text(),'Xem chi tiết')])[1]</arg>
<doc>Click the element identified by ``locator``.</doc>
<status status="PASS" start="2026-06-19T11:09:21.363907" elapsed="0.220834"/>
</kw>
<kw name="Wait Until Page Contains" owner="SeleniumLibrary">
<arg>Dịch vụ đi kèm</arg>
<arg>${TIMEOUT}</arg>
<doc>Waits until ``text`` appears on the current page.</doc>
<status status="PASS" start="2026-06-19T11:09:21.585748" elapsed="1.274446"/>
</kw>
<kw name="Capture Page Screenshot" owner="SeleniumLibrary">
<msg time="2026-06-19T11:09:23.148693" level="INFO" html="true">&lt;/td&gt;&lt;/tr&gt;&lt;tr&gt;&lt;td colspan="3"&gt;&lt;a href="screenshots/selenium-screenshot-1.png"&gt;&lt;img src="screenshots/selenium-screenshot-1.png" width="800px"&gt;&lt;/a&gt;</msg>
<doc>Takes a screenshot of the current page and embeds it into a log file.</doc>
<status status="PASS" start="2026-06-19T11:09:22.860194" elapsed="0.289493"/>
</kw>
<doc>Điều hướng tới trang chi tiết sân (dịch vụ nằm ở đây)</doc>
<status status="PASS" start="2026-06-19T11:09:16.421111" elapsed="6.728576"/>
</kw>
<kw name="Page Should Contain Element" owner="SeleniumLibrary">
<msg time="2026-06-19T11:09:23.175568" level="INFO">Current page contains element 'xpath://div[contains(@class,'service-section')]'.</msg>
<arg>${SERVICES_SECTION}</arg>
<doc>Verifies that element ``locator`` is found on the current page.</doc>
<status status="PASS" start="2026-06-19T11:09:23.150215" elapsed="0.025353"/>
</kw>
<kw name="Page Should Contain" owner="SeleniumLibrary">
<msg time="2026-06-19T11:09:23.199054" level="INFO">Current page contains text 'Dịch vụ đi kèm'.</msg>
<arg>Dịch vụ đi kèm</arg>
<doc>Verifies that current page contains ``text``.</doc>
<status status="PASS" start="2026-06-19T11:09:23.176210" elapsed="0.023607"/>
</kw>
<doc>Kiểm tra div.service-section và tiêu đề "Dịch vụ đi kèm" xuất hiện trên trang chi tiết sân</doc>
<tag>service</tag>
<tag>smoke</tag>
<status status="PASS" start="2026-06-19T11:09:16.419563" elapsed="6.780254"/>
</test>
<test id="s1-s1-t2" name="TC_SERVICE_SMOKE_02: Có Ít Nhất Một Dịch Vụ Hiển Thị" line="18">
<kw name="Navigate To Field Detail Page" owner="services_keywords">
<kw name="Navigate To Pitches Page" owner="booking_keywords">
<kw name="Go To" owner="SeleniumLibrary">
<msg time="2026-06-19T11:09:23.202949" level="INFO">Opening url 'https://football-booking-system-seven.vercel.app//fields'</msg>
<arg>${URL}/fields</arg>
<doc>Navigates the current browser window to the provided ``url``.</doc>
<status status="PASS" start="2026-06-19T11:09:23.202949" elapsed="0.340115"/>
</kw>
<kw name="Sleep" owner="BuiltIn">
<msg time="2026-06-19T11:09:26.543145" level="INFO">Slept 3 seconds.</msg>
<arg>3s</arg>
<doc>Pauses the test executed for the given time.</doc>
<status status="PASS" start="2026-06-19T11:09:23.543064" elapsed="3.000081"/>
</kw>
<kw name="Wait Until Element Is Visible" owner="SeleniumLibrary">
<arg>xpath=(//a[contains(text(),'Xem chi tiết')])[1]</arg>
<arg>20s</arg>
<doc>Waits until the element ``locator`` is visible.</doc>
<status status="PASS" start="2026-06-19T11:09:26.543145" elapsed="0.043985"/>
</kw>
<kw name="Scroll Element Into View" owner="SeleniumLibrary">
<arg>xpath=(//a[contains(text(),'Xem chi tiết')])[1]</arg>
<doc>Scrolls the element identified by ``locator`` into view.</doc>
<status status="PASS" start="2026-06-19T11:09:26.587130" elapsed="0.302611"/>
</kw>
<kw name="Sleep" owner="BuiltIn">
<msg time="2026-06-19T11:09:27.890875" level="INFO">Slept 1 second.</msg>
<arg>1s</arg>
<doc>Pauses the test executed for the given time.</doc>
<status status="PASS" start="2026-06-19T11:09:26.889741" elapsed="1.001134"/>
</kw>
<status status="PASS" start="2026-06-19T11:09:23.202949" elapsed="4.687926"/>
</kw>
<kw name="Wait Until Element Is Visible" owner="SeleniumLibrary">
<arg>xpath=(//a[contains(text(),'Xem chi tiết')])[1]</arg>
<arg>${TIMEOUT}</arg>
<doc>Waits until the element ``locator`` is visible.</doc>
<status status="PASS" start="2026-06-19T11:09:27.890875" elapsed="0.197052"/>
</kw>
<kw name="Click Element" owner="SeleniumLibrary">
<msg time="2026-06-19T11:09:28.091081" level="INFO">Clicking element 'xpath=(//a[contains(text(),'Xem chi tiết')])[1]'.</msg>
<arg>xpath=(//a[contains(text(),'Xem chi tiết')])[1]</arg>
<doc>Click the element identified by ``locator``.</doc>
<status status="PASS" start="2026-06-19T11:09:28.088450" elapsed="0.695835"/>
</kw>
<kw name="Wait Until Page Contains" owner="SeleniumLibrary">
<arg>Dịch vụ đi kèm</arg>
<arg>${TIMEOUT}</arg>
<doc>Waits until ``text`` appears on the current page.</doc>
<status status="PASS" start="2026-06-19T11:09:28.784285" elapsed="1.068323"/>
</kw>
<kw name="Capture Page Screenshot" owner="SeleniumLibrary">
<msg time="2026-06-19T11:09:30.370876" level="INFO" html="true">&lt;/td&gt;&lt;/tr&gt;&lt;tr&gt;&lt;td colspan="3"&gt;&lt;a href="screenshots/selenium-screenshot-2.png"&gt;&lt;img src="screenshots/selenium-screenshot-2.png" width="800px"&gt;&lt;/a&gt;</msg>
<doc>Takes a screenshot of the current page and embeds it into a log file.</doc>
<status status="PASS" start="2026-06-19T11:09:29.852608" elapsed="0.518268"/>
</kw>
<doc>Điều hướng tới trang chi tiết sân (dịch vụ nằm ở đây)</doc>
<status status="PASS" start="2026-06-19T11:09:23.202949" elapsed="7.167927"/>
</kw>
<kw name="Get Service Count" owner="services_keywords">
<kw name="Get Element Count" owner="SeleniumLibrary">
<msg time="2026-06-19T11:09:30.438208" level="INFO">${count} = 0</msg>
<var>${count}</var>
<arg>${SERVICE_CARD}</arg>
<doc>Returns the number of elements matching ``locator``.</doc>
<status status="PASS" start="2026-06-19T11:09:30.383637" elapsed="0.055088"/>
</kw>
<return>
<value>${count}</value>
<status status="PASS" start="2026-06-19T11:09:30.438725" elapsed="0.000000"/>
</return>
<msg time="2026-06-19T11:09:30.439263" level="INFO">${count} = 0</msg>
<var>${count}</var>
<doc>Đếm số lượng dịch vụ (ss-card) hiển thị</doc>
<status status="PASS" start="2026-06-19T11:09:30.383637" elapsed="0.055626"/>
</kw>
<kw name="Should Be True" owner="BuiltIn">
<msg time="2026-06-19T11:09:30.441506" level="FAIL">Không có dịch vụ nào trong ss-grid</msg>
<arg>${count} &gt; 0</arg>
<arg>Không có dịch vụ nào trong ss-grid</arg>
<doc>Fails if the given condition is not true.</doc>
<status status="FAIL" start="2026-06-19T11:09:30.440357" elapsed="0.001535">Không có dịch vụ nào trong ss-grid</status>
</kw>
<doc>Kiểm tra ss-grid chứa ít nhất 1 ss-card</doc>
<tag>service</tag>
<tag>smoke</tag>
<status status="FAIL" start="2026-06-19T11:09:23.201264" elapsed="7.244498">Không có dịch vụ nào trong ss-grid</status>
</test>
<test id="s1-s1-t3" name="TC_SERVICE_SMOKE_03: Mỗi Dịch Vụ Hiển Thị Tên Và Giá" line="25">
<kw name="Navigate To Field Detail Page" owner="services_keywords">
<kw name="Navigate To Pitches Page" owner="booking_keywords">
<kw name="Go To" owner="SeleniumLibrary">
<msg time="2026-06-19T11:09:30.468559" level="INFO">Opening url 'https://football-booking-system-seven.vercel.app//fields'</msg>
<arg>${URL}/fields</arg>
<doc>Navigates the current browser window to the provided ``url``.</doc>
<status status="PASS" start="2026-06-19T11:09:30.467490" elapsed="0.308440"/>
</kw>
<kw name="Sleep" owner="BuiltIn">
<msg time="2026-06-19T11:09:33.777897" level="INFO">Slept 3 seconds.</msg>
<arg>3s</arg>
<doc>Pauses the test executed for the given time.</doc>
<status status="PASS" start="2026-06-19T11:09:30.776613" elapsed="3.001284"/>
</kw>
<kw name="Wait Until Element Is Visible" owner="SeleniumLibrary">
<arg>xpath=(//a[contains(text(),'Xem chi tiết')])[1]</arg>
<arg>20s</arg>
<doc>Waits until the element ``locator`` is visible.</doc>
<status status="PASS" start="2026-06-19T11:09:33.777897" elapsed="0.049738"/>
</kw>
<kw name="Scroll Element Into View" owner="SeleniumLibrary">
<arg>xpath=(//a[contains(text(),'Xem chi tiết')])[1]</arg>
<doc>Scrolls the element identified by ``locator`` into view.</doc>
<status status="PASS" start="2026-06-19T11:09:33.827635" elapsed="0.389730"/>
</kw>
<kw name="Sleep" owner="BuiltIn">
<msg time="2026-06-19T11:09:35.218623" level="INFO">Slept 1 second.</msg>
<arg>1s</arg>
<doc>Pauses the test executed for the given time.</doc>
<status status="PASS" start="2026-06-19T11:09:34.218371" elapsed="1.000252"/>
</kw>
<status status="PASS" start="2026-06-19T11:09:30.466497" elapsed="4.752562"/>
</kw>
<kw name="Wait Until Element Is Visible" owner="SeleniumLibrary">
<arg>xpath=(//a[contains(text(),'Xem chi tiết')])[1]</arg>
<arg>${TIMEOUT}</arg>
<doc>Waits until the element ``locator`` is visible.</doc>
<status status="PASS" start="2026-06-19T11:09:35.219201" elapsed="0.054851"/>
</kw>
<kw name="Click Element" owner="SeleniumLibrary">
<msg time="2026-06-19T11:09:35.275075" level="INFO">Clicking element 'xpath=(//a[contains(text(),'Xem chi tiết')])[1]'.</msg>
<arg>xpath=(//a[contains(text(),'Xem chi tiết')])[1]</arg>
<doc>Click the element identified by ``locator``.</doc>
<status status="PASS" start="2026-06-19T11:09:35.274052" elapsed="0.186408"/>
</kw>
<kw name="Wait Until Page Contains" owner="SeleniumLibrary">
<arg>Dịch vụ đi kèm</arg>
<arg>${TIMEOUT}</arg>
<doc>Waits until ``text`` appears on the current page.</doc>
<status status="PASS" start="2026-06-19T11:09:35.460460" elapsed="1.093309"/>
</kw>
<kw name="Capture Page Screenshot" owner="SeleniumLibrary">
<msg time="2026-06-19T11:09:37.157314" level="INFO" html="true">&lt;/td&gt;&lt;/tr&gt;&lt;tr&gt;&lt;td colspan="3"&gt;&lt;a href="screenshots/selenium-screenshot-3.png"&gt;&lt;img src="screenshots/selenium-screenshot-3.png" width="800px"&gt;&lt;/a&gt;</msg>
<doc>Takes a screenshot of the current page and embeds it into a log file.</doc>
<status status="PASS" start="2026-06-19T11:09:36.553769" elapsed="0.603545"/>
</kw>
<doc>Điều hướng tới trang chi tiết sân (dịch vụ nằm ở đây)</doc>
<status status="PASS" start="2026-06-19T11:09:30.465458" elapsed="6.692595"/>
</kw>
<kw name="Wait Until Page Contains Element" owner="SeleniumLibrary">
<msg time="2026-06-19T11:09:47.587714" level="INFO" html="true">&lt;/td&gt;&lt;/tr&gt;&lt;tr&gt;&lt;td colspan="3"&gt;&lt;a href="screenshots/selenium-screenshot-4.png"&gt;&lt;img src="screenshots/selenium-screenshot-4.png" width="800px"&gt;&lt;/a&gt;</msg>
<msg time="2026-06-19T11:09:47.587714" level="FAIL">Element 'xpath://div[contains(@class,'ss-card')]' did not appear in 10 seconds.</msg>
<arg>${SERVICE_CARD}</arg>
<arg>${TIMEOUT}</arg>
<doc>Waits until the element ``locator`` appears on the current page.</doc>
<status status="FAIL" start="2026-06-19T11:09:37.158950" elapsed="10.443122">Element 'xpath://div[contains(@class,'ss-card')]' did not appear in 10 seconds.</status>
</kw>
<kw name="Page Should Contain Element" owner="SeleniumLibrary">
<arg>${SERVICE_NAME_LABEL}</arg>
<doc>Verifies that element ``locator`` is found on the current page.</doc>
<status status="NOT RUN" start="2026-06-19T11:09:47.603163" elapsed="0.000000"/>
</kw>
<kw name="Page Should Contain Element" owner="SeleniumLibrary">
<arg>${SERVICE_PRICE_LABEL}</arg>
<doc>Verifies that element ``locator`` is found on the current page.</doc>
<status status="NOT RUN" start="2026-06-19T11:09:47.603163" elapsed="0.000000"/>
</kw>
<doc>Kiểm tra p.ss-name và p.ss-price xuất hiện trong ss-card</doc>
<tag>service</tag>
<tag>smoke</tag>
<status status="FAIL" start="2026-06-19T11:09:30.463391" elapsed="17.139772">Element 'xpath://div[contains(@class,'ss-card')]' did not appear in 10 seconds.</status>
</test>
<test id="s1-s1-t4" name="TC_SERVICE_SMOKE_04: Mỗi Dịch Vụ Có Nút Tăng Giảm Số Lượng" line="33">
<kw name="Navigate To Field Detail Page" owner="services_keywords">
<kw name="Navigate To Pitches Page" owner="booking_keywords">
<kw name="Go To" owner="SeleniumLibrary">
<msg time="2026-06-19T11:09:47.606978" level="INFO">Opening url 'https://football-booking-system-seven.vercel.app//fields'</msg>
<arg>${URL}/fields</arg>
<doc>Navigates the current browser window to the provided ``url``.</doc>
<status status="PASS" start="2026-06-19T11:09:47.606978" elapsed="0.433507"/>
</kw>
<kw name="Sleep" owner="BuiltIn">
<msg time="2026-06-19T11:09:51.041942" level="INFO">Slept 3 seconds.</msg>
<arg>3s</arg>
<doc>Pauses the test executed for the given time.</doc>
<status status="PASS" start="2026-06-19T11:09:48.040485" elapsed="3.001457"/>
</kw>
<kw name="Wait Until Element Is Visible" owner="SeleniumLibrary">
<arg>xpath=(//a[contains(text(),'Xem chi tiết')])[1]</arg>
<arg>20s</arg>
<doc>Waits until the element ``locator`` is visible.</doc>
<status status="PASS" start="2026-06-19T11:09:51.042469" elapsed="0.058687"/>
</kw>
<kw name="Scroll Element Into View" owner="SeleniumLibrary">
<arg>xpath=(//a[contains(text(),'Xem chi tiết')])[1]</arg>
<doc>Scrolls the element identified by ``locator`` into view.</doc>
<status status="PASS" start="2026-06-19T11:09:51.101156" elapsed="0.312821"/>
</kw>
<kw name="Sleep" owner="BuiltIn">
<msg time="2026-06-19T11:09:52.417579" level="INFO">Slept 1 second.</msg>
<arg>1s</arg>
<doc>Pauses the test executed for the given time.</doc>
<status status="PASS" start="2026-06-19T11:09:51.416094" elapsed="1.001485"/>
</kw>
<status status="PASS" start="2026-06-19T11:09:47.606329" elapsed="4.811788"/>
</kw>
<kw name="Wait Until Element Is Visible" owner="SeleniumLibrary">
<arg>xpath=(//a[contains(text(),'Xem chi tiết')])[1]</arg>
<arg>${TIMEOUT}</arg>
<doc>Waits until the element ``locator`` is visible.</doc>
<status status="PASS" start="2026-06-19T11:09:52.418117" elapsed="0.053980"/>
</kw>
<kw name="Click Element" owner="SeleniumLibrary">
<msg time="2026-06-19T11:09:52.473094" level="INFO">Clicking element 'xpath=(//a[contains(text(),'Xem chi tiết')])[1]'.</msg>
<arg>xpath=(//a[contains(text(),'Xem chi tiết')])[1]</arg>
<doc>Click the element identified by ``locator``.</doc>
<status status="PASS" start="2026-06-19T11:09:52.472097" elapsed="0.195482"/>
</kw>
<kw name="Wait Until Page Contains" owner="SeleniumLibrary">
<arg>Dịch vụ đi kèm</arg>
<arg>${TIMEOUT}</arg>
<doc>Waits until ``text`` appears on the current page.</doc>
<status status="PASS" start="2026-06-19T11:09:52.667579" elapsed="1.050106"/>
</kw>
<kw name="Capture Page Screenshot" owner="SeleniumLibrary">
<msg time="2026-06-19T11:09:54.065732" level="INFO" html="true">&lt;/td&gt;&lt;/tr&gt;&lt;tr&gt;&lt;td colspan="3"&gt;&lt;a href="screenshots/selenium-screenshot-5.png"&gt;&lt;img src="screenshots/selenium-screenshot-5.png" width="800px"&gt;&lt;/a&gt;</msg>
<doc>Takes a screenshot of the current page and embeds it into a log file.</doc>
<status status="PASS" start="2026-06-19T11:09:53.719205" elapsed="0.347524"/>
</kw>
<doc>Điều hướng tới trang chi tiết sân (dịch vụ nằm ở đây)</doc>
<status status="PASS" start="2026-06-19T11:09:47.605243" elapsed="6.461486"/>
</kw>
<kw name="Page Should Contain Element" owner="SeleniumLibrary">
<msg time="2026-06-19T11:09:54.428109" level="INFO" html="true">&lt;/td&gt;&lt;/tr&gt;&lt;tr&gt;&lt;td colspan="3"&gt;&lt;a href="screenshots/selenium-screenshot-6.png"&gt;&lt;img src="screenshots/selenium-screenshot-6.png" width="800px"&gt;&lt;/a&gt;</msg>
<msg time="2026-06-19T11:09:54.428109" level="FAIL">Page should have contained element 'xpath://button[contains(@class,'ss-btn-plus')]' but did not.</msg>
<arg>${SERVICE_BTN_PLUS}</arg>
<doc>Verifies that element ``locator`` is found on the current page.</doc>
<status status="FAIL" start="2026-06-19T11:09:54.067730" elapsed="0.363025">Page should have contained element 'xpath://button[contains(@class,'ss-btn-plus')]' but did not.</status>
</kw>
<kw name="Page Should Contain Element" owner="SeleniumLibrary">
<arg>${SERVICE_BTN_MINUS}</arg>
<doc>Verifies that element ``locator`` is found on the current page.</doc>
<status status="NOT RUN" start="2026-06-19T11:09:54.431674" elapsed="0.000000"/>
</kw>
<doc>Kiểm tra nút (+) và (-) tồn tại trong mỗi ss-card</doc>
<tag>service</tag>
<tag>smoke</tag>
<status status="FAIL" start="2026-06-19T11:09:47.604108" elapsed="6.827566">Page should have contained element 'xpath://button[contains(@class,'ss-btn-plus')]' but did not.</status>
</test>
<test id="s1-s1-t5" name="TC_SERVICE_SMOKE_05: Số Lượng Ban Đầu Là 0" line="40">
<kw name="Navigate To Field Detail Page" owner="services_keywords">
<kw name="Navigate To Pitches Page" owner="booking_keywords">
<kw name="Go To" owner="SeleniumLibrary">
<msg time="2026-06-19T11:09:54.434669" level="INFO">Opening url 'https://football-booking-system-seven.vercel.app//fields'</msg>
<arg>${URL}/fields</arg>
<doc>Navigates the current browser window to the provided ``url``.</doc>
<status status="PASS" start="2026-06-19T11:09:54.434669" elapsed="0.609332"/>
</kw>
<kw name="Sleep" owner="BuiltIn">
<msg time="2026-06-19T11:09:58.045928" level="INFO">Slept 3 seconds.</msg>
<arg>3s</arg>
<doc>Pauses the test executed for the given time.</doc>
<status status="PASS" start="2026-06-19T11:09:55.044001" elapsed="3.001927"/>
</kw>
<kw name="Wait Until Element Is Visible" owner="SeleniumLibrary">
<arg>xpath=(//a[contains(text(),'Xem chi tiết')])[1]</arg>
<arg>20s</arg>
<doc>Waits until the element ``locator`` is visible.</doc>
<status status="PASS" start="2026-06-19T11:09:58.045928" elapsed="0.041473"/>
</kw>
<kw name="Scroll Element Into View" owner="SeleniumLibrary">
<arg>xpath=(//a[contains(text(),'Xem chi tiết')])[1]</arg>
<doc>Scrolls the element identified by ``locator`` into view.</doc>
<status status="PASS" start="2026-06-19T11:09:58.087401" elapsed="0.307889"/>
</kw>
<kw name="Sleep" owner="BuiltIn">
<msg time="2026-06-19T11:09:59.395662" level="INFO">Slept 1 second.</msg>
<arg>1s</arg>
<doc>Pauses the test executed for the given time.</doc>
<status status="PASS" start="2026-06-19T11:09:58.395473" elapsed="1.000189"/>
</kw>
<status status="PASS" start="2026-06-19T11:09:54.434669" elapsed="4.960993"/>
</kw>
<kw name="Wait Until Element Is Visible" owner="SeleniumLibrary">
<arg>xpath=(//a[contains(text(),'Xem chi tiết')])[1]</arg>
<arg>${TIMEOUT}</arg>
<doc>Waits until the element ``locator`` is visible.</doc>
<status status="PASS" start="2026-06-19T11:09:59.395662" elapsed="0.043155"/>
</kw>
<kw name="Click Element" owner="SeleniumLibrary">
<msg time="2026-06-19T11:09:59.439690" level="INFO">Clicking element 'xpath=(//a[contains(text(),'Xem chi tiết')])[1]'.</msg>
<arg>xpath=(//a[contains(text(),'Xem chi tiết')])[1]</arg>
<doc>Click the element identified by ``locator``.</doc>
<status status="PASS" start="2026-06-19T11:09:59.439690" elapsed="0.176679"/>
</kw>
<kw name="Wait Until Page Contains" owner="SeleniumLibrary">
<arg>Dịch vụ đi kèm</arg>
<arg>${TIMEOUT}</arg>
<doc>Waits until ``text`` appears on the current page.</doc>
<status status="PASS" start="2026-06-19T11:09:59.617358" elapsed="0.931789"/>
</kw>
<kw name="Capture Page Screenshot" owner="SeleniumLibrary">
<msg time="2026-06-19T11:10:00.898343" level="INFO" html="true">&lt;/td&gt;&lt;/tr&gt;&lt;tr&gt;&lt;td colspan="3"&gt;&lt;a href="screenshots/selenium-screenshot-7.png"&gt;&lt;img src="screenshots/selenium-screenshot-7.png" width="800px"&gt;&lt;/a&gt;</msg>
<doc>Takes a screenshot of the current page and embeds it into a log file.</doc>
<status status="PASS" start="2026-06-19T11:10:00.550273" elapsed="0.348070"/>
</kw>
<doc>Điều hướng tới trang chi tiết sân (dịch vụ nằm ở đây)</doc>
<status status="PASS" start="2026-06-19T11:09:54.434669" elapsed="6.463674"/>
</kw>
<kw name="Service Quantity Should Be" owner="services_keywords">
<kw name="Get Service Quantity" owner="services_keywords">
<kw name="Get Text" owner="SeleniumLibrary">
<msg time="2026-06-19T11:10:01.199359" level="INFO" html="true">&lt;/td&gt;&lt;/tr&gt;&lt;tr&gt;&lt;td colspan="3"&gt;&lt;a href="screenshots/selenium-screenshot-8.png"&gt;&lt;img src="screenshots/selenium-screenshot-8.png" width="800px"&gt;&lt;/a&gt;</msg>
<msg time="2026-06-19T11:10:01.199359" level="FAIL">Element with locator 'xpath://div[contains(@class,'ss-card')][.//p[contains(@class,'ss-name') and normalize-space()='Giày']]//span[contains(@class,'ss-qty')]' not found.</msg>
<var>${qty}</var>
<arg>xpath://div[contains(@class,'ss-card')][.//p[contains(@class,'ss-name') and normalize-space()='${service_name}']]//span[contains(@class,'ss-qty')]</arg>
<doc>Returns the text value of the element identified by ``locator``.</doc>
<status status="FAIL" start="2026-06-19T11:10:00.899944" elapsed="0.301454">Element with locator 'xpath://div[contains(@class,'ss-card')][.//p[contains(@class,'ss-name') and normalize-space()='Giày']]//span[contains(@class,'ss-qty')]' not found.</status>
</kw>
<return>
<value>${qty}</value>
<status status="NOT RUN" start="2026-06-19T11:10:01.201398" elapsed="0.000000"/>
</return>
<var>${qty}</var>
<arg>${service_name}</arg>
<doc>Lấy số lượng hiện tại của dịch vụ (từ span.ss-qty)</doc>
<status status="FAIL" start="2026-06-19T11:10:00.899944" elapsed="0.301454">Element with locator 'xpath://div[contains(@class,'ss-card')][.//p[contains(@class,'ss-name') and normalize-space()='Giày']]//span[contains(@class,'ss-qty')]' not found.</status>
</kw>
<kw name="Should Be Equal As Strings" owner="BuiltIn">
<arg>${qty}</arg>
<arg>${expected_qty}</arg>
<doc>Fails if objects are unequal after converting them to strings.</doc>
<status status="NOT RUN" start="2026-06-19T11:10:01.202445" elapsed="0.000000"/>
</kw>
<kw name="Capture Page Screenshot" owner="SeleniumLibrary">
<doc>Takes a screenshot of the current page and embeds it into a log file.</doc>
<status status="NOT RUN" start="2026-06-19T11:10:01.202445" elapsed="0.000000"/>
</kw>
<arg>${SERVICE_NAME_GIAY}</arg>
<arg>0</arg>
<doc>Xác nhận span.ss-qty của dịch vụ bằng giá trị mong đợi</doc>
<status status="FAIL" start="2026-06-19T11:10:00.899944" elapsed="0.302501">Element with locator 'xpath://div[contains(@class,'ss-card')][.//p[contains(@class,'ss-name') and normalize-space()='Giày']]//span[contains(@class,'ss-qty')]' not found.</status>
</kw>
<kw name="Service Quantity Should Be" owner="services_keywords">
<arg>${SERVICE_NAME_NUOC}</arg>
<arg>0</arg>
<doc>Xác nhận span.ss-qty của dịch vụ bằng giá trị mong đợi</doc>
<status status="NOT RUN" start="2026-06-19T11:10:01.203076" elapsed="0.000000"/>
</kw>
<doc>Kiểm tra span.ss-qty của "Giày" và "Nước" ban đầu hiển thị 0</doc>
<tag>service</tag>
<tag>smoke</tag>
<status status="FAIL" start="2026-06-19T11:09:54.432673" elapsed="6.770403">Element with locator 'xpath://div[contains(@class,'ss-card')][.//p[contains(@class,'ss-name') and normalize-space()='Giày']]//span[contains(@class,'ss-qty')]' not found.</status>
</test>
<test id="s1-s1-t6" name="TC_SERVICE_SMOKE_06: Nút Trừ Bị Disabled Khi Số Lượng Bằng 0" line="47">
<kw name="Navigate To Field Detail Page" owner="services_keywords">
<kw name="Navigate To Pitches Page" owner="booking_keywords">
<kw name="Go To" owner="SeleniumLibrary">
<msg time="2026-06-19T11:10:01.205988" level="INFO">Opening url 'https://football-booking-system-seven.vercel.app//fields'</msg>
<arg>${URL}/fields</arg>
<doc>Navigates the current browser window to the provided ``url``.</doc>
<status status="PASS" start="2026-06-19T11:10:01.205988" elapsed="0.470802"/>
</kw>
<kw name="Sleep" owner="BuiltIn">
<msg time="2026-06-19T11:10:04.678304" level="INFO">Slept 3 seconds.</msg>
<arg>3s</arg>
<doc>Pauses the test executed for the given time.</doc>
<status status="PASS" start="2026-06-19T11:10:01.676790" elapsed="3.001514"/>
</kw>
<kw name="Wait Until Element Is Visible" owner="SeleniumLibrary">
<arg>xpath=(//a[contains(text(),'Xem chi tiết')])[1]</arg>
<arg>20s</arg>
<doc>Waits until the element ``locator`` is visible.</doc>
<status status="PASS" start="2026-06-19T11:10:04.678304" elapsed="0.047072"/>
</kw>
<kw name="Scroll Element Into View" owner="SeleniumLibrary">
<arg>xpath=(//a[contains(text(),'Xem chi tiết')])[1]</arg>
<doc>Scrolls the element identified by ``locator`` into view.</doc>
<status status="PASS" start="2026-06-19T11:10:04.726385" elapsed="0.346216"/>
</kw>
<kw name="Sleep" owner="BuiltIn">
<msg time="2026-06-19T11:10:06.074226" level="INFO">Slept 1 second.</msg>
<arg>1s</arg>
<doc>Pauses the test executed for the given time.</doc>
<status status="PASS" start="2026-06-19T11:10:05.072601" elapsed="1.001625"/>
</kw>
<status status="PASS" start="2026-06-19T11:10:01.205988" elapsed="4.869211"/>
</kw>
<kw name="Wait Until Element Is Visible" owner="SeleniumLibrary">
<arg>xpath=(//a[contains(text(),'Xem chi tiết')])[1]</arg>
<arg>${TIMEOUT}</arg>
<doc>Waits until the element ``locator`` is visible.</doc>
<status status="PASS" start="2026-06-19T11:10:06.075719" elapsed="0.068688"/>
</kw>
<kw name="Click Element" owner="SeleniumLibrary">
<msg time="2026-06-19T11:10:06.145514" level="INFO">Clicking element 'xpath=(//a[contains(text(),'Xem chi tiết')])[1]'.</msg>
<arg>xpath=(//a[contains(text(),'Xem chi tiết')])[1]</arg>
<doc>Click the element identified by ``locator``.</doc>
<status status="PASS" start="2026-06-19T11:10:06.145413" elapsed="0.125868"/>
</kw>
<kw name="Wait Until Page Contains" owner="SeleniumLibrary">
<arg>Dịch vụ đi kèm</arg>
<arg>${TIMEOUT}</arg>
<doc>Waits until ``text`` appears on the current page.</doc>
<status status="PASS" start="2026-06-19T11:10:06.271281" elapsed="0.921476"/>
</kw>
<kw name="Capture Page Screenshot" owner="SeleniumLibrary">
<msg time="2026-06-19T11:10:07.522867" level="INFO" html="true">&lt;/td&gt;&lt;/tr&gt;&lt;tr&gt;&lt;td colspan="3"&gt;&lt;a href="screenshots/selenium-screenshot-9.png"&gt;&lt;img src="screenshots/selenium-screenshot-9.png" width="800px"&gt;&lt;/a&gt;</msg>
<doc>Takes a screenshot of the current page and embeds it into a log file.</doc>
<status status="PASS" start="2026-06-19T11:10:07.194282" elapsed="0.328585"/>
</kw>
<doc>Điều hướng tới trang chi tiết sân (dịch vụ nằm ở đây)</doc>
<status status="PASS" start="2026-06-19T11:10:01.204976" elapsed="6.319057"/>
</kw>
<kw name="Service Minus Button Should Be Disabled" owner="services_keywords">
<kw name="Element Should Be Disabled" owner="SeleniumLibrary">
<msg time="2026-06-19T11:10:07.898541" level="INFO" html="true">&lt;/td&gt;&lt;/tr&gt;&lt;tr&gt;&lt;td colspan="3"&gt;&lt;a href="screenshots/selenium-screenshot-10.png"&gt;&lt;img src="screenshots/selenium-screenshot-10.png" width="800px"&gt;&lt;/a&gt;</msg>
<msg time="2026-06-19T11:10:07.900064" level="FAIL">Element with locator 'xpath://div[contains(@class,'ss-card')][.//p[contains(@class,'ss-name') and normalize-space()='Giày']]//button[contains(@class,'ss-btn-minus')]' not found.</msg>
<arg>xpath://div[contains(@class,'ss-card')][.//p[contains(@class,'ss-name') and normalize-space()='${service_name}']]//button[contains(@class,'ss-btn-minus')]</arg>
<doc>Verifies that element identified by ``locator`` is disabled.</doc>
<status status="FAIL" start="2026-06-19T11:10:07.525595" elapsed="0.374629">Element with locator 'xpath://div[contains(@class,'ss-card')][.//p[contains(@class,'ss-name') and normalize-space()='Giày']]//button[contains(@class,'ss-btn-minus')]' not found.</status>
</kw>
<kw name="Capture Page Screenshot" owner="SeleniumLibrary">
<doc>Takes a screenshot of the current page and embeds it into a log file.</doc>
<status status="NOT RUN" start="2026-06-19T11:10:07.900224" elapsed="0.000000"/>
</kw>
<arg>${SERVICE_NAME_GIAY}</arg>
<doc>Xác nhận nút (-) bị disabled (khi qty = 0)</doc>
<status status="FAIL" start="2026-06-19T11:10:07.524585" elapsed="0.375639">Element with locator 'xpath://div[contains(@class,'ss-card')][.//p[contains(@class,'ss-name') and normalize-space()='Giày']]//button[contains(@class,'ss-btn-minus')]' not found.</status>
</kw>
<kw name="Service Minus Button Should Be Disabled" owner="services_keywords">
<arg>${SERVICE_NAME_NUOC}</arg>
<doc>Xác nhận nút (-) bị disabled (khi qty = 0)</doc>
<status status="NOT RUN" start="2026-06-19T11:10:07.900224" elapsed="0.000000"/>
</kw>
<doc>Kiểm tra button.ss-btn-minus có attribute disabled khi qty = 0</doc>
<tag>service</tag>
<tag>smoke</tag>
<status status="FAIL" start="2026-06-19T11:10:01.203977" elapsed="6.698764">Element with locator 'xpath://div[contains(@class,'ss-card')][.//p[contains(@class,'ss-name') and normalize-space()='Giày']]//button[contains(@class,'ss-btn-minus')]' not found.</status>
</test>
<test id="s1-s1-t7" name="TC_SERVICE_SMOKE_07: Có Thể Tăng Số Lượng Dịch Vụ" line="54">
<kw name="Navigate To Field Detail Page" owner="services_keywords">
<kw name="Navigate To Pitches Page" owner="booking_keywords">
<kw name="Go To" owner="SeleniumLibrary">
<msg time="2026-06-19T11:10:07.911637" level="INFO">Opening url 'https://football-booking-system-seven.vercel.app//fields'</msg>
<arg>${URL}/fields</arg>
<doc>Navigates the current browser window to the provided ``url``.</doc>
<status status="PASS" start="2026-06-19T11:10:07.911637" elapsed="0.341612"/>
</kw>
<kw name="Sleep" owner="BuiltIn">
<msg time="2026-06-19T11:10:11.253696" level="INFO">Slept 3 seconds.</msg>
<arg>3s</arg>
<doc>Pauses the test executed for the given time.</doc>
<status status="PASS" start="2026-06-19T11:10:08.253249" elapsed="3.000447"/>
</kw>
<kw name="Wait Until Element Is Visible" owner="SeleniumLibrary">
<arg>xpath=(//a[contains(text(),'Xem chi tiết')])[1]</arg>
<arg>20s</arg>
<doc>Waits until the element ``locator`` is visible.</doc>
<status status="PASS" start="2026-06-19T11:10:11.253696" elapsed="0.033750"/>
</kw>
<kw name="Scroll Element Into View" owner="SeleniumLibrary">
<arg>xpath=(//a[contains(text(),'Xem chi tiết')])[1]</arg>
<doc>Scrolls the element identified by ``locator`` into view.</doc>
<status status="PASS" start="2026-06-19T11:10:11.288576" elapsed="0.309074"/>
</kw>
<kw name="Sleep" owner="BuiltIn">
<msg time="2026-06-19T11:10:12.599607" level="INFO">Slept 1 second.</msg>
<arg>1s</arg>
<doc>Pauses the test executed for the given time.</doc>
<status status="PASS" start="2026-06-19T11:10:11.598772" elapsed="1.001429"/>
</kw>
<status status="PASS" start="2026-06-19T11:10:07.910639" elapsed="4.689681"/>
</kw>
<kw name="Wait Until Element Is Visible" owner="SeleniumLibrary">
<arg>xpath=(//a[contains(text(),'Xem chi tiết')])[1]</arg>
<arg>${TIMEOUT}</arg>
<doc>Waits until the element ``locator`` is visible.</doc>
<status status="PASS" start="2026-06-19T11:10:12.600320" elapsed="0.035994"/>
</kw>
<kw name="Click Element" owner="SeleniumLibrary">
<msg time="2026-06-19T11:10:12.636314" level="INFO">Clicking element 'xpath=(//a[contains(text(),'Xem chi tiết')])[1]'.</msg>
<arg>xpath=(//a[contains(text(),'Xem chi tiết')])[1]</arg>
<doc>Click the element identified by ``locator``.</doc>
<status status="PASS" start="2026-06-19T11:10:12.636314" elapsed="0.178022"/>
</kw>
<kw name="Wait Until Page Contains" owner="SeleniumLibrary">
<arg>Dịch vụ đi kèm</arg>
<arg>${TIMEOUT}</arg>
<doc>Waits until ``text`` appears on the current page.</doc>
<status status="PASS" start="2026-06-19T11:10:12.814336" elapsed="0.936773"/>
</kw>
<kw name="Capture Page Screenshot" owner="SeleniumLibrary">
<msg time="2026-06-19T11:10:14.024193" level="INFO" html="true">&lt;/td&gt;&lt;/tr&gt;&lt;tr&gt;&lt;td colspan="3"&gt;&lt;a href="screenshots/selenium-screenshot-11.png"&gt;&lt;img src="screenshots/selenium-screenshot-11.png" width="800px"&gt;&lt;/a&gt;</msg>
<doc>Takes a screenshot of the current page and embeds it into a log file.</doc>
<status status="PASS" start="2026-06-19T11:10:13.751109" elapsed="0.273084"/>
</kw>
<doc>Điều hướng tới trang chi tiết sân (dịch vụ nằm ở đây)</doc>
<status status="PASS" start="2026-06-19T11:10:07.910639" elapsed="6.113554"/>
</kw>
<kw name="Add Service" owner="services_keywords">
<for flavor="IN RANGE">
<iter>
<kw name="Click Plus Button" owner="services_keywords">
<kw name="Click Element" owner="SeleniumLibrary">
<msg time="2026-06-19T11:10:14.029359" level="INFO">Clicking element 'xpath://div[contains(@class,'ss-card')][.//p[contains(@class,'ss-name') and normalize-space()='Giày']]//button[contains(@class,'ss-btn-plus')]'.</msg>
<msg time="2026-06-19T11:10:14.325924" level="INFO" html="true">&lt;/td&gt;&lt;/tr&gt;&lt;tr&gt;&lt;td colspan="3"&gt;&lt;a href="screenshots/selenium-screenshot-12.png"&gt;&lt;img src="screenshots/selenium-screenshot-12.png" width="800px"&gt;&lt;/a&gt;</msg>
<msg time="2026-06-19T11:10:14.325924" level="FAIL">Element with locator 'xpath://div[contains(@class,'ss-card')][.//p[contains(@class,'ss-name') and normalize-space()='Giày']]//button[contains(@class,'ss-btn-plus')]' not found.</msg>
<arg>xpath://div[contains(@class,'ss-card')][.//p[contains(@class,'ss-name') and normalize-space()='${service_name}']]//button[contains(@class,'ss-btn-plus')]</arg>
<doc>Click the element identified by ``locator``.</doc>
<status status="FAIL" start="2026-06-19T11:10:14.027745" elapsed="0.298863">Element with locator 'xpath://div[contains(@class,'ss-card')][.//p[contains(@class,'ss-name') and normalize-space()='Giày']]//button[contains(@class,'ss-btn-plus')]' not found.</status>
</kw>
<kw name="Capture Page Screenshot" owner="SeleniumLibrary">
<doc>Takes a screenshot of the current page and embeds it into a log file.</doc>
<status status="NOT RUN" start="2026-06-19T11:10:14.326608" elapsed="0.000000"/>
</kw>
<arg>${service_name}</arg>
<doc>Nhấn nút (+) để tăng số lượng dịch vụ</doc>
<status status="FAIL" start="2026-06-19T11:10:14.027745" elapsed="0.298863">Element with locator 'xpath://div[contains(@class,'ss-card')][.//p[contains(@class,'ss-name') and normalize-space()='Giày']]//button[contains(@class,'ss-btn-plus')]' not found.</status>
</kw>
<var name="${i}">0</var>
<status status="FAIL" start="2026-06-19T11:10:14.027745" elapsed="0.298863">Element with locator 'xpath://div[contains(@class,'ss-card')][.//p[contains(@class,'ss-name') and normalize-space()='Giày']]//button[contains(@class,'ss-btn-plus')]' not found.</status>
</iter>
<var>${i}</var>
<value>${quantity}</value>
<status status="FAIL" start="2026-06-19T11:10:14.027745" elapsed="0.298863">Element with locator 'xpath://div[contains(@class,'ss-card')][.//p[contains(@class,'ss-name') and normalize-space()='Giày']]//button[contains(@class,'ss-btn-plus')]' not found.</status>
</for>
<kw name="Capture Page Screenshot" owner="SeleniumLibrary">
<doc>Takes a screenshot of the current page and embeds it into a log file.</doc>
<status status="NOT RUN" start="2026-06-19T11:10:14.326608" elapsed="0.000000"/>
</kw>
<arg>${SERVICE_NAME_GIAY}</arg>
<arg>1</arg>
<doc>Thêm dịch vụ với số lượng cho trước bằng cách nhấn (+) nhiều lần</doc>
<status status="FAIL" start="2026-06-19T11:10:14.026470" elapsed="0.300138">Element with locator 'xpath://div[contains(@class,'ss-card')][.//p[contains(@class,'ss-name') and normalize-space()='Giày']]//button[contains(@class,'ss-btn-plus')]' not found.</status>
</kw>
<kw name="Service Quantity Should Be" owner="services_keywords">
<arg>${SERVICE_NAME_GIAY}</arg>
<arg>1</arg>
<doc>Xác nhận span.ss-qty của dịch vụ bằng giá trị mong đợi</doc>
<status status="NOT RUN" start="2026-06-19T11:10:14.327682" elapsed="0.000000"/>
</kw>
<doc>Kiểm tra nhấn (+) tăng ss-qty từ 0 lên 1</doc>
<tag>service</tag>
<tag>smoke</tag>
<status status="FAIL" start="2026-06-19T11:10:07.909731" elapsed="6.417951">Element with locator 'xpath://div[contains(@class,'ss-card')][.//p[contains(@class,'ss-name') and normalize-space()='Giày']]//button[contains(@class,'ss-btn-plus')]' not found.</status>
</test>
<test id="s1-s1-t8" name="TC_SERVICE_SMOKE_08: Dịch Vụ Giày Hiển Thị Giá Không Rỗng" line="61">
<kw name="Navigate To Field Detail Page" owner="services_keywords">
<kw name="Navigate To Pitches Page" owner="booking_keywords">
<kw name="Go To" owner="SeleniumLibrary">
<msg time="2026-06-19T11:10:14.330850" level="INFO">Opening url 'https://football-booking-system-seven.vercel.app//fields'</msg>
<arg>${URL}/fields</arg>
<doc>Navigates the current browser window to the provided ``url``.</doc>
<status status="PASS" start="2026-06-19T11:10:14.330850" elapsed="0.377752"/>
</kw>
<kw name="Sleep" owner="BuiltIn">
<msg time="2026-06-19T11:10:17.709324" level="INFO">Slept 3 seconds.</msg>
<arg>3s</arg>
<doc>Pauses the test executed for the given time.</doc>
<status status="PASS" start="2026-06-19T11:10:14.708863" elapsed="3.000461"/>
</kw>
<kw name="Wait Until Element Is Visible" owner="SeleniumLibrary">
<arg>xpath=(//a[contains(text(),'Xem chi tiết')])[1]</arg>
<arg>20s</arg>
<doc>Waits until the element ``locator`` is visible.</doc>
<status status="PASS" start="2026-06-19T11:10:17.710054" elapsed="0.059157"/>
</kw>
<kw name="Scroll Element Into View" owner="SeleniumLibrary">
<arg>xpath=(//a[contains(text(),'Xem chi tiết')])[1]</arg>
<doc>Scrolls the element identified by ``locator`` into view.</doc>
<status status="PASS" start="2026-06-19T11:10:17.770232" elapsed="0.318832"/>
</kw>
<kw name="Sleep" owner="BuiltIn">
<msg time="2026-06-19T11:10:19.090705" level="INFO">Slept 1 second.</msg>
<arg>1s</arg>
<doc>Pauses the test executed for the given time.</doc>
<status status="PASS" start="2026-06-19T11:10:18.090123" elapsed="1.000582"/>
</kw>
<status status="PASS" start="2026-06-19T11:10:14.330796" elapsed="4.759909"/>
</kw>
<kw name="Wait Until Element Is Visible" owner="SeleniumLibrary">
<arg>xpath=(//a[contains(text(),'Xem chi tiết')])[1]</arg>
<arg>${TIMEOUT}</arg>
<doc>Waits until the element ``locator`` is visible.</doc>
<status status="PASS" start="2026-06-19T11:10:19.090705" elapsed="0.050720"/>
</kw>
<kw name="Click Element" owner="SeleniumLibrary">
<msg time="2026-06-19T11:10:19.142433" level="INFO">Clicking element 'xpath=(//a[contains(text(),'Xem chi tiết')])[1]'.</msg>
<arg>xpath=(//a[contains(text(),'Xem chi tiết')])[1]</arg>
<doc>Click the element identified by ``locator``.</doc>
<status status="PASS" start="2026-06-19T11:10:19.142433" elapsed="0.167970"/>
</kw>
<kw name="Wait Until Page Contains" owner="SeleniumLibrary">
<arg>Dịch vụ đi kèm</arg>
<arg>${TIMEOUT}</arg>
<doc>Waits until ``text`` appears on the current page.</doc>
<status status="PASS" start="2026-06-19T11:10:19.311434" elapsed="0.695614"/>
</kw>
<kw name="Capture Page Screenshot" owner="SeleniumLibrary">
<msg time="2026-06-19T11:10:20.266841" level="INFO" html="true">&lt;/td&gt;&lt;/tr&gt;&lt;tr&gt;&lt;td colspan="3"&gt;&lt;a href="screenshots/selenium-screenshot-13.png"&gt;&lt;img src="screenshots/selenium-screenshot-13.png" width="800px"&gt;&lt;/a&gt;</msg>
<doc>Takes a screenshot of the current page and embeds it into a log file.</doc>
<status status="PASS" start="2026-06-19T11:10:20.007048" elapsed="0.260779"/>
</kw>
<doc>Điều hướng tới trang chi tiết sân (dịch vụ nằm ở đây)</doc>
<status status="PASS" start="2026-06-19T11:10:14.329748" elapsed="5.938079"/>
</kw>
<kw name="Service Price Should Not Be Empty" owner="services_keywords">
<kw name="Get Service Price" owner="services_keywords">
<kw name="Get Text" owner="SeleniumLibrary">
<msg time="2026-06-19T11:10:20.606361" level="INFO" html="true">&lt;/td&gt;&lt;/tr&gt;&lt;tr&gt;&lt;td colspan="3"&gt;&lt;a href="screenshots/selenium-screenshot-14.png"&gt;&lt;img src="screenshots/selenium-screenshot-14.png" width="800px"&gt;&lt;/a&gt;</msg>
<msg time="2026-06-19T11:10:20.606361" level="FAIL">Element with locator 'xpath://div[contains(@class,'ss-card')][.//p[contains(@class,'ss-name') and normalize-space()='Giày']]//p[contains(@class,'ss-price')]' not found.</msg>
<var>${price}</var>
<arg>xpath://div[contains(@class,'ss-card')][.//p[contains(@class,'ss-name') and normalize-space()='${service_name}']]//p[contains(@class,'ss-price')]</arg>
<doc>Returns the text value of the element identified by ``locator``.</doc>
<status status="FAIL" start="2026-06-19T11:10:20.269342" elapsed="0.338584">Element with locator 'xpath://div[contains(@class,'ss-card')][.//p[contains(@class,'ss-name') and normalize-space()='Giày']]//p[contains(@class,'ss-price')]' not found.</status>
</kw>
<return>
<value>${price}</value>
<status status="NOT RUN" start="2026-06-19T11:10:20.607926" elapsed="0.000000"/>
</return>
<var>${price}</var>
<arg>${service_name}</arg>
<doc>Lấy giá của dịch vụ (từ p.ss-price)</doc>
<status status="FAIL" start="2026-06-19T11:10:20.268830" elapsed="0.339096">Element with locator 'xpath://div[contains(@class,'ss-card')][.//p[contains(@class,'ss-name') and normalize-space()='Giày']]//p[contains(@class,'ss-price')]' not found.</status>
</kw>
<kw name="Should Not Be Empty" owner="BuiltIn">
<arg>${price}</arg>
<doc>Verifies that the given item is not empty.</doc>
<status status="NOT RUN" start="2026-06-19T11:10:20.608923" elapsed="0.000000"/>
</kw>
<kw name="Capture Page Screenshot" owner="SeleniumLibrary">
<doc>Takes a screenshot of the current page and embeds it into a log file.</doc>
<status status="NOT RUN" start="2026-06-19T11:10:20.608923" elapsed="0.000000"/>
</kw>
<arg>${SERVICE_NAME_GIAY}</arg>
<doc>Xác nhận p.ss-price của dịch vụ có nội dung</doc>
<status status="FAIL" start="2026-06-19T11:10:20.267827" elapsed="0.341096">Element with locator 'xpath://div[contains(@class,'ss-card')][.//p[contains(@class,'ss-name') and normalize-space()='Giày']]//p[contains(@class,'ss-price')]' not found.</status>
</kw>
<doc>Kiểm tra p.ss-price của "Giày" có nội dung</doc>
<tag>service</tag>
<tag>smoke</tag>
<status status="FAIL" start="2026-06-19T11:10:14.329205" elapsed="6.280755">Element with locator 'xpath://div[contains(@class,'ss-card')][.//p[contains(@class,'ss-name') and normalize-space()='Giày']]//p[contains(@class,'ss-price')]' not found.</status>
</test>
<kw name="Close Browser Application" owner="booking_keywords" type="TEARDOWN">
<kw name="Close Browser" owner="SeleniumLibrary">
<doc>Closes the current browser.</doc>
<status status="PASS" start="2026-06-19T11:10:20.614172" elapsed="2.277882"/>
</kw>
<doc>Đóng browser</doc>
<status status="PASS" start="2026-06-19T11:10:20.612648" elapsed="2.279406"/>
</kw>
<doc>Smoke Tests - Kiểm tra Dịch Vụ Đi Kèm Trên Trang Chi Tiết Sân</doc>
<status status="FAIL" start="2026-06-19T11:09:13.447596" elapsed="69.444458"/>
</suite>
<suite id="s1-s2" name="Services Tests" source="D:\TestRobotFrameWork POM\tests\field_detail\services_tests.robot">
<kw name="Open Browser To Application" owner="booking_keywords" type="SETUP">
<kw name="Open Browser" owner="SeleniumLibrary">
<msg time="2026-06-19T11:10:22.913915" level="INFO">Opening browser 'chrome' to base url 'https://football-booking-system-seven.vercel.app/'.</msg>
<arg>${URL}</arg>
<arg>${BROWSER}</arg>
<doc>Opens a new browser instance to the optional ``url``.</doc>
<status status="PASS" start="2026-06-19T11:10:22.913915" elapsed="2.828011"/>
</kw>
<kw name="Maximize Browser Window" owner="SeleniumLibrary">
<doc>Maximizes current browser window.</doc>
<status status="PASS" start="2026-06-19T11:10:25.741926" elapsed="0.057363"/>
</kw>
<kw name="Set Screenshot Directory" owner="SeleniumLibrary">
<arg>${OUTPUT DIR}${/}screenshots</arg>
<doc>Sets the directory for captured screenshots.</doc>
<status status="PASS" start="2026-06-19T11:10:25.801225" elapsed="0.002146"/>
</kw>
<kw name="Wait Until Page Contains" owner="SeleniumLibrary">
<arg>Football Booking</arg>
<arg>${TIMEOUT}</arg>
<doc>Waits until ``text`` appears on the current page.</doc>
<status status="PASS" start="2026-06-19T11:10:25.804632" elapsed="0.067508"/>
</kw>
<doc>Mở browser và truy cập website</doc>
<status status="PASS" start="2026-06-19T11:10:22.913915" elapsed="2.958225"/>
</kw>
<test id="s1-s2-t1" name="TC_SERVICE_REG_01: Trang Chi Tiết Sân Hiển Thị Đầy Đủ Khu Vực Dịch Vụ" line="11">
<kw name="Navigate To Field Detail Page" owner="services_keywords">
<kw name="Navigate To Pitches Page" owner="booking_keywords">
<kw name="Go To" owner="SeleniumLibrary">
<msg time="2026-06-19T11:10:25.875255" level="INFO">Opening url 'https://football-booking-system-seven.vercel.app//fields'</msg>
<arg>${URL}/fields</arg>
<doc>Navigates the current browser window to the provided ``url``.</doc>
<status status="PASS" start="2026-06-19T11:10:25.875255" elapsed="0.438912"/>
</kw>
<kw name="Sleep" owner="BuiltIn">
<msg time="2026-06-19T11:10:29.315609" level="INFO">Slept 3 seconds.</msg>
<arg>3s</arg>
<doc>Pauses the test executed for the given time.</doc>
<status status="PASS" start="2026-06-19T11:10:26.314167" elapsed="3.001598"/>
</kw>
<kw name="Wait Until Element Is Visible" owner="SeleniumLibrary">
<arg>xpath=(//a[contains(text(),'Xem chi tiết')])[1]</arg>
<arg>20s</arg>
<doc>Waits until the element ``locator`` is visible.</doc>
<status status="PASS" start="2026-06-19T11:10:29.315765" elapsed="0.049844"/>
</kw>
<kw name="Scroll Element Into View" owner="SeleniumLibrary">
<arg>xpath=(//a[contains(text(),'Xem chi tiết')])[1]</arg>
<doc>Scrolls the element identified by ``locator`` into view.</doc>
<status status="PASS" start="2026-06-19T11:10:29.365609" elapsed="0.293172"/>
</kw>
<kw name="Sleep" owner="BuiltIn">
<msg time="2026-06-19T11:10:30.659101" level="INFO">Slept 1 second.</msg>
<arg>1s</arg>
<doc>Pauses the test executed for the given time.</doc>
<status status="PASS" start="2026-06-19T11:10:29.658781" elapsed="1.000320"/>
</kw>
<status status="PASS" start="2026-06-19T11:10:25.873735" elapsed="4.785366"/>
</kw>
<kw name="Wait Until Element Is Visible" owner="SeleniumLibrary">
<arg>xpath=(//a[contains(text(),'Xem chi tiết')])[1]</arg>
<arg>${TIMEOUT}</arg>
<doc>Waits until the element ``locator`` is visible.</doc>
<status status="PASS" start="2026-06-19T11:10:30.659101" elapsed="0.030526"/>
</kw>
<kw name="Click Element" owner="SeleniumLibrary">
<msg time="2026-06-19T11:10:30.690156" level="INFO">Clicking element 'xpath=(//a[contains(text(),'Xem chi tiết')])[1]'.</msg>
<arg>xpath=(//a[contains(text(),'Xem chi tiết')])[1]</arg>
<doc>Click the element identified by ``locator``.</doc>
<status status="PASS" start="2026-06-19T11:10:30.690156" elapsed="0.137476"/>
</kw>
<kw name="Wait Until Page Contains" owner="SeleniumLibrary">
<arg>Dịch vụ đi kèm</arg>
<arg>${TIMEOUT}</arg>
<doc>Waits until ``text`` appears on the current page.</doc>
<status status="PASS" start="2026-06-19T11:10:30.827632" elapsed="0.893037"/>
</kw>
<kw name="Capture Page Screenshot" owner="SeleniumLibrary">
<msg time="2026-06-19T11:10:32.084333" level="INFO" html="true">&lt;/td&gt;&lt;/tr&gt;&lt;tr&gt;&lt;td colspan="3"&gt;&lt;a href="screenshots/selenium-screenshot-15.png"&gt;&lt;img src="screenshots/selenium-screenshot-15.png" width="800px"&gt;&lt;/a&gt;</msg>
<doc>Takes a screenshot of the current page and embeds it into a log file.</doc>
<status status="PASS" start="2026-06-19T11:10:31.720669" elapsed="0.363664"/>
</kw>
<doc>Điều hướng tới trang chi tiết sân (dịch vụ nằm ở đây)</doc>
<status status="PASS" start="2026-06-19T11:10:25.873735" elapsed="6.210598"/>
</kw>
<kw name="Page Should Contain Element" owner="SeleniumLibrary">
<msg time="2026-06-19T11:10:32.114336" level="INFO">Current page contains element 'xpath://div[contains(@class,'service-section')]'.</msg>
<arg>${SERVICES_SECTION}</arg>
<doc>Verifies that element ``locator`` is found on the current page.</doc>
<status status="PASS" start="2026-06-19T11:10:32.084333" elapsed="0.030003"/>
</kw>
<kw name="Page Should Contain Element" owner="SeleniumLibrary">
<msg time="2026-06-19T11:10:32.151789" level="INFO">Current page contains element 'xpath://div[contains(@class,'ss-grid')]'.</msg>
<arg>${SERVICES_LIST}</arg>
<doc>Verifies that element ``locator`` is found on the current page.</doc>
<status status="PASS" start="2026-06-19T11:10:32.115437" elapsed="0.036352"/>
</kw>
<kw name="Page Should Contain Element" owner="SeleniumLibrary">
<msg time="2026-06-19T11:10:32.469835" level="INFO" html="true">&lt;/td&gt;&lt;/tr&gt;&lt;tr&gt;&lt;td colspan="3"&gt;&lt;a href="screenshots/selenium-screenshot-16.png"&gt;&lt;img src="screenshots/selenium-screenshot-16.png" width="800px"&gt;&lt;/a&gt;</msg>
<msg time="2026-06-19T11:10:32.469835" level="FAIL">Page should have contained element 'xpath://div[contains(@class,'ss-card')]' but did not.</msg>
<arg>${SERVICE_CARD}</arg>
<doc>Verifies that element ``locator`` is found on the current page.</doc>
<status status="FAIL" start="2026-06-19T11:10:32.151789" elapsed="0.318737">Page should have contained element 'xpath://div[contains(@class,'ss-card')]' but did not.</status>
</kw>
<kw name="Page Should Contain" owner="SeleniumLibrary">
<arg>Dịch vụ đi kèm</arg>
<doc>Verifies that current page contains ``text``.</doc>
<status status="NOT RUN" start="2026-06-19T11:10:32.471044" elapsed="0.000000"/>
</kw>
<doc>Kiểm tra service-section, ss-grid, ss-card, tiêu đề đều hiển thị</doc>
<tag>regression</tag>
<tag>service</tag>
<status status="FAIL" start="2026-06-19T11:10:25.872140" elapsed="6.598904">Page should have contained element 'xpath://div[contains(@class,'ss-card')]' but did not.</status>
</test>
<test id="s1-s2-t2" name="TC_SERVICE_REG_02: Số Lượng Dịch Vụ Lớn Hơn 0" line="20">
<kw name="Navigate To Field Detail Page" owner="services_keywords">
<kw name="Navigate To Pitches Page" owner="booking_keywords">
<kw name="Go To" owner="SeleniumLibrary">
<msg time="2026-06-19T11:10:32.473591" level="INFO">Opening url 'https://football-booking-system-seven.vercel.app//fields'</msg>
<arg>${URL}/fields</arg>
<doc>Navigates the current browser window to the provided ``url``.</doc>
<status status="PASS" start="2026-06-19T11:10:32.473591" elapsed="0.387141"/>
</kw>
<kw name="Sleep" owner="BuiltIn">
<msg time="2026-06-19T11:10:35.864615" level="INFO">Slept 3 seconds.</msg>
<arg>3s</arg>
<doc>Pauses the test executed for the given time.</doc>
<status status="PASS" start="2026-06-19T11:10:32.862259" elapsed="3.002356"/>
</kw>
<kw name="Wait Until Element Is Visible" owner="SeleniumLibrary">
<arg>xpath=(//a[contains(text(),'Xem chi tiết')])[1]</arg>
<arg>20s</arg>
<doc>Waits until the element ``locator`` is visible.</doc>
<status status="PASS" start="2026-06-19T11:10:35.864615" elapsed="0.032507"/>
</kw>
<kw name="Scroll Element Into View" owner="SeleniumLibrary">
<arg>xpath=(//a[contains(text(),'Xem chi tiết')])[1]</arg>
<doc>Scrolls the element identified by ``locator`` into view.</doc>
<status status="PASS" start="2026-06-19T11:10:35.897633" elapsed="0.294121"/>
</kw>
<kw name="Sleep" owner="BuiltIn">
<msg time="2026-06-19T11:10:37.193086" level="INFO">Slept 1 second.</msg>
<arg>1s</arg>
<doc>Pauses the test executed for the given time.</doc>
<status status="PASS" start="2026-06-19T11:10:36.192769" elapsed="1.000317"/>
</kw>
<status status="PASS" start="2026-06-19T11:10:32.473591" elapsed="4.719495"/>
</kw>
<kw name="Wait Until Element Is Visible" owner="SeleniumLibrary">
<arg>xpath=(//a[contains(text(),'Xem chi tiết')])[1]</arg>
<arg>${TIMEOUT}</arg>
<doc>Waits until the element ``locator`` is visible.</doc>
<status status="PASS" start="2026-06-19T11:10:37.193086" elapsed="0.046706"/>
</kw>
<kw name="Click Element" owner="SeleniumLibrary">
<msg time="2026-06-19T11:10:37.241051" level="INFO">Clicking element 'xpath=(//a[contains(text(),'Xem chi tiết')])[1]'.</msg>
<arg>xpath=(//a[contains(text(),'Xem chi tiết')])[1]</arg>
<doc>Click the element identified by ``locator``.</doc>
<status status="PASS" start="2026-06-19T11:10:37.241051" elapsed="0.247260"/>
</kw>
<kw name="Wait Until Page Contains" owner="SeleniumLibrary">
<arg>Dịch vụ đi kèm</arg>
<arg>${TIMEOUT}</arg>
<doc>Waits until ``text`` appears on the current page.</doc>
<status status="PASS" start="2026-06-19T11:10:37.489851" elapsed="1.298853"/>
</kw>
<kw name="Capture Page Screenshot" owner="SeleniumLibrary">
<msg time="2026-06-19T11:10:39.138831" level="INFO" html="true">&lt;/td&gt;&lt;/tr&gt;&lt;tr&gt;&lt;td colspan="3"&gt;&lt;a href="screenshots/selenium-screenshot-17.png"&gt;&lt;img src="screenshots/selenium-screenshot-17.png" width="800px"&gt;&lt;/a&gt;</msg>
<doc>Takes a screenshot of the current page and embeds it into a log file.</doc>
<status status="PASS" start="2026-06-19T11:10:38.789762" elapsed="0.349069"/>
</kw>
<doc>Điều hướng tới trang chi tiết sân (dịch vụ nằm ở đây)</doc>
<status status="PASS" start="2026-06-19T11:10:32.472591" elapsed="6.666240"/>
</kw>
<kw name="Get Service Count" owner="services_keywords">
<kw name="Get Element Count" owner="SeleniumLibrary">
<msg time="2026-06-19T11:10:39.156556" level="INFO">${count} = 0</msg>
<var>${count}</var>
<arg>${SERVICE_CARD}</arg>
<doc>Returns the number of elements matching ``locator``.</doc>
<status status="PASS" start="2026-06-19T11:10:39.140898" elapsed="0.015744"/>
</kw>
<return>
<value>${count}</value>
<status status="PASS" start="2026-06-19T11:10:39.156642" elapsed="0.000000"/>
</return>
<msg time="2026-06-19T11:10:39.156642" level="INFO">${count} = 0</msg>
<var>${count}</var>
<doc>Đếm số lượng dịch vụ (ss-card) hiển thị</doc>
<status status="PASS" start="2026-06-19T11:10:39.140898" elapsed="0.015744"/>
</kw>
<kw name="Should Be True" owner="BuiltIn">
<msg time="2026-06-19T11:10:39.158055" level="FAIL">Phải có ít nhất 1 dịch vụ đi kèm</msg>
<arg>${count} &gt; 0</arg>
<arg>Phải có ít nhất 1 dịch vụ đi kèm</arg>
<doc>Fails if the given condition is not true.</doc>
<status status="FAIL" start="2026-06-19T11:10:39.156642" elapsed="0.001413">Phải có ít nhất 1 dịch vụ đi kèm</status>
</kw>
<doc>Kiểm tra ss-grid có ít nhất 1 ss-card</doc>
<tag>regression</tag>
<tag>service</tag>
<status status="FAIL" start="2026-06-19T11:10:32.471562" elapsed="6.687076">Phải có ít nhất 1 dịch vụ đi kèm</status>
</test>
<test id="s1-s2-t3" name="TC_SERVICE_REG_03: Dịch Vụ Giày Hiển Thị Đúng Tên Và Giá" line="27">
<kw name="Navigate To Field Detail Page" owner="services_keywords">
<kw name="Navigate To Pitches Page" owner="booking_keywords">
<kw name="Go To" owner="SeleniumLibrary">
<msg time="2026-06-19T11:10:39.161313" level="INFO">Opening url 'https://football-booking-system-seven.vercel.app//fields'</msg>
<arg>${URL}/fields</arg>
<doc>Navigates the current browser window to the provided ``url``.</doc>
<status status="PASS" start="2026-06-19T11:10:39.161313" elapsed="0.587166"/>
</kw>
<kw name="Sleep" owner="BuiltIn">
<msg time="2026-06-19T11:10:42.751028" level="INFO">Slept 3 seconds.</msg>
<arg>3s</arg>
<doc>Pauses the test executed for the given time.</doc>
<status status="PASS" start="2026-06-19T11:10:39.749496" elapsed="3.001532"/>
</kw>
<kw name="Wait Until Element Is Visible" owner="SeleniumLibrary">
<arg>xpath=(//a[contains(text(),'Xem chi tiết')])[1]</arg>
<arg>20s</arg>
<doc>Waits until the element ``locator`` is visible.</doc>
<status status="PASS" start="2026-06-19T11:10:42.751028" elapsed="0.032916"/>
</kw>
<kw name="Scroll Element Into View" owner="SeleniumLibrary">
<arg>xpath=(//a[contains(text(),'Xem chi tiết')])[1]</arg>
<doc>Scrolls the element identified by ``locator`` into view.</doc>
<status status="PASS" start="2026-06-19T11:10:42.783944" elapsed="0.302195"/>
</kw>
<kw name="Sleep" owner="BuiltIn">
<msg time="2026-06-19T11:10:44.086407" level="INFO">Slept 1 second.</msg>
<arg>1s</arg>
<doc>Pauses the test executed for the given time.</doc>
<status status="PASS" start="2026-06-19T11:10:43.086139" elapsed="1.000268"/>
</kw>
<status status="PASS" start="2026-06-19T11:10:39.161313" elapsed="4.925094"/>
</kw>
<kw name="Wait Until Element Is Visible" owner="SeleniumLibrary">
<arg>xpath=(//a[contains(text(),'Xem chi tiết')])[1]</arg>
<arg>${TIMEOUT}</arg>
<doc>Waits until the element ``locator`` is visible.</doc>
<status status="PASS" start="2026-06-19T11:10:44.086407" elapsed="0.055900"/>
</kw>
<kw name="Click Element" owner="SeleniumLibrary">
<msg time="2026-06-19T11:10:44.144314" level="INFO">Clicking element 'xpath=(//a[contains(text(),'Xem chi tiết')])[1]'.</msg>
<arg>xpath=(//a[contains(text(),'Xem chi tiết')])[1]</arg>
<doc>Click the element identified by ``locator``.</doc>
<status status="PASS" start="2026-06-19T11:10:44.143318" elapsed="0.141151"/>
</kw>
<kw name="Wait Until Page Contains" owner="SeleniumLibrary">
<arg>Dịch vụ đi kèm</arg>
<arg>${TIMEOUT}</arg>
<doc>Waits until ``text`` appears on the current page.</doc>
<status status="PASS" start="2026-06-19T11:10:44.284469" elapsed="0.672270"/>
</kw>
<kw name="Capture Page Screenshot" owner="SeleniumLibrary">
<msg time="2026-06-19T11:10:45.206853" level="INFO" html="true">&lt;/td&gt;&lt;/tr&gt;&lt;tr&gt;&lt;td colspan="3"&gt;&lt;a href="screenshots/selenium-screenshot-18.png"&gt;&lt;img src="screenshots/selenium-screenshot-18.png" width="800px"&gt;&lt;/a&gt;</msg>
<doc>Takes a screenshot of the current page and embeds it into a log file.</doc>
<status status="PASS" start="2026-06-19T11:10:44.958769" elapsed="0.248084"/>
</kw>
<doc>Điều hướng tới trang chi tiết sân (dịch vụ nằm ở đây)</doc>
<status status="PASS" start="2026-06-19T11:10:39.160804" elapsed="6.046049"/>
</kw>
<kw name="Service Should Be Visible" owner="services_keywords">
<kw name="Page Should Contain Element" owner="SeleniumLibrary">
<msg time="2026-06-19T11:10:45.538688" level="INFO" html="true">&lt;/td&gt;&lt;/tr&gt;&lt;tr&gt;&lt;td colspan="3"&gt;&lt;a href="screenshots/selenium-screenshot-19.png"&gt;&lt;img src="screenshots/selenium-screenshot-19.png" width="800px"&gt;&lt;/a&gt;</msg>
<msg time="2026-06-19T11:10:45.539804" level="FAIL">Page should have contained element 'xpath://div[contains(@class,'ss-card')][.//p[contains(@class,'ss-name') and normalize-space()='Giày']]' but did not.</msg>
<arg>xpath://div[contains(@class,'ss-card')][.//p[contains(@class,'ss-name') and normalize-space()='${service_name}']]</arg>
<doc>Verifies that element ``locator`` is found on the current page.</doc>
<status status="FAIL" start="2026-06-19T11:10:45.207756" elapsed="0.332048">Page should have contained element 'xpath://div[contains(@class,'ss-card')][.//p[contains(@class,'ss-name') and normalize-space()='Giày']]' but did not.</status>
</kw>
<kw name="Capture Page Screenshot" owner="SeleniumLibrary">
<doc>Takes a screenshot of the current page and embeds it into a log file.</doc>
<status status="NOT RUN" start="2026-06-19T11:10:45.539804" elapsed="0.000000"/>
</kw>
<arg>${SERVICE_NAME_GIAY}</arg>
<doc>Xác nhận ss-card với tên dịch vụ tồn tại trên trang</doc>
<status status="FAIL" start="2026-06-19T11:10:45.207756" elapsed="0.332048">Page should have contained element 'xpath://div[contains(@class,'ss-card')][.//p[contains(@class,'ss-name') and normalize-space()='Giày']]' but did not.</status>
</kw>
<kw name="Service Price Should Not Be Empty" owner="services_keywords">
<arg>${SERVICE_NAME_GIAY}</arg>
<doc>Xác nhận p.ss-price của dịch vụ có nội dung</doc>
<status status="NOT RUN" start="2026-06-19T11:10:45.539804" elapsed="0.000000"/>
</kw>
<doc>Kiểm tra ss-card "Giày" có p.ss-name = "Giày" và p.ss-price không rỗng</doc>
<tag>regression</tag>
<tag>service</tag>
<status status="FAIL" start="2026-06-19T11:10:39.159786" elapsed="6.381549">Page should have contained element 'xpath://div[contains(@class,'ss-card')][.//p[contains(@class,'ss-name') and normalize-space()='Giày']]' but did not.</status>
</test>
<test id="s1-s2-t4" name="TC_SERVICE_REG_04: Dịch Vụ Nước Hiển Thị Đúng Tên Và Giá" line="34">
<kw name="Navigate To Field Detail Page" owner="services_keywords">
<kw name="Navigate To Pitches Page" owner="booking_keywords">
<kw name="Go To" owner="SeleniumLibrary">
<msg time="2026-06-19T11:10:45.544227" level="INFO">Opening url 'https://football-booking-system-seven.vercel.app//fields'</msg>
<arg>${URL}/fields</arg>
<doc>Navigates the current browser window to the provided ``url``.</doc>
<status status="PASS" start="2026-06-19T11:10:45.544227" elapsed="0.344307"/>
</kw>
<kw name="Sleep" owner="BuiltIn">
<msg time="2026-06-19T11:10:48.888962" level="INFO">Slept 3 seconds.</msg>
<arg>3s</arg>
<doc>Pauses the test executed for the given time.</doc>
<status status="PASS" start="2026-06-19T11:10:45.888534" elapsed="3.000428"/>
</kw>
<kw name="Wait Until Element Is Visible" owner="SeleniumLibrary">
<arg>xpath=(//a[contains(text(),'Xem chi tiết')])[1]</arg>
<arg>20s</arg>
<doc>Waits until the element ``locator`` is visible.</doc>
<status status="PASS" start="2026-06-19T11:10:48.888962" elapsed="0.032787"/>
</kw>
<kw name="Scroll Element Into View" owner="SeleniumLibrary">
<arg>xpath=(//a[contains(text(),'Xem chi tiết')])[1]</arg>
<doc>Scrolls the element identified by ``locator`` into view.</doc>
<status status="PASS" start="2026-06-19T11:10:48.923248" elapsed="0.307371"/>
</kw>
<kw name="Sleep" owner="BuiltIn">
<msg time="2026-06-19T11:10:50.230871" level="INFO">Slept 1 second.</msg>
<arg>1s</arg>
<doc>Pauses the test executed for the given time.</doc>
<status status="PASS" start="2026-06-19T11:10:49.230619" elapsed="1.000252"/>
</kw>
<status status="PASS" start="2026-06-19T11:10:45.543720" elapsed="4.687151"/>
</kw>
<kw name="Wait Until Element Is Visible" owner="SeleniumLibrary">
<arg>xpath=(//a[contains(text(),'Xem chi tiết')])[1]</arg>
<arg>${TIMEOUT}</arg>
<doc>Waits until the element ``locator`` is visible.</doc>
<status status="PASS" start="2026-06-19T11:10:50.231406" elapsed="0.028452"/>
</kw>
<kw name="Click Element" owner="SeleniumLibrary">
<msg time="2026-06-19T11:10:50.259858" level="INFO">Clicking element 'xpath=(//a[contains(text(),'Xem chi tiết')])[1]'.</msg>
<arg>xpath=(//a[contains(text(),'Xem chi tiết')])[1]</arg>
<doc>Click the element identified by ``locator``.</doc>
<status status="PASS" start="2026-06-19T11:10:50.259858" elapsed="0.096744"/>
</kw>
<kw name="Wait Until Page Contains" owner="SeleniumLibrary">
<arg>Dịch vụ đi kèm</arg>
<arg>${TIMEOUT}</arg>
<doc>Waits until ``text`` appears on the current page.</doc>
<status status="PASS" start="2026-06-19T11:10:50.357238" elapsed="0.666324"/>
</kw>
<kw name="Capture Page Screenshot" owner="SeleniumLibrary">
<msg time="2026-06-19T11:10:51.302848" level="INFO" html="true">&lt;/td&gt;&lt;/tr&gt;&lt;tr&gt;&lt;td colspan="3"&gt;&lt;a href="screenshots/selenium-screenshot-20.png"&gt;&lt;img src="screenshots/selenium-screenshot-20.png" width="800px"&gt;&lt;/a&gt;</msg>
<doc>Takes a screenshot of the current page and embeds it into a log file.</doc>
<status status="PASS" start="2026-06-19T11:10:51.023562" elapsed="0.279286"/>
</kw>
<doc>Điều hướng tới trang chi tiết sân (dịch vụ nằm ở đây)</doc>
<status status="PASS" start="2026-06-19T11:10:45.542386" elapsed="5.760462"/>
</kw>
<kw name="Service Should Be Visible" owner="services_keywords">
<kw name="Page Should Contain Element" owner="SeleniumLibrary">
<msg time="2026-06-19T11:10:51.614278" level="INFO" html="true">&lt;/td&gt;&lt;/tr&gt;&lt;tr&gt;&lt;td colspan="3"&gt;&lt;a href="screenshots/selenium-screenshot-21.png"&gt;&lt;img src="screenshots/selenium-screenshot-21.png" width="800px"&gt;&lt;/a&gt;</msg>
<msg time="2026-06-19T11:10:51.614278" level="FAIL">Page should have contained element 'xpath://div[contains(@class,'ss-card')][.//p[contains(@class,'ss-name') and normalize-space()='Nước']]' but did not.</msg>
<arg>xpath://div[contains(@class,'ss-card')][.//p[contains(@class,'ss-name') and normalize-space()='${service_name}']]</arg>
<doc>Verifies that element ``locator`` is found on the current page.</doc>
<status status="FAIL" start="2026-06-19T11:10:51.302848" elapsed="0.311430">Page should have contained element 'xpath://div[contains(@class,'ss-card')][.//p[contains(@class,'ss-name') and normalize-space()='Nước']]' but did not.</status>
</kw>
<kw name="Capture Page Screenshot" owner="SeleniumLibrary">
<doc>Takes a screenshot of the current page and embeds it into a log file.</doc>
<status status="NOT RUN" start="2026-06-19T11:10:51.616090" elapsed="0.000000"/>
</kw>
<arg>${SERVICE_NAME_NUOC}</arg>
<doc>Xác nhận ss-card với tên dịch vụ tồn tại trên trang</doc>
<status status="FAIL" start="2026-06-19T11:10:51.302848" elapsed="0.313242">Page should have contained element 'xpath://div[contains(@class,'ss-card')][.//p[contains(@class,'ss-name') and normalize-space()='Nước']]' but did not.</status>
</kw>
<kw name="Service Price Should Not Be Empty" owner="services_keywords">
<arg>${SERVICE_NAME_NUOC}</arg>
<doc>Xác nhận p.ss-price của dịch vụ có nội dung</doc>
<status status="NOT RUN" start="2026-06-19T11:10:51.616090" elapsed="0.000000"/>
</kw>
<doc>Kiểm tra ss-card "Nước" có p.ss-name = "Nước" và p.ss-price không rỗng</doc>
<tag>regression</tag>
<tag>service</tag>
<status status="FAIL" start="2026-06-19T11:10:45.542386" elapsed="6.073704">Page should have contained element 'xpath://div[contains(@class,'ss-card')][.//p[contains(@class,'ss-name') and normalize-space()='Nước']]' but did not.</status>
</test>
<test id="s1-s2-t5" name="TC_SERVICE_REG_05: Số Lượng Ban Đầu Của Tất Cả Dịch Vụ Là 0" line="41">
<kw name="Navigate To Field Detail Page" owner="services_keywords">
<kw name="Navigate To Pitches Page" owner="booking_keywords">
<kw name="Go To" owner="SeleniumLibrary">
<msg time="2026-06-19T11:10:51.620146" level="INFO">Opening url 'https://football-booking-system-seven.vercel.app//fields'</msg>
<arg>${URL}/fields</arg>
<doc>Navigates the current browser window to the provided ``url``.</doc>
<status status="PASS" start="2026-06-19T11:10:51.620146" elapsed="0.365680"/>
</kw>
<kw name="Sleep" owner="BuiltIn">
<msg time="2026-06-19T11:10:54.986290" level="INFO">Slept 3 seconds.</msg>
<arg>3s</arg>
<doc>Pauses the test executed for the given time.</doc>
<status status="PASS" start="2026-06-19T11:10:51.985826" elapsed="3.000464"/>
</kw>
<kw name="Wait Until Element Is Visible" owner="SeleniumLibrary">
<arg>xpath=(//a[contains(text(),'Xem chi tiết')])[1]</arg>
<arg>20s</arg>
<doc>Waits until the element ``locator`` is visible.</doc>
<status status="PASS" start="2026-06-19T11:10:54.986290" elapsed="0.029093"/>
</kw>
<kw name="Scroll Element Into View" owner="SeleniumLibrary">
<arg>xpath=(//a[contains(text(),'Xem chi tiết')])[1]</arg>
<doc>Scrolls the element identified by ``locator`` into view.</doc>
<status status="PASS" start="2026-06-19T11:10:55.015383" elapsed="0.308745"/>
</kw>
<kw name="Sleep" owner="BuiltIn">
<msg time="2026-06-19T11:10:56.325764" level="INFO">Slept 1 second.</msg>
<arg>1s</arg>
<doc>Pauses the test executed for the given time.</doc>
<status status="PASS" start="2026-06-19T11:10:55.325145" elapsed="1.001142"/>
</kw>
<status status="PASS" start="2026-06-19T11:10:51.619623" elapsed="4.706860"/>
</kw>
<kw name="Wait Until Element Is Visible" owner="SeleniumLibrary">
<arg>xpath=(//a[contains(text(),'Xem chi tiết')])[1]</arg>
<arg>${TIMEOUT}</arg>
<doc>Waits until the element ``locator`` is visible.</doc>
<status status="PASS" start="2026-06-19T11:10:56.326483" elapsed="0.031976"/>
</kw>
<kw name="Click Element" owner="SeleniumLibrary">
<msg time="2026-06-19T11:10:56.358459" level="INFO">Clicking element 'xpath=(//a[contains(text(),'Xem chi tiết')])[1]'.</msg>
<arg>xpath=(//a[contains(text(),'Xem chi tiết')])[1]</arg>
<doc>Click the element identified by ``locator``.</doc>
<status status="PASS" start="2026-06-19T11:10:56.358459" elapsed="0.107273"/>
</kw>
<kw name="Wait Until Page Contains" owner="SeleniumLibrary">
<arg>Dịch vụ đi kèm</arg>
<arg>${TIMEOUT}</arg>
<doc>Waits until ``text`` appears on the current page.</doc>
<status status="PASS" start="2026-06-19T11:10:56.465732" elapsed="0.909487"/>
</kw>
<kw name="Capture Page Screenshot" owner="SeleniumLibrary">
<msg time="2026-06-19T11:10:57.649866" level="INFO" html="true">&lt;/td&gt;&lt;/tr&gt;&lt;tr&gt;&lt;td colspan="3"&gt;&lt;a href="screenshots/selenium-screenshot-22.png"&gt;&lt;img src="screenshots/selenium-screenshot-22.png" width="800px"&gt;&lt;/a&gt;</msg>
<doc>Takes a screenshot of the current page and embeds it into a log file.</doc>
<status status="PASS" start="2026-06-19T11:10:57.375219" elapsed="0.274647"/>
</kw>
<doc>Điều hướng tới trang chi tiết sân (dịch vụ nằm ở đây)</doc>
<status status="PASS" start="2026-06-19T11:10:51.619623" elapsed="6.030243"/>
</kw>
<kw name="Service Quantity Should Be" owner="services_keywords">
<kw name="Get Service Quantity" owner="services_keywords">
<kw name="Get Text" owner="SeleniumLibrary">
<msg time="2026-06-19T11:10:57.964153" level="INFO" html="true">&lt;/td&gt;&lt;/tr&gt;&lt;tr&gt;&lt;td colspan="3"&gt;&lt;a href="screenshots/selenium-screenshot-23.png"&gt;&lt;img src="screenshots/selenium-screenshot-23.png" width="800px"&gt;&lt;/a&gt;</msg>
<msg time="2026-06-19T11:10:57.964153" level="FAIL">Element with locator 'xpath://div[contains(@class,'ss-card')][.//p[contains(@class,'ss-name') and normalize-space()='Giày']]//span[contains(@class,'ss-qty')]' not found.</msg>
<var>${qty}</var>
<arg>xpath://div[contains(@class,'ss-card')][.//p[contains(@class,'ss-name') and normalize-space()='${service_name}']]//span[contains(@class,'ss-qty')]</arg>
<doc>Returns the text value of the element identified by ``locator``.</doc>
<status status="FAIL" start="2026-06-19T11:10:57.649866" elapsed="0.314287">Element with locator 'xpath://div[contains(@class,'ss-card')][.//p[contains(@class,'ss-name') and normalize-space()='Giày']]//span[contains(@class,'ss-qty')]' not found.</status>
</kw>
<return>
<value>${qty}</value>
<status status="NOT RUN" start="2026-06-19T11:10:57.964153" elapsed="0.000000"/>
</return>
<var>${qty}</var>
<arg>${service_name}</arg>
<doc>Lấy số lượng hiện tại của dịch vụ (từ span.ss-qty)</doc>
<status status="FAIL" start="2026-06-19T11:10:57.649866" elapsed="0.314287">Element with locator 'xpath://div[contains(@class,'ss-card')][.//p[contains(@class,'ss-name') and normalize-space()='Giày']]//span[contains(@class,'ss-qty')]' not found.</status>
</kw>
<kw name="Should Be Equal As Strings" owner="BuiltIn">
<arg>${qty}</arg>
<arg>${expected_qty}</arg>
<doc>Fails if objects are unequal after converting them to strings.</doc>
<status status="NOT RUN" start="2026-06-19T11:10:57.969178" elapsed="0.000000"/>
</kw>
<kw name="Capture Page Screenshot" owner="SeleniumLibrary">
<doc>Takes a screenshot of the current page and embeds it into a log file.</doc>
<status status="NOT RUN" start="2026-06-19T11:10:57.969321" elapsed="0.000000"/>
</kw>
<arg>${SERVICE_NAME_GIAY}</arg>
<arg>0</arg>
<doc>Xác nhận span.ss-qty của dịch vụ bằng giá trị mong đợi</doc>
<status status="FAIL" start="2026-06-19T11:10:57.649866" elapsed="0.319455">Element with locator 'xpath://div[contains(@class,'ss-card')][.//p[contains(@class,'ss-name') and normalize-space()='Giày']]//span[contains(@class,'ss-qty')]' not found.</status>
</kw>
<kw name="Service Quantity Should Be" owner="services_keywords">
<arg>${SERVICE_NAME_NUOC}</arg>
<arg>0</arg>
<doc>Xác nhận span.ss-qty của dịch vụ bằng giá trị mong đợi</doc>
<status status="NOT RUN" start="2026-06-19T11:10:57.987368" elapsed="0.000000"/>
</kw>
<doc>Kiểm tra span.ss-qty của "Giày" và "Nước" đều = 0 khi mới vào trang</doc>
<tag>regression</tag>
<tag>service</tag>
<status status="FAIL" start="2026-06-19T11:10:51.617194" elapsed="6.370174">Element with locator 'xpath://div[contains(@class,'ss-card')][.//p[contains(@class,'ss-name') and normalize-space()='Giày']]//span[contains(@class,'ss-qty')]' not found.</status>
</test>
<test id="s1-s2-t6" name="TC_SERVICE_REG_06: Nút Trừ Disabled Khi Qty Bằng 0" line="48">
<kw name="Navigate To Field Detail Page" owner="services_keywords">
<kw name="Navigate To Pitches Page" owner="booking_keywords">
<kw name="Go To" owner="SeleniumLibrary">
<msg time="2026-06-19T11:10:57.989670" level="INFO">Opening url 'https://football-booking-system-seven.vercel.app//fields'</msg>
<arg>${URL}/fields</arg>
<doc>Navigates the current browser window to the provided ``url``.</doc>
<status status="PASS" start="2026-06-19T11:10:57.989670" elapsed="0.412281"/>
</kw>
<kw name="Sleep" owner="BuiltIn">
<msg time="2026-06-19T11:11:01.403486" level="INFO">Slept 3 seconds.</msg>
<arg>3s</arg>
<doc>Pauses the test executed for the given time.</doc>
<status status="PASS" start="2026-06-19T11:10:58.403114" elapsed="3.000372"/>
</kw>
<kw name="Wait Until Element Is Visible" owner="SeleniumLibrary">
<arg>xpath=(//a[contains(text(),'Xem chi tiết')])[1]</arg>
<arg>20s</arg>
<doc>Waits until the element ``locator`` is visible.</doc>
<status status="PASS" start="2026-06-19T11:11:01.403486" elapsed="0.032762"/>
</kw>
<kw name="Scroll Element Into View" owner="SeleniumLibrary">
<arg>xpath=(//a[contains(text(),'Xem chi tiết')])[1]</arg>
<doc>Scrolls the element identified by ``locator`` into view.</doc>
<status status="PASS" start="2026-06-19T11:11:01.436248" elapsed="0.316723"/>
</kw>
<kw name="Sleep" owner="BuiltIn">
<msg time="2026-06-19T11:11:02.754055" level="INFO">Slept 1 second.</msg>
<arg>1s</arg>
<doc>Pauses the test executed for the given time.</doc>
<status status="PASS" start="2026-06-19T11:11:01.752971" elapsed="1.001084"/>
</kw>
<status status="PASS" start="2026-06-19T11:10:57.989670" elapsed="4.764821"/>
</kw>
<kw name="Wait Until Element Is Visible" owner="SeleniumLibrary">
<arg>xpath=(//a[contains(text(),'Xem chi tiết')])[1]</arg>
<arg>${TIMEOUT}</arg>
<doc>Waits until the element ``locator`` is visible.</doc>
<status status="PASS" start="2026-06-19T11:11:02.754578" elapsed="0.034606"/>
</kw>
<kw name="Click Element" owner="SeleniumLibrary">
<msg time="2026-06-19T11:11:02.789809" level="INFO">Clicking element 'xpath=(//a[contains(text(),'Xem chi tiết')])[1]'.</msg>
<arg>xpath=(//a[contains(text(),'Xem chi tiết')])[1]</arg>
<doc>Click the element identified by ``locator``.</doc>
<status status="PASS" start="2026-06-19T11:11:02.789809" elapsed="0.144764"/>
</kw>
<kw name="Wait Until Page Contains" owner="SeleniumLibrary">
<arg>Dịch vụ đi kèm</arg>
<arg>${TIMEOUT}</arg>
<doc>Waits until ``text`` appears on the current page.</doc>
<status status="PASS" start="2026-06-19T11:11:02.934573" elapsed="0.675284"/>
</kw>
<kw name="Capture Page Screenshot" owner="SeleniumLibrary">
<msg time="2026-06-19T11:11:03.928919" level="INFO" html="true">&lt;/td&gt;&lt;/tr&gt;&lt;tr&gt;&lt;td colspan="3"&gt;&lt;a href="screenshots/selenium-screenshot-24.png"&gt;&lt;img src="screenshots/selenium-screenshot-24.png" width="800px"&gt;&lt;/a&gt;</msg>
<doc>Takes a screenshot of the current page and embeds it into a log file.</doc>
<status status="PASS" start="2026-06-19T11:11:03.609857" elapsed="0.319062"/>
</kw>
<doc>Điều hướng tới trang chi tiết sân (dịch vụ nằm ở đây)</doc>
<status status="PASS" start="2026-06-19T11:10:57.989670" elapsed="5.939249"/>
</kw>
<kw name="Service Minus Button Should Be Disabled" owner="services_keywords">
<kw name="Element Should Be Disabled" owner="SeleniumLibrary">
<msg time="2026-06-19T11:11:04.219777" level="INFO" html="true">&lt;/td&gt;&lt;/tr&gt;&lt;tr&gt;&lt;td colspan="3"&gt;&lt;a href="screenshots/selenium-screenshot-25.png"&gt;&lt;img src="screenshots/selenium-screenshot-25.png" width="800px"&gt;&lt;/a&gt;</msg>
<msg time="2026-06-19T11:11:04.219777" level="FAIL">Element with locator 'xpath://div[contains(@class,'ss-card')][.//p[contains(@class,'ss-name') and normalize-space()='Giày']]//button[contains(@class,'ss-btn-minus')]' not found.</msg>
<arg>xpath://div[contains(@class,'ss-card')][.//p[contains(@class,'ss-name') and normalize-space()='${service_name}']]//button[contains(@class,'ss-btn-minus')]</arg>
<doc>Verifies that element identified by ``locator`` is disabled.</doc>
<status status="FAIL" start="2026-06-19T11:11:03.929935" elapsed="0.289842">Element with locator 'xpath://div[contains(@class,'ss-card')][.//p[contains(@class,'ss-name') and normalize-space()='Giày']]//button[contains(@class,'ss-btn-minus')]' not found.</status>
</kw>
<kw name="Capture Page Screenshot" owner="SeleniumLibrary">
<doc>Takes a screenshot of the current page and embeds it into a log file.</doc>
<status status="NOT RUN" start="2026-06-19T11:11:04.221020" elapsed="0.000000"/>
</kw>
<arg>${SERVICE_NAME_GIAY}</arg>
<doc>Xác nhận nút (-) bị disabled (khi qty = 0)</doc>
<status status="FAIL" start="2026-06-19T11:11:03.929935" elapsed="0.291085">Element with locator 'xpath://div[contains(@class,'ss-card')][.//p[contains(@class,'ss-name') and normalize-space()='Giày']]//button[contains(@class,'ss-btn-minus')]' not found.</status>
</kw>
<kw name="Service Minus Button Should Be Disabled" owner="services_keywords">
<arg>${SERVICE_NAME_NUOC}</arg>
<doc>Xác nhận nút (-) bị disabled (khi qty = 0)</doc>
<status status="NOT RUN" start="2026-06-19T11:11:04.221020" elapsed="0.000000"/>
</kw>
<doc>Kiểm tra button.ss-btn-minus có disabled khi ss-qty = 0</doc>
<tag>regression</tag>
<tag>service</tag>
[...]
<status status="NOT RUN" start="2026-06-19T11:14:12.006846" elapsed="0.000000"/>
</kw>
<kw name="Time Slot Should Not Be Available" owner="timeslot_keywords">
<arg>${booked_time}</arg>
<doc>Xác nhận khung giờ không thể đặt (booked hoặc không tồn tại)</doc>
<status status="NOT RUN" start="2026-06-19T11:14:12.006846" elapsed="0.000919"/>
</kw>
<status status="NOT RUN" start="2026-06-19T11:14:12.006846" elapsed="0.000919"/>
</branch>
<branch type="ELSE">
<kw name="Log" owner="BuiltIn">
<msg time="2026-06-19T11:14:12.007765" level="WARN">Không có slot đã đặt trên sân này — bỏ qua kiểm tra</msg>
<arg>Không có slot đã đặt trên sân này — bỏ qua kiểm tra</arg>
<arg>WARN</arg>
<doc>Logs the given message with the given level.</doc>
<status status="PASS" start="2026-06-19T11:14:12.007765" elapsed="0.001005"/>
</kw>
<status status="PASS" start="2026-06-19T11:14:12.007765" elapsed="0.001336"/>
</branch>
<status status="PASS" start="2026-06-19T11:14:12.006755" elapsed="0.002346"/>
</if>
<doc>Kiểm tra slot mang class fd-slot--booked không thể click thành selected</doc>
<tag>regression</tag>
<tag>timeslot</tag>
<status status="PASS" start="2026-06-19T11:14:06.068970" elapsed="5.940640"/>
</test>
<test id="s1-s4-t12" name="TC_TIME_REG_12: Chọn Slot Theo Vị Trí Index 0 Thành Công" line="108">
<kw name="Navigate To Field Detail Page" owner="timeslot_keywords">
<kw name="Navigate To Pitches Page" owner="booking_keywords">
<kw name="Go To" owner="SeleniumLibrary">
<msg time="2026-06-19T11:14:12.012765" level="INFO">Opening url 'https://football-booking-system-seven.vercel.app//fields'</msg>
<arg>${URL}/fields</arg>
<doc>Navigates the current browser window to the provided ``url``.</doc>
<status status="PASS" start="2026-06-19T11:14:12.011743" elapsed="0.344514"/>
</kw>
<kw name="Sleep" owner="BuiltIn">
<msg time="2026-06-19T11:14:15.357651" level="INFO">Slept 3 seconds.</msg>
<arg>3s</arg>
<doc>Pauses the test executed for the given time.</doc>
<status status="PASS" start="2026-06-19T11:14:12.357029" elapsed="3.000622"/>
</kw>
<kw name="Wait Until Element Is Visible" owner="SeleniumLibrary">
<arg>xpath=(//a[contains(text(),'Xem chi tiết')])[1]</arg>
<arg>20s</arg>
<doc>Waits until the element ``locator`` is visible.</doc>
<status status="PASS" start="2026-06-19T11:14:15.357651" elapsed="0.035154"/>
</kw>
<kw name="Scroll Element Into View" owner="SeleniumLibrary">
<arg>xpath=(//a[contains(text(),'Xem chi tiết')])[1]</arg>
<doc>Scrolls the element identified by ``locator`` into view.</doc>
<status status="PASS" start="2026-06-19T11:14:15.392805" elapsed="0.298992"/>
</kw>
<kw name="Sleep" owner="BuiltIn">
<msg time="2026-06-19T11:14:16.692598" level="INFO">Slept 1 second.</msg>
<arg>1s</arg>
<doc>Pauses the test executed for the given time.</doc>
<status status="PASS" start="2026-06-19T11:14:15.691797" elapsed="1.000801"/>
</kw>
<status status="PASS" start="2026-06-19T11:14:12.011743" elapsed="4.680855"/>
</kw>
<kw name="Wait Until Element Is Visible" owner="SeleniumLibrary">
<arg>xpath=(//a[contains(text(),'Xem chi tiết')])[1]</arg>
<arg>${TIMEOUT}</arg>
<doc>Waits until the element ``locator`` is visible.</doc>
<status status="PASS" start="2026-06-19T11:14:16.692598" elapsed="0.027764"/>
</kw>
<kw name="Click Element" owner="SeleniumLibrary">
<msg time="2026-06-19T11:14:16.720362" level="INFO">Clicking element 'xpath=(//a[contains(text(),'Xem chi tiết')])[1]'.</msg>
<arg>xpath=(//a[contains(text(),'Xem chi tiết')])[1]</arg>
<doc>Click the element identified by ``locator``.</doc>
<status status="PASS" start="2026-06-19T11:14:16.720362" elapsed="0.099143"/>
</kw>
<kw name="Wait Until Page Contains" owner="SeleniumLibrary">
<arg>Lịch đặt sân</arg>
<arg>${TIMEOUT}</arg>
<doc>Waits until ``text`` appears on the current page.</doc>
<status status="PASS" start="2026-06-19T11:14:16.819505" elapsed="0.916540"/>
</kw>
<doc>Điều hướng tới trang chi tiết sân đầu tiên</doc>
<status status="PASS" start="2026-06-19T11:14:12.011743" elapsed="5.724302"/>
</kw>
<kw name="Select Time Slot By Index" owner="timeslot_keywords">
<kw name="Open Time Slot Selection" owner="timeslot_keywords">
<kw name="Run Keyword And Return Status" owner="BuiltIn">
<kw name="Element Should Be Visible" owner="SeleniumLibrary">
<msg time="2026-06-19T11:14:17.997883" level="INFO" html="true">&lt;/td&gt;&lt;/tr&gt;&lt;tr&gt;&lt;td colspan="3"&gt;&lt;a href="screenshots/selenium-screenshot-61.png"&gt;&lt;img src="screenshots/selenium-screenshot-61.png" width="800px"&gt;&lt;/a&gt;</msg>
<msg time="2026-06-19T11:14:17.997883" level="FAIL">Element with locator 'xpath://div[contains(@class,'bf-slots-grid')]' not found.</msg>
<arg>${TIMESLOT_GRID}</arg>
<doc>Verifies that the element identified by ``locator`` is visible.</doc>
<status status="FAIL" start="2026-06-19T11:14:17.737561" elapsed="0.261398">Element with locator 'xpath://div[contains(@class,'bf-slots-grid')]' not found.</status>
</kw>
<msg time="2026-06-19T11:14:17.998959" level="INFO">${is_visible} = False</msg>
<var>${is_visible}</var>
<arg>Element Should Be Visible</arg>
<arg>${TIMESLOT_GRID}</arg>
<doc>Runs the given keyword with given arguments and returns the status as a Boolean value.</doc>
<status status="PASS" start="2026-06-19T11:14:17.736045" elapsed="0.262914"/>
</kw>
<kw name="Run Keyword If" owner="BuiltIn">
<kw name="Click Element" owner="SeleniumLibrary">
<msg time="2026-06-19T11:14:17.999979" level="INFO">Clicking element 'xpath://*[contains(@class,'fd-sidebar')]//span[contains(@class,'text-slate-900') and contains(@class,'font-semibold')]'.</msg>
<arg>${SIDEBAR_TIMESLOT_DISPLAY}</arg>
<doc>Click the element identified by ``locator``.</doc>
<status status="PASS" start="2026-06-19T11:14:17.999979" elapsed="0.100481"/>
</kw>
<arg>not ${is_visible}</arg>
<arg>Click Element</arg>
<arg>${SIDEBAR_TIMESLOT_DISPLAY}</arg>
<doc>Runs the given keyword with the given arguments, if ``condition`` is true.</doc>
<status status="PASS" start="2026-06-19T11:14:17.998959" elapsed="0.102108"/>
</kw>
<kw name="Wait Until Element Is Visible" owner="SeleniumLibrary">
<arg>${TIMESLOT_GRID}</arg>
<arg>${TIMEOUT}</arg>
<doc>Waits until the element ``locator`` is visible.</doc>
<status status="PASS" start="2026-06-19T11:14:18.101067" elapsed="0.277189"/>
</kw>
<doc>Click vào sidebar để hiển thị khu vực chọn khung giờ nếu chưa mở</doc>
<status status="PASS" start="2026-06-19T11:14:17.736045" elapsed="0.642211"/>
</kw>
<kw name="Get WebElements" owner="SeleniumLibrary">
<msg time="2026-06-19T11:14:18.397636" level="INFO">${slots} = [&lt;selenium.webdriver.remote.webelement.WebElement (session="0326fddf2cc8022d655639d2cc08df31", element="f.A9C0F5EE97F621E20EDD70EC57EA5D5C.d.B499BE01201082CECA849E9D6FF0717A.e.639")&gt;, &lt;selenium.webdri...</msg>
<var>${slots}</var>
<arg>${TIMESLOT_AVAILABLE}</arg>
<doc>Returns a list of WebElement objects matching the ``locator``.</doc>
<status status="PASS" start="2026-06-19T11:14:18.378256" elapsed="0.019380"/>
</kw>
<kw name="Click Element" owner="SeleniumLibrary">
<msg time="2026-06-19T11:14:18.398151" level="INFO">Clicking element '&lt;selenium.webdriver.remote.webelement.WebElement (session="0326fddf2cc8022d655639d2cc08df31", element="f.A9C0F5EE97F621E20EDD70EC57EA5D5C.d.B499BE01201082CECA849E9D6FF0717A.e.639")&gt;'.</msg>
<arg>${slots}[${index}]</arg>
<doc>Click the element identified by ``locator``.</doc>
<status status="PASS" start="2026-06-19T11:14:18.398151" elapsed="0.087813"/>
</kw>
<kw name="Sleep" owner="BuiltIn">
<msg time="2026-06-19T11:14:18.986392" level="INFO">Slept 500 milliseconds.</msg>
<arg>0.5s</arg>
<doc>Pauses the test executed for the given time.</doc>
<status status="PASS" start="2026-06-19T11:14:18.485964" elapsed="0.500428"/>
</kw>
<arg>0</arg>
<doc>Chọn khung giờ theo vị trí (0-based)</doc>
<status status="PASS" start="2026-06-19T11:14:17.736045" elapsed="1.250347"/>
</kw>
<kw name="Open Time Slot Selection" owner="timeslot_keywords">
<kw name="Run Keyword And Return Status" owner="BuiltIn">
<kw name="Element Should Be Visible" owner="SeleniumLibrary">
<msg time="2026-06-19T11:14:19.241678" level="INFO" html="true">&lt;/td&gt;&lt;/tr&gt;&lt;tr&gt;&lt;td colspan="3"&gt;&lt;a href="screenshots/selenium-screenshot-62.png"&gt;&lt;img src="screenshots/selenium-screenshot-62.png" width="800px"&gt;&lt;/a&gt;</msg>
<msg time="2026-06-19T11:14:19.241678" level="FAIL">Element with locator 'xpath://div[contains(@class,'bf-slots-grid')]' not found.</msg>
<arg>${TIMESLOT_GRID}</arg>
<doc>Verifies that the element identified by ``locator`` is visible.</doc>
<status status="FAIL" start="2026-06-19T11:14:18.987440" elapsed="0.254238">Element with locator 'xpath://div[contains(@class,'bf-slots-grid')]' not found.</status>
</kw>
<msg time="2026-06-19T11:14:19.242678" level="INFO">${is_visible} = False</msg>
<var>${is_visible}</var>
<arg>Element Should Be Visible</arg>
<arg>${TIMESLOT_GRID}</arg>
<doc>Runs the given keyword with given arguments and returns the status as a Boolean value.</doc>
<status status="PASS" start="2026-06-19T11:14:18.987440" elapsed="0.255238"/>
</kw>
<kw name="Run Keyword If" owner="BuiltIn">
<kw name="Click Element" owner="SeleniumLibrary">
<msg time="2026-06-19T11:14:19.243120" level="INFO">Clicking element 'xpath://*[contains(@class,'fd-sidebar')]//span[contains(@class,'text-slate-900') and contains(@class,'font-semibold')]'.</msg>
<arg>${SIDEBAR_TIMESLOT_DISPLAY}</arg>
<doc>Click the element identified by ``locator``.</doc>
<status status="PASS" start="2026-06-19T11:14:19.243120" elapsed="0.111390"/>
</kw>
<arg>not ${is_visible}</arg>
<arg>Click Element</arg>
<arg>${SIDEBAR_TIMESLOT_DISPLAY}</arg>
<doc>Runs the given keyword with the given arguments, if ``condition`` is true.</doc>
<status status="PASS" start="2026-06-19T11:14:19.242980" elapsed="0.111530"/>
</kw>
<kw name="Wait Until Element Is Visible" owner="SeleniumLibrary">
<arg>${TIMESLOT_GRID}</arg>
<arg>${TIMEOUT}</arg>
<doc>Waits until the element ``locator`` is visible.</doc>
<status status="PASS" start="2026-06-19T11:14:19.354510" elapsed="0.025054"/>
</kw>
<doc>Click vào sidebar để hiển thị khu vực chọn khung giờ nếu chưa mở</doc>
<status status="PASS" start="2026-06-19T11:14:18.987440" elapsed="0.392124"/>
</kw>
<kw name="Page Should Contain Element" owner="SeleniumLibrary">
<msg time="2026-06-19T11:14:19.399892" level="INFO">Current page contains element 'xpath://button[contains(@class,'bf-slot-btn') and contains(@class,'selected')]'.</msg>
<arg>${TIMESLOT_SELECTED}</arg>
<doc>Verifies that element ``locator`` is found on the current page.</doc>
<status status="PASS" start="2026-06-19T11:14:19.379564" elapsed="0.020328"/>
</kw>
<doc>Kiểm tra chọn slot bằng index (dành cho automation chọn ngẫu nhiên)</doc>
<tag>regression</tag>
<tag>timeslot</tag>
<status status="PASS" start="2026-06-19T11:14:12.009739" elapsed="7.391290"/>
</test>
<test id="s1-s4-t13" name="TC_TIME_REG_13: Thông Tin Giá Tổng Cộng Cập Nhật Sau Khi Chọn Slot" line="116">
<kw name="Navigate To Field Detail Page" owner="timeslot_keywords">
<kw name="Navigate To Pitches Page" owner="booking_keywords">
<kw name="Go To" owner="SeleniumLibrary">
<msg time="2026-06-19T11:14:19.403193" level="INFO">Opening url 'https://football-booking-system-seven.vercel.app//fields'</msg>
<arg>${URL}/fields</arg>
<doc>Navigates the current browser window to the provided ``url``.</doc>
<status status="PASS" start="2026-06-19T11:14:19.403193" elapsed="0.327495"/>
</kw>
<kw name="Sleep" owner="BuiltIn">
<msg time="2026-06-19T11:14:22.731042" level="INFO">Slept 3 seconds.</msg>
<arg>3s</arg>
<doc>Pauses the test executed for the given time.</doc>
<status status="PASS" start="2026-06-19T11:14:19.730688" elapsed="3.000354"/>
</kw>
<kw name="Wait Until Element Is Visible" owner="SeleniumLibrary">
<arg>xpath=(//a[contains(text(),'Xem chi tiết')])[1]</arg>
<arg>20s</arg>
<doc>Waits until the element ``locator`` is visible.</doc>
<status status="PASS" start="2026-06-19T11:14:22.731042" elapsed="0.032954"/>
</kw>
<kw name="Scroll Element Into View" owner="SeleniumLibrary">
<arg>xpath=(//a[contains(text(),'Xem chi tiết')])[1]</arg>
<doc>Scrolls the element identified by ``locator`` into view.</doc>
<status status="PASS" start="2026-06-19T11:14:22.763996" elapsed="5.303658"/>
</kw>
<kw name="Sleep" owner="BuiltIn">
<msg time="2026-06-19T11:14:29.067957" level="INFO">Slept 1 second.</msg>
<arg>1s</arg>
<doc>Pauses the test executed for the given time.</doc>
<status status="PASS" start="2026-06-19T11:14:28.067654" elapsed="1.000303"/>
</kw>
<status status="PASS" start="2026-06-19T11:14:19.403193" elapsed="9.664764"/>
</kw>
<kw name="Wait Until Element Is Visible" owner="SeleniumLibrary">
<arg>xpath=(//a[contains(text(),'Xem chi tiết')])[1]</arg>
<arg>${TIMEOUT}</arg>
<doc>Waits until the element ``locator`` is visible.</doc>
<status status="PASS" start="2026-06-19T11:14:29.067957" elapsed="0.030819"/>
</kw>
<kw name="Click Element" owner="SeleniumLibrary">
<msg time="2026-06-19T11:14:29.098776" level="INFO">Clicking element 'xpath=(//a[contains(text(),'Xem chi tiết')])[1]'.</msg>
<arg>xpath=(//a[contains(text(),'Xem chi tiết')])[1]</arg>
<doc>Click the element identified by ``locator``.</doc>
<status status="PASS" start="2026-06-19T11:14:29.098776" elapsed="0.116692"/>
</kw>
<kw name="Wait Until Page Contains" owner="SeleniumLibrary">
<arg>Lịch đặt sân</arg>
<arg>${TIMEOUT}</arg>
<doc>Waits until ``text`` appears on the current page.</doc>
<status status="PASS" start="2026-06-19T11:14:29.215468" elapsed="0.887409"/>
</kw>
<doc>Điều hướng tới trang chi tiết sân đầu tiên</doc>
<status status="PASS" start="2026-06-19T11:14:19.403193" elapsed="10.699822"/>
</kw>
<kw name="Select First Available Time Slot" owner="timeslot_keywords">
<kw name="Open Time Slot Selection" owner="timeslot_keywords">
<kw name="Run Keyword And Return Status" owner="BuiltIn">
<kw name="Element Should Be Visible" owner="SeleniumLibrary">
<msg time="2026-06-19T11:14:30.537556" level="INFO" html="true">&lt;/td&gt;&lt;/tr&gt;&lt;tr&gt;&lt;td colspan="3"&gt;&lt;a href="screenshots/selenium-screenshot-63.png"&gt;&lt;img src="screenshots/selenium-screenshot-63.png" width="800px"&gt;&lt;/a&gt;</msg>
<msg time="2026-06-19T11:14:30.537556" level="FAIL">Element with locator 'xpath://div[contains(@class,'bf-slots-grid')]' not found.</msg>
<arg>${TIMESLOT_GRID}</arg>
<doc>Verifies that the element identified by ``locator`` is visible.</doc>
<status status="FAIL" start="2026-06-19T11:14:30.103015" elapsed="0.435550">Element with locator 'xpath://div[contains(@class,'bf-slots-grid')]' not found.</status>
</kw>
<msg time="2026-06-19T11:14:30.539076" level="INFO">${is_visible} = False</msg>
<var>${is_visible}</var>
<arg>Element Should Be Visible</arg>
<arg>${TIMESLOT_GRID}</arg>
<doc>Runs the given keyword with given arguments and returns the status as a Boolean value.</doc>
<status status="PASS" start="2026-06-19T11:14:30.103015" elapsed="0.436061"/>
</kw>
<kw name="Run Keyword If" owner="BuiltIn">
<kw name="Click Element" owner="SeleniumLibrary">
<msg time="2026-06-19T11:14:30.539766" level="INFO">Clicking element 'xpath://*[contains(@class,'fd-sidebar')]//span[contains(@class,'text-slate-900') and contains(@class,'font-semibold')]'.</msg>
<arg>${SIDEBAR_TIMESLOT_DISPLAY}</arg>
<doc>Click the element identified by ``locator``.</doc>
<status status="PASS" start="2026-06-19T11:14:30.539766" elapsed="0.127063"/>
</kw>
<arg>not ${is_visible}</arg>
<arg>Click Element</arg>
<arg>${SIDEBAR_TIMESLOT_DISPLAY}</arg>
<doc>Runs the given keyword with the given arguments, if ``condition`` is true.</doc>
<status status="PASS" start="2026-06-19T11:14:30.539076" elapsed="0.127753"/>
</kw>
<kw name="Wait Until Element Is Visible" owner="SeleniumLibrary">
<arg>${TIMESLOT_GRID}</arg>
<arg>${TIMEOUT}</arg>
<doc>Waits until the element ``locator`` is visible.</doc>
<status status="PASS" start="2026-06-19T11:14:30.666829" elapsed="0.031874"/>
</kw>
<doc>Click vào sidebar để hiển thị khu vực chọn khung giờ nếu chưa mở</doc>
<status status="PASS" start="2026-06-19T11:14:30.103015" elapsed="0.595688"/>
</kw>
<kw name="Wait Until Element Is Visible" owner="SeleniumLibrary">
<arg>${TIMESLOT_AVAILABLE}</arg>
<arg>${TIMEOUT}</arg>
<doc>Waits until the element ``locator`` is visible.</doc>
<status status="PASS" start="2026-06-19T11:14:30.699693" elapsed="0.022618"/>
</kw>
<kw name="Click Element" owner="SeleniumLibrary">
<msg time="2026-06-19T11:14:30.722311" level="INFO">Clicking element 'xpath://button[contains(@class,'bf-slot-btn') and not(contains(@class,'booked'))]'.</msg>
<arg>${TIMESLOT_AVAILABLE}</arg>
<doc>Click the element identified by ``locator``.</doc>
<status status="PASS" start="2026-06-19T11:14:30.722311" elapsed="0.169386"/>
</kw>
<kw name="Sleep" owner="BuiltIn">
<msg time="2026-06-19T11:14:31.392710" level="INFO">Slept 500 milliseconds.</msg>
<arg>0.5s</arg>
<doc>Pauses the test executed for the given time.</doc>
<status status="PASS" start="2026-06-19T11:14:30.892226" elapsed="0.500484"/>
</kw>
<doc>Chọn khung giờ còn trống đầu tiên</doc>
<status status="PASS" start="2026-06-19T11:14:30.103015" elapsed="1.289695"/>
</kw>
<kw name="Get Booking Total Price" owner="timeslot_keywords">
<kw name="Get Text" owner="SeleniumLibrary">
<msg time="2026-06-19T11:14:31.437955" level="INFO">${total} = 80,000đ</msg>
<var>${total}</var>
<arg>${SIDEBAR_TOTAL_PRICE}</arg>
<doc>Returns the text value of the element identified by ``locator``.</doc>
<status status="PASS" start="2026-06-19T11:14:31.392710" elapsed="0.045759"/>
</kw>
<return>
<value>${total}</value>
<status status="PASS" start="2026-06-19T11:14:31.438537" elapsed="0.000000"/>
</return>
<msg time="2026-06-19T11:14:31.438537" level="INFO">${total} = 80,000đ</msg>
<var>${total}</var>
<doc>Lấy tổng tiền hiển thị trong sidebar đặt sân</doc>
<status status="PASS" start="2026-06-19T11:14:31.392710" elapsed="0.045827"/>
</kw>
<kw name="Should Not Be Empty" owner="BuiltIn">
<msg time="2026-06-19T11:14:31.438537" level="INFO">Length is 7.</msg>
<arg>${total}</arg>
<doc>Verifies that the given item is not empty.</doc>
<status status="PASS" start="2026-06-19T11:14:31.438537" elapsed="0.000000"/>
</kw>
<doc>Kiểm tra tổng tiền trong sidebar không còn hiển thị "—" sau khi chọn slot</doc>
<tag>regression</tag>
<tag>timeslot</tag>
<status status="PASS" start="2026-06-19T11:14:19.401852" elapsed="12.037833"/>
</test>
<kw name="Close Browser Application" owner="booking_keywords" type="TEARDOWN">
<kw name="Close Browser" owner="SeleniumLibrary">
<doc>Closes the current browser.</doc>
<status status="PASS" start="2026-06-19T11:14:31.440694" elapsed="2.221034"/>
</kw>
<doc>Đóng browser</doc>
<status status="PASS" start="2026-06-19T11:14:31.440694" elapsed="2.221034"/>
</kw>
<doc>Regression Tests - Kiểm tra Chi Tiết Khung Giờ Trên Trang Chi Tiết Sân</doc>
<status status="FAIL" start="2026-06-19T11:12:47.335354" elapsed="106.326374"/>
</suite>
<status status="FAIL" start="2026-06-19T11:09:13.419143" elapsed="320.244740"/>
</suite>
<statistics>
<total>
<stat pass="20" fail="22" skip="0">All Tests</stat>
</total>
<tag>
<stat pass="13" fail="14" skip="0">regression</stat>
<stat pass="2" fail="20" skip="0">service</stat>
<stat pass="7" fail="8" skip="0">smoke</stat>
<stat pass="18" fail="2" skip="0">timeslot</stat>
</tag>
<suite>
<stat name="Field Detail" id="s1" pass="20" fail="22" skip="0">Field Detail</stat>
<stat name="Services Basic Tests" id="s1-s1" pass="1" fail="7" skip="0">Field Detail.Services Basic Tests</stat>
<stat name="Services Tests" id="s1-s2" pass="1" fail="13" skip="0">Field Detail.Services Tests</stat>
<stat name="Timeslot Basic Tests" id="s1-s3" pass="6" fail="1" skip="0">Field Detail.Timeslot Basic Tests</stat>
<stat name="Timeslot Tests" id="s1-s4" pass="12" fail="1" skip="0">Field Detail.Timeslot Tests</stat>
</suite>
</statistics>
<errors>
<msg time="2026-06-19T11:14:12.007765" level="WARN">Không có slot đã đặt trên sân này — bỏ qua kiểm tra</msg>
</errors>
</robot>
