<?xml version="1.0" encoding="UTF-8"?>
<robot generator="Robot 7.2.2 (Python 3.12.5 on win32)" generated="2026-06-19T11:01:06.740716" rpa="false" schemaversion="5">
<suite id="s1" name="Fields" source="D:\TestRobotFrameWork POM\tests\fields">
<suite id="s1-s1" name="Fields Basic Tests" source="D:\TestRobotFrameWork POM\tests\fields\fields_basic_tests.robot">
<kw name="Open Browser To Application" owner="booking_keywords" type="SETUP">
<kw name="Open Browser" owner="SeleniumLibrary">
<msg time="2026-06-19T11:01:07.343306" level="INFO">Opening browser 'chrome' to base url 'https://football-booking-system-seven.vercel.app/'.</msg>
<arg>${URL}</arg>
<arg>${BROWSER}</arg>
<doc>Opens a new browser instance to the optional ``url``.</doc>
<status status="PASS" start="2026-06-19T11:01:07.343306" elapsed="3.469500"/>
</kw>
<kw name="Maximize Browser Window" owner="SeleniumLibrary">
<doc>Maximizes current browser window.</doc>
<status status="PASS" start="2026-06-19T11:01:10.812806" elapsed="0.062312"/>
</kw>
<kw name="Set Screenshot Directory" owner="SeleniumLibrary">
<arg>${OUTPUT DIR}${/}screenshots</arg>
<doc>Sets the directory for captured screenshots.</doc>
<status status="PASS" start="2026-06-19T11:01:10.876136" elapsed="0.000000"/>
</kw>
<kw name="Wait Until Page Contains" owner="SeleniumLibrary">
<arg>Football Booking</arg>
<arg>${TIMEOUT}</arg>
<doc>Waits until ``text`` appears on the current page.</doc>
<status status="PASS" start="2026-06-19T11:01:10.877527" elapsed="0.060896"/>
</kw>
<doc>Mở browser và truy cập website</doc>
<status status="PASS" start="2026-06-19T11:01:07.341274" elapsed="3.597149"/>
</kw>
<test id="s1-s1-t1" name="TC_PITCH_SMOKE_01: Danh Sách Sân Bóng Hiển Thị" line="11">
<kw name="Navigate To Pitches Page" owner="booking_keywords">
<kw name="Go To" owner="SeleniumLibrary">
<msg time="2026-06-19T11:01:10.942345" level="INFO">Opening url 'https://football-booking-system-seven.vercel.app//fields'</msg>
<arg>${URL}/fields</arg>
<doc>Navigates the current browser window to the provided ``url``.</doc>
<status status="PASS" start="2026-06-19T11:01:10.942345" elapsed="0.435256"/>
</kw>
<kw name="Sleep" owner="BuiltIn">
<msg time="2026-06-19T11:01:14.378088" level="INFO">Slept 3 seconds.</msg>
<arg>3s</arg>
<doc>Pauses the test executed for the given time.</doc>
<status status="PASS" start="2026-06-19T11:01:11.377601" elapsed="3.000487"/>
</kw>
<kw name="Wait Until Element Is Visible" owner="SeleniumLibrary">
<arg>xpath=(//a[contains(text(),'Xem chi tiết')])[1]</arg>
<arg>20s</arg>
<doc>Waits until the element ``locator`` is visible.</doc>
<status status="PASS" start="2026-06-19T11:01:14.379035" elapsed="0.073947"/>
</kw>
<kw name="Scroll Element Into View" owner="SeleniumLibrary">
<arg>xpath=(//a[contains(text(),'Xem chi tiết')])[1]</arg>
<doc>Scrolls the element identified by ``locator`` into view.</doc>
<status status="PASS" start="2026-06-19T11:01:14.453572" elapsed="0.333716"/>
</kw>
<kw name="Sleep" owner="BuiltIn">
<msg time="2026-06-19T11:01:15.787826" level="INFO">Slept 1 second.</msg>
<arg>1s</arg>
<doc>Pauses the test executed for the given time.</doc>
<status status="PASS" start="2026-06-19T11:01:14.787288" elapsed="1.000538"/>
</kw>
<status status="PASS" start="2026-06-19T11:01:10.941832" elapsed="4.845994"/>
</kw>
<kw name="Page Should Contain" owner="SeleniumLibrary">
<msg time="2026-06-19T11:01:15.835907" level="INFO">Current page contains text 'Danh sách sân bóng'.</msg>
<arg>Danh sách sân bóng</arg>
<doc>Verifies that current page contains ``text``.</doc>
<status status="PASS" start="2026-06-19T11:01:15.788862" elapsed="0.047045"/>
</kw>
<kw name="Wait Until Page Contains Element" owner="SeleniumLibrary">
<arg>${PITCH_CARD_CONTAINER}</arg>
<arg>${TIMEOUT}</arg>
<doc>Waits until the element ``locator`` appears on the current page.</doc>
<status status="PASS" start="2026-06-19T11:01:15.838463" elapsed="0.050146"/>
</kw>
<doc>Kiểm tra danh sách sân bóng có hiển thị</doc>
<tag>pitch</tag>
<tag>smoke</tag>
<status status="PASS" start="2026-06-19T11:01:10.938423" elapsed="4.950186"/>
</test>
<test id="s1-s1-t2" name="TC_PITCH_SMOKE_02: Có Thể Xem Sân Bóng" line="18">
<kw name="Navigate To Pitches Page" owner="booking_keywords">
<kw name="Go To" owner="SeleniumLibrary">
<msg time="2026-06-19T11:01:15.890877" level="INFO">Opening url 'https://football-booking-system-seven.vercel.app//fields'</msg>
<arg>${URL}/fields</arg>
<doc>Navigates the current browser window to the provided ``url``.</doc>
<status status="PASS" start="2026-06-19T11:01:15.890877" elapsed="0.444501"/>
</kw>
<kw name="Sleep" owner="BuiltIn">
<msg time="2026-06-19T11:01:19.336701" level="INFO">Slept 3 seconds.</msg>
<arg>3s</arg>
<doc>Pauses the test executed for the given time.</doc>
<status status="PASS" start="2026-06-19T11:01:16.335378" elapsed="3.001323"/>
</kw>
<kw name="Wait Until Element Is Visible" owner="SeleniumLibrary">
<arg>xpath=(//a[contains(text(),'Xem chi tiết')])[1]</arg>
<arg>20s</arg>
<doc>Waits until the element ``locator`` is visible.</doc>
<status status="PASS" start="2026-06-19T11:01:19.337267" elapsed="0.034980"/>
</kw>
<kw name="Scroll Element Into View" owner="SeleniumLibrary">
<arg>xpath=(//a[contains(text(),'Xem chi tiết')])[1]</arg>
<doc>Scrolls the element identified by ``locator`` into view.</doc>
<status status="PASS" start="2026-06-19T11:01:19.372247" elapsed="0.309302"/>
</kw>
<kw name="Sleep" owner="BuiltIn">
<msg time="2026-06-19T11:01:20.682057" level="INFO">Slept 1 second.</msg>
<arg>1s</arg>
<doc>Pauses the test executed for the given time.</doc>
<status status="PASS" start="2026-06-19T11:01:19.681549" elapsed="1.000508"/>
</kw>
<status status="PASS" start="2026-06-19T11:01:15.889977" elapsed="4.792080"/>
</kw>
<kw name="View Available Pitches" owner="pitch_selection_keywords">
<kw name="Navigate To Pitches Page" owner="booking_keywords">
<kw name="Go To" owner="SeleniumLibrary">
<msg time="2026-06-19T11:01:20.683072" level="INFO">Opening url 'https://football-booking-system-seven.vercel.app//fields'</msg>
<arg>${URL}/fields</arg>
<doc>Navigates the current browser window to the provided ``url``.</doc>
<status status="PASS" start="2026-06-19T11:01:20.683072" elapsed="0.502187"/>
</kw>
<kw name="Sleep" owner="BuiltIn">
<msg time="2026-06-19T11:01:24.187178" level="INFO">Slept 3 seconds.</msg>
<arg>3s</arg>
<doc>Pauses the test executed for the given time.</doc>
<status status="PASS" start="2026-06-19T11:01:21.185259" elapsed="3.001919"/>
</kw>
<kw name="Wait Until Element Is Visible" owner="SeleniumLibrary">
<arg>xpath=(//a[contains(text(),'Xem chi tiết')])[1]</arg>
<arg>20s</arg>
<doc>Waits until the element ``locator`` is visible.</doc>
<status status="PASS" start="2026-06-19T11:01:24.187705" elapsed="0.042447"/>
</kw>
<kw name="Scroll Element Into View" owner="SeleniumLibrary">
<arg>xpath=(//a[contains(text(),'Xem chi tiết')])[1]</arg>
<doc>Scrolls the element identified by ``locator`` into view.</doc>
<status status="PASS" start="2026-06-19T11:01:24.230670" elapsed="0.301403"/>
</kw>
<kw name="Sleep" owner="BuiltIn">
<msg time="2026-06-19T11:01:25.532279" level="INFO">Slept 1 second.</msg>
<arg>1s</arg>
<doc>Pauses the test executed for the given time.</doc>
<status status="PASS" start="2026-06-19T11:01:24.532073" elapsed="1.000206"/>
</kw>
<status status="PASS" start="2026-06-19T11:01:20.683072" elapsed="4.849207"/>
</kw>
<kw name="Wait Until Page Contains" owner="SeleniumLibrary">
<arg>Danh sách sân bóng</arg>
<arg>${TIMEOUT}</arg>
<doc>Waits until ``text`` appears on the current page.</doc>
<status status="PASS" start="2026-06-19T11:01:25.532279" elapsed="0.020015"/>
</kw>
<kw name="Page Should Contain Element" owner="SeleniumLibrary">
<msg time="2026-06-19T11:01:25.581056" level="INFO">Current page contains element 'xpath=//div[contains(@class,'fields-grid')]'.</msg>
<arg>xpath=//div[contains(@class,'fields-grid')]</arg>
<doc>Verifies that element ``locator`` is found on the current page.</doc>
<status status="PASS" start="2026-06-19T11:01:25.552964" elapsed="0.028092"/>
</kw>
<kw name="Capture Page Screenshot" owner="SeleniumLibrary">
<msg time="2026-06-19T11:01:25.833628" level="INFO" html="true">&lt;/td&gt;&lt;/tr&gt;&lt;tr&gt;&lt;td colspan="3"&gt;&lt;a href="screenshots/selenium-screenshot-1.png"&gt;&lt;img src="screenshots/selenium-screenshot-1.png" width="800px"&gt;&lt;/a&gt;</msg>
<doc>Takes a screenshot of the current page and embeds it into a log file.</doc>
<status status="PASS" start="2026-06-19T11:01:25.581056" elapsed="0.252572"/>
</kw>
<doc>Xem danh sách các sân bóng có sẵn</doc>
<status status="PASS" start="2026-06-19T11:01:20.683072" elapsed="5.150556"/>
</kw>
<kw name="Get Pitch Count" owner="pitch_selection_keywords">
<kw name="Get Element Count" owner="SeleniumLibrary">
<msg time="2026-06-19T11:01:25.851184" level="INFO">${count} = 6</msg>
<var>${count}</var>
<arg>xpath=//div[contains(@class,'fields-grid')]/div</arg>
<doc>Returns the number of elements matching ``locator``.</doc>
<status status="PASS" start="2026-06-19T11:01:25.834634" elapsed="0.016550"/>
</kw>
<return>
<value>${count}</value>
<status status="PASS" start="2026-06-19T11:01:25.851184" elapsed="0.000000"/>
</return>
<msg time="2026-06-19T11:01:25.851184" level="INFO">${count} = 6</msg>
<var>${count}</var>
<doc>Lấy số lượng sân bóng</doc>
<status status="PASS" start="2026-06-19T11:01:25.833628" elapsed="0.017556"/>
</kw>
<kw name="Should Be True" owner="BuiltIn">
<arg>${count} &gt; 0</arg>
<doc>Fails if the given condition is not true.</doc>
<status status="PASS" start="2026-06-19T11:01:25.851184" elapsed="0.000000"/>
</kw>
<doc>Kiểm tra có thể xem danh sách sân bóng</doc>
<tag>pitch</tag>
<tag>smoke</tag>
<status status="PASS" start="2026-06-19T11:01:15.889353" elapsed="9.963433"/>
</test>
<test id="s1-s1-t3" name="TC_PITCH_SMOKE_03: Có Thể Chọn Sân Bóng" line="26">
<kw name="Navigate To Pitches Page" owner="booking_keywords">
<kw name="Go To" owner="SeleniumLibrary">
<msg time="2026-06-19T11:01:25.853912" level="INFO">Opening url 'https://football-booking-system-seven.vercel.app//fields'</msg>
<arg>${URL}/fields</arg>
<doc>Navigates the current browser window to the provided ``url``.</doc>
<status status="PASS" start="2026-06-19T11:01:25.853912" elapsed="0.436453"/>
</kw>
<kw name="Sleep" owner="BuiltIn">
<msg time="2026-06-19T11:01:29.291795" level="INFO">Slept 3 seconds.</msg>
<arg>3s</arg>
<doc>Pauses the test executed for the given time.</doc>
<status status="PASS" start="2026-06-19T11:01:26.290365" elapsed="3.001430"/>
</kw>
<kw name="Wait Until Element Is Visible" owner="SeleniumLibrary">
<arg>xpath=(//a[contains(text(),'Xem chi tiết')])[1]</arg>
<arg>20s</arg>
<doc>Waits until the element ``locator`` is visible.</doc>
<status status="PASS" start="2026-06-19T11:01:29.292338" elapsed="0.040703"/>
</kw>
<kw name="Scroll Element Into View" owner="SeleniumLibrary">
<arg>xpath=(//a[contains(text(),'Xem chi tiết')])[1]</arg>
<doc>Scrolls the element identified by ``locator`` into view.</doc>
<status status="PASS" start="2026-06-19T11:01:29.333041" elapsed="0.305715"/>
</kw>
<kw name="Sleep" owner="BuiltIn">
<msg time="2026-06-19T11:01:30.638915" level="INFO">Slept 1 second.</msg>
<arg>1s</arg>
<doc>Pauses the test executed for the given time.</doc>
<status status="PASS" start="2026-06-19T11:01:29.638756" elapsed="1.000159"/>
</kw>
<status status="PASS" start="2026-06-19T11:01:25.853912" elapsed="4.785003"/>
</kw>
<kw name="View Available Pitches" owner="pitch_selection_keywords">
<kw name="Navigate To Pitches Page" owner="booking_keywords">
<kw name="Go To" owner="SeleniumLibrary">
<msg time="2026-06-19T11:01:30.640046" level="INFO">Opening url 'https://football-booking-system-seven.vercel.app//fields'</msg>
<arg>${URL}/fields</arg>
<doc>Navigates the current browser window to the provided ``url``.</doc>
<status status="PASS" start="2026-06-19T11:01:30.640046" elapsed="0.423703"/>
</kw>
<kw name="Sleep" owner="BuiltIn">
<msg time="2026-06-19T11:01:34.064516" level="INFO">Slept 3 seconds.</msg>
<arg>3s</arg>
<doc>Pauses the test executed for the given time.</doc>
<status status="PASS" start="2026-06-19T11:01:31.063749" elapsed="3.000767"/>
</kw>
<kw name="Wait Until Element Is Visible" owner="SeleniumLibrary">
<arg>xpath=(//a[contains(text(),'Xem chi tiết')])[1]</arg>
<arg>20s</arg>
<doc>Waits until the element ``locator`` is visible.</doc>
<status status="PASS" start="2026-06-19T11:01:34.065431" elapsed="0.028321"/>
</kw>
<kw name="Scroll Element Into View" owner="SeleniumLibrary">
<arg>xpath=(//a[contains(text(),'Xem chi tiết')])[1]</arg>
<doc>Scrolls the element identified by ``locator`` into view.</doc>
<status status="PASS" start="2026-06-19T11:01:34.093752" elapsed="0.306411"/>
</kw>
<kw name="Sleep" owner="BuiltIn">
<msg time="2026-06-19T11:01:35.401444" level="INFO">Slept 1 second.</msg>
<arg>1s</arg>
<doc>Pauses the test executed for the given time.</doc>
<status status="PASS" start="2026-06-19T11:01:34.400163" elapsed="1.001281"/>
</kw>
<status status="PASS" start="2026-06-19T11:01:30.640046" elapsed="4.761398"/>
</kw>
<kw name="Wait Until Page Contains" owner="SeleniumLibrary">
<arg>Danh sách sân bóng</arg>
<arg>${TIMEOUT}</arg>
<doc>Waits until ``text`` appears on the current page.</doc>
<status status="PASS" start="2026-06-19T11:01:35.401444" elapsed="0.020048"/>
</kw>
<kw name="Page Should Contain Element" owner="SeleniumLibrary">
<msg time="2026-06-19T11:01:35.451648" level="INFO">Current page contains element 'xpath=//div[contains(@class,'fields-grid')]'.</msg>
<arg>xpath=//div[contains(@class,'fields-grid')]</arg>
<doc>Verifies that element ``locator`` is found on the current page.</doc>
<status status="PASS" start="2026-06-19T11:01:35.421492" elapsed="0.030156"/>
</kw>
<kw name="Capture Page Screenshot" owner="SeleniumLibrary">
<msg time="2026-06-19T11:01:35.649066" level="INFO" html="true">&lt;/td&gt;&lt;/tr&gt;&lt;tr&gt;&lt;td colspan="3"&gt;&lt;a href="screenshots/selenium-screenshot-2.png"&gt;&lt;img src="screenshots/selenium-screenshot-2.png" width="800px"&gt;&lt;/a&gt;</msg>
<doc>Takes a screenshot of the current page and embeds it into a log file.</doc>
<status status="PASS" start="2026-06-19T11:01:35.451648" elapsed="0.197418"/>
</kw>
<doc>Xem danh sách các sân bóng có sẵn</doc>
<status status="PASS" start="2026-06-19T11:01:30.638915" elapsed="5.010151"/>
</kw>
<kw name="Get Pitch Name" owner="pitch_selection_keywords">
<kw name="Get Text" owner="SeleniumLibrary">
<msg time="2026-06-19T11:01:35.700611" level="INFO">${name} = Sân Bóng Liên Chiểu</msg>
<var>${name}</var>
<arg>xpath=(//div[contains(@class,'fields-grid')]//h5)[${index}]</arg>
<doc>Returns the text value of the element identified by ``locator``.</doc>
<status status="PASS" start="2026-06-19T11:01:35.650629" elapsed="0.049982"/>
</kw>
<return>
<value>${name}</value>
<status status="PASS" start="2026-06-19T11:01:35.700611" elapsed="0.000000"/>
</return>
<msg time="2026-06-19T11:01:35.700611" level="INFO">${pitch_name} = Sân Bóng Liên Chiểu</msg>
<var>${pitch_name}</var>
<arg>1</arg>
<doc>Lấy tên sân bóng theo vị trí</doc>
<status status="PASS" start="2026-06-19T11:01:35.650100" elapsed="0.050511"/>
</kw>
<kw name="Select Pitch By Name" owner="pitch_selection_keywords">
<kw name="Click Element" owner="SeleniumLibrary">
<msg time="2026-06-19T11:01:35.702085" level="INFO">Clicking element 'xpath=//h5[contains(text(),'Sân Bóng Liên Chiểu')]/ancestor::div[contains(@class,'p-6')]//a[contains(text(),'Xem chi tiết')]'.</msg>
<arg>xpath=//h5[contains(text(),'${pitch_name}')]/ancestor::div[contains(@class,'p-6')]//a[contains(text(),'Xem chi tiết')]</arg>
<doc>Click the element identified by ``locator``.</doc>
<status status="PASS" start="2026-06-19T11:01:35.702085" elapsed="0.171298"/>
</kw>
<kw name="Wait Until Location Contains" owner="SeleniumLibrary">
<arg>/fields/</arg>
<arg>${TIMEOUT}</arg>
<doc>Waits until the current URL contains ``expected``.</doc>
<status status="PASS" start="2026-06-19T11:01:35.873383" elapsed="0.019827"/>
</kw>
<kw name="Capture Page Screenshot" owner="SeleniumLibrary">
<msg time="2026-06-19T11:01:36.015297" level="INFO" html="true">&lt;/td&gt;&lt;/tr&gt;&lt;tr&gt;&lt;td colspan="3"&gt;&lt;a href="screenshots/selenium-screenshot-3.png"&gt;&lt;img src="screenshots/selenium-screenshot-3.png" width="800px"&gt;&lt;/a&gt;</msg>
<doc>Takes a screenshot of the current page and embeds it into a log file.</doc>
<status status="PASS" start="2026-06-19T11:01:35.893727" elapsed="0.121570"/>
</kw>
<arg>${pitch_name}</arg>
<doc>Chọn sân bóng theo tên</doc>
<status status="PASS" start="2026-06-19T11:01:35.702085" elapsed="0.314210"/>
</kw>
<doc>Kiểm tra có thể click vào sân bóng</doc>
<tag>pitch</tag>
<tag>smoke</tag>
<status status="PASS" start="2026-06-19T11:01:25.852786" elapsed="10.163721"/>
</test>
<test id="s1-s1-t4" name="TC_PITCH_SMOKE_04: Sân Bóng Hiển Thị Giá" line="34">
<kw name="Navigate To Pitches Page" owner="booking_keywords">
<kw name="Go To" owner="SeleniumLibrary">
<msg time="2026-06-19T11:01:36.018084" level="INFO">Opening url 'https://football-booking-system-seven.vercel.app//fields'</msg>
<arg>${URL}/fields</arg>
<doc>Navigates the current browser window to the provided ``url``.</doc>
<status status="PASS" start="2026-06-19T11:01:36.018084" elapsed="0.436076"/>
</kw>
<kw name="Sleep" owner="BuiltIn">
<msg time="2026-06-19T11:01:39.454796" level="INFO">Slept 3 seconds.</msg>
<arg>3s</arg>
<doc>Pauses the test executed for the given time.</doc>
<status status="PASS" start="2026-06-19T11:01:36.454160" elapsed="3.001148"/>
</kw>
<kw name="Wait Until Element Is Visible" owner="SeleniumLibrary">
<arg>xpath=(//a[contains(text(),'Xem chi tiết')])[1]</arg>
<arg>20s</arg>
<doc>Waits until the element ``locator`` is visible.</doc>
<status status="PASS" start="2026-06-19T11:01:39.455308" elapsed="0.038732"/>
</kw>
<kw name="Scroll Element Into View" owner="SeleniumLibrary">
<arg>xpath=(//a[contains(text(),'Xem chi tiết')])[1]</arg>
<doc>Scrolls the element identified by ``locator`` into view.</doc>
<status status="PASS" start="2026-06-19T11:01:39.494040" elapsed="0.303767"/>
</kw>
<kw name="Sleep" owner="BuiltIn">
<msg time="2026-06-19T11:01:40.799296" level="INFO">Slept 1 second.</msg>
<arg>1s</arg>
<doc>Pauses the test executed for the given time.</doc>
<status status="PASS" start="2026-06-19T11:01:39.798791" elapsed="1.000505"/>
</kw>
<status status="PASS" start="2026-06-19T11:01:36.018084" elapsed="4.781212"/>
</kw>
<kw name="View Available Pitches" owner="pitch_selection_keywords">
<kw name="Navigate To Pitches Page" owner="booking_keywords">
<kw name="Go To" owner="SeleniumLibrary">
<msg time="2026-06-19T11:01:40.799836" level="INFO">Opening url 'https://football-booking-system-seven.vercel.app//fields'</msg>
<arg>${URL}/fields</arg>
<doc>Navigates the current browser window to the provided ``url``.</doc>
<status status="PASS" start="2026-06-19T11:01:40.799836" elapsed="0.450178"/>
</kw>
<kw name="Sleep" owner="BuiltIn">
<msg time="2026-06-19T11:01:44.250445" level="INFO">Slept 3 seconds.</msg>
<arg>3s</arg>
<doc>Pauses the test executed for the given time.</doc>
<status status="PASS" start="2026-06-19T11:01:41.250014" elapsed="3.000431"/>
</kw>
<kw name="Wait Until Element Is Visible" owner="SeleniumLibrary">
<arg>xpath=(//a[contains(text(),'Xem chi tiết')])[1]</arg>
<arg>20s</arg>
<doc>Waits until the element ``locator`` is visible.</doc>
<status status="PASS" start="2026-06-19T11:01:44.250445" elapsed="0.027422"/>
</kw>
<kw name="Scroll Element Into View" owner="SeleniumLibrary">
<arg>xpath=(//a[contains(text(),'Xem chi tiết')])[1]</arg>
<doc>Scrolls the element identified by ``locator`` into view.</doc>
<status status="PASS" start="2026-06-19T11:01:44.277867" elapsed="0.296201"/>
</kw>
<kw name="Sleep" owner="BuiltIn">
<msg time="2026-06-19T11:01:45.574594" level="INFO">Slept 1 second.</msg>
<arg>1s</arg>
<doc>Pauses the test executed for the given time.</doc>
<status status="PASS" start="2026-06-19T11:01:44.574068" elapsed="1.000526"/>
</kw>
<status status="PASS" start="2026-06-19T11:01:40.799836" elapsed="4.774758"/>
</kw>
<kw name="Wait Until Page Contains" owner="SeleniumLibrary">
<arg>Danh sách sân bóng</arg>
<arg>${TIMEOUT}</arg>
<doc>Waits until ``text`` appears on the current page.</doc>
<status status="PASS" start="2026-06-19T11:01:45.574594" elapsed="0.016779"/>
</kw>
<kw name="Page Should Contain Element" owner="SeleniumLibrary">
<msg time="2026-06-19T11:01:45.603816" level="INFO">Current page contains element 'xpath=//div[contains(@class,'fields-grid')]'.</msg>
<arg>xpath=//div[contains(@class,'fields-grid')]</arg>
<doc>Verifies that element ``locator`` is found on the current page.</doc>
<status status="PASS" start="2026-06-19T11:01:45.591373" elapsed="0.012443"/>
</kw>
<kw name="Capture Page Screenshot" owner="SeleniumLibrary">
<msg time="2026-06-19T11:01:45.820391" level="INFO" html="true">&lt;/td&gt;&lt;/tr&gt;&lt;tr&gt;&lt;td colspan="3"&gt;&lt;a href="screenshots/selenium-screenshot-4.png"&gt;&lt;img src="screenshots/selenium-screenshot-4.png" width="800px"&gt;&lt;/a&gt;</msg>
<doc>Takes a screenshot of the current page and embeds it into a log file.</doc>
<status status="PASS" start="2026-06-19T11:01:45.606343" elapsed="0.214048"/>
</kw>
<doc>Xem danh sách các sân bóng có sẵn</doc>
<status status="PASS" start="2026-06-19T11:01:40.799836" elapsed="5.022767"/>
</kw>
<kw name="Get Pitch Name" owner="pitch_selection_keywords">
<kw name="Get Text" owner="SeleniumLibrary">
<msg time="2026-06-19T11:01:45.850011" level="INFO">${name} = Sân Bóng Liên Chiểu</msg>
<var>${name}</var>
<arg>xpath=(//div[contains(@class,'fields-grid')]//h5)[${index}]</arg>
<doc>Returns the text value of the element identified by ``locator``.</doc>
<status status="PASS" start="2026-06-19T11:01:45.823134" elapsed="0.026877"/>
</kw>
<return>
<value>${name}</value>
<status status="PASS" start="2026-06-19T11:01:45.850011" elapsed="0.000000"/>
</return>
<msg time="2026-06-19T11:01:45.852757" level="INFO">${pitch_name} = Sân Bóng Liên Chiểu</msg>
<var>${pitch_name}</var>
<arg>1</arg>
<doc>Lấy tên sân bóng theo vị trí</doc>
<status status="PASS" start="2026-06-19T11:01:45.823134" elapsed="0.029709"/>
</kw>
<kw name="Get Pitch Price" owner="pitch_selection_keywords">
<kw name="Get Text" owner="SeleniumLibrary">
<msg time="2026-06-19T11:01:45.890440" level="INFO">${price} = 100,000đ/giờ</msg>
<var>${price}</var>
<arg>xpath=//h5[contains(text(),'${pitch_name}')]/ancestor::div[contains(@class,'p-6')]//span[contains(@class,'text-primary')]</arg>
<doc>Returns the text value of the element identified by ``locator``.</doc>
<status status="PASS" start="2026-06-19T11:01:45.852843" elapsed="0.037597"/>
</kw>
<return>
<value>${price}</value>
<status status="PASS" start="2026-06-19T11:01:45.890440" elapsed="0.000000"/>
</return>
<msg time="2026-06-19T11:01:45.890440" level="INFO">${price} = 100,000đ/giờ</msg>
<var>${price}</var>
<arg>${pitch_name}</arg>
<doc>Lấy giá sân bóng</doc>
<status status="PASS" start="2026-06-19T11:01:45.852843" elapsed="0.037597"/>
</kw>
<kw name="Should Not Be Empty" owner="BuiltIn">
<msg time="2026-06-19T11:01:45.890440" level="INFO">Length is 12.</msg>
<arg>${price}</arg>
<doc>Verifies that the given item is not empty.</doc>
<status status="PASS" start="2026-06-19T11:01:45.890440" elapsed="0.000000"/>
</kw>
<doc>Kiểm tra sân bóng có hiển thị giá</doc>
<tag>pitch</tag>
<tag>smoke</tag>
<status status="PASS" start="2026-06-19T11:01:36.016867" elapsed="9.873573"/>
</test>
<test id="s1-s1-t5" name="TC_PITCH_SMOKE_05: Sân Bóng Hiển Thị Kích Thước" line="43">
<kw name="Navigate To Pitches Page" owner="booking_keywords">
<kw name="Go To" owner="SeleniumLibrary">
<msg time="2026-06-19T11:01:45.895364" level="INFO">Opening url 'https://football-booking-system-seven.vercel.app//fields'</msg>
<arg>${URL}/fields</arg>
<doc>Navigates the current browser window to the provided ``url``.</doc>
<status status="PASS" start="2026-06-19T11:01:45.895364" elapsed="0.429119"/>
</kw>
<kw name="Sleep" owner="BuiltIn">
<msg time="2026-06-19T11:01:49.325457" level="INFO">Slept 3 seconds.</msg>
<arg>3s</arg>
<doc>Pauses the test executed for the given time.</doc>
<status status="PASS" start="2026-06-19T11:01:46.325051" elapsed="3.000406"/>
</kw>
<kw name="Wait Until Element Is Visible" owner="SeleniumLibrary">
<arg>xpath=(//a[contains(text(),'Xem chi tiết')])[1]</arg>
<arg>20s</arg>
<doc>Waits until the element ``locator`` is visible.</doc>
<status status="PASS" start="2026-06-19T11:01:49.325457" elapsed="0.032291"/>
</kw>
<kw name="Scroll Element Into View" owner="SeleniumLibrary">
<arg>xpath=(//a[contains(text(),'Xem chi tiết')])[1]</arg>
<doc>Scrolls the element identified by ``locator`` into view.</doc>
<status status="PASS" start="2026-06-19T11:01:49.358752" elapsed="0.294542"/>
</kw>
<kw name="Sleep" owner="BuiltIn">
<msg time="2026-06-19T11:01:50.653935" level="INFO">Slept 1 second.</msg>
<arg>1s</arg>
<doc>Pauses the test executed for the given time.</doc>
<status status="PASS" start="2026-06-19T11:01:49.653294" elapsed="1.000641"/>
</kw>
<status status="PASS" start="2026-06-19T11:01:45.895364" elapsed="4.758571"/>
</kw>
<kw name="View Available Pitches" owner="pitch_selection_keywords">
<kw name="Navigate To Pitches Page" owner="booking_keywords">
<kw name="Go To" owner="SeleniumLibrary">
<msg time="2026-06-19T11:01:50.655645" level="INFO">Opening url 'https://football-booking-system-seven.vercel.app//fields'</msg>
<arg>${URL}/fields</arg>
<doc>Navigates the current browser window to the provided ``url``.</doc>
<status status="PASS" start="2026-06-19T11:01:50.655645" elapsed="0.409397"/>
</kw>
<kw name="Sleep" owner="BuiltIn">
<msg time="2026-06-19T11:01:54.066566" level="INFO">Slept 3 seconds.</msg>
<arg>3s</arg>
<doc>Pauses the test executed for the given time.</doc>
<status status="PASS" start="2026-06-19T11:01:51.066071" elapsed="3.000495"/>
</kw>
<kw name="Wait Until Element Is Visible" owner="SeleniumLibrary">
<arg>xpath=(//a[contains(text(),'Xem chi tiết')])[1]</arg>
<arg>20s</arg>
<doc>Waits until the element ``locator`` is visible.</doc>
<status status="PASS" start="2026-06-19T11:01:54.066566" elapsed="0.031685"/>
</kw>
<kw name="Scroll Element Into View" owner="SeleniumLibrary">
<arg>xpath=(//a[contains(text(),'Xem chi tiết')])[1]</arg>
<doc>Scrolls the element identified by ``locator`` into view.</doc>
<status status="PASS" start="2026-06-19T11:01:54.098251" elapsed="0.294223"/>
</kw>
<kw name="Sleep" owner="BuiltIn">
<msg time="2026-06-19T11:01:55.392960" level="INFO">Slept 1 second.</msg>
<arg>1s</arg>
<doc>Pauses the test executed for the given time.</doc>
<status status="PASS" start="2026-06-19T11:01:54.392474" elapsed="1.000486"/>
</kw>
<status status="PASS" start="2026-06-19T11:01:50.654449" elapsed="4.738511"/>
</kw>
<kw name="Wait Until Page Contains" owner="SeleniumLibrary">
<arg>Danh sách sân bóng</arg>
<arg>${TIMEOUT}</arg>
<doc>Waits until ``text`` appears on the current page.</doc>
<status status="PASS" start="2026-06-19T11:01:55.392960" elapsed="0.018331"/>
</kw>
<kw name="Page Should Contain Element" owner="SeleniumLibrary">
<msg time="2026-06-19T11:01:55.426302" level="INFO">Current page contains element 'xpath=//div[contains(@class,'fields-grid')]'.</msg>
<arg>xpath=//div[contains(@class,'fields-grid')]</arg>
<doc>Verifies that element ``locator`` is found on the current page.</doc>
<status status="PASS" start="2026-06-19T11:01:55.411291" elapsed="0.015011"/>
</kw>
<kw name="Capture Page Screenshot" owner="SeleniumLibrary">
<msg time="2026-06-19T11:01:55.650255" level="INFO" html="true">&lt;/td&gt;&lt;/tr&gt;&lt;tr&gt;&lt;td colspan="3"&gt;&lt;a href="screenshots/selenium-screenshot-5.png"&gt;&lt;img src="screenshots/selenium-screenshot-5.png" width="800px"&gt;&lt;/a&gt;</msg>
<doc>Takes a screenshot of the current page and embeds it into a log file.</doc>
<status status="PASS" start="2026-06-19T11:01:55.426302" elapsed="0.223953"/>
</kw>
<doc>Xem danh sách các sân bóng có sẵn</doc>
<status status="PASS" start="2026-06-19T11:01:50.654449" elapsed="4.995806"/>
</kw>
<kw name="Get Pitch Name" owner="pitch_selection_keywords">
<kw name="Get Text" owner="SeleniumLibrary">
<msg time="2026-06-19T11:01:55.678404" level="INFO">${name} = Sân Bóng Liên Chiểu</msg>
<var>${name}</var>
<arg>xpath=(//div[contains(@class,'fields-grid')]//h5)[${index}]</arg>
<doc>Returns the text value of the element identified by ``locator``.</doc>
<status status="PASS" start="2026-06-19T11:01:55.651275" elapsed="0.027129"/>
</kw>
<return>
<value>${name}</value>
<status status="PASS" start="2026-06-19T11:01:55.678404" elapsed="0.000000"/>
</return>
<msg time="2026-06-19T11:01:55.679501" level="INFO">${pitch_name} = Sân Bóng Liên Chiểu</msg>
<var>${pitch_name}</var>
<arg>1</arg>
<doc>Lấy tên sân bóng theo vị trí</doc>
<status status="PASS" start="2026-06-19T11:01:55.651275" elapsed="0.028226"/>
</kw>
<kw name="Get Pitch Size" owner="pitch_selection_keywords">
<kw name="Get Text" owner="SeleniumLibrary">
<msg time="2026-06-19T11:01:55.721862" level="INFO">${size} = 5 VS 5</msg>
<var>${size}</var>
<arg>xpath=//h5[contains(text(),'${pitch_name}')]/ancestor::div[contains(@class,'bg-white')]//div[contains(text(),'vs')]</arg>
<doc>Returns the text value of the element identified by ``locator``.</doc>
<status status="PASS" start="2026-06-19T11:01:55.679741" elapsed="0.042121"/>
</kw>
<return>
<value>${size}</value>
<status status="PASS" start="2026-06-19T11:01:55.721862" elapsed="0.000000"/>
</return>
<msg time="2026-06-19T11:01:55.721862" level="INFO">${size} = 5 VS 5</msg>
<var>${size}</var>
<arg>${pitch_name}</arg>
<doc>Lấy loại sân (5vs5, 7vs7, 11vs11)</doc>
<status status="PASS" start="2026-06-19T11:01:55.679741" elapsed="0.042121"/>
</kw>
<kw name="Should Not Be Empty" owner="BuiltIn">
<msg time="2026-06-19T11:01:55.722878" level="INFO">Length is 6.</msg>
<arg>${size}</arg>
<doc>Verifies that the given item is not empty.</doc>
<status status="PASS" start="2026-06-19T11:01:55.722878" elapsed="0.000000"/>
</kw>
<doc>Kiểm tra sân bóng có hiển thị kích thước</doc>
<tag>pitch</tag>
<tag>smoke</tag>
<status status="PASS" start="2026-06-19T11:01:45.890440" elapsed="9.832438"/>
</test>
<test id="s1-s1-t6" name="TC_PITCH_SMOKE_06: Có Thể Lọc Sân Theo Kích Thước" line="52">
<kw name="Navigate To Pitches Page" owner="booking_keywords">
<kw name="Go To" owner="SeleniumLibrary">
<msg time="2026-06-19T11:01:55.725450" level="INFO">Opening url 'https://football-booking-system-seven.vercel.app//fields'</msg>
<arg>${URL}/fields</arg>
<doc>Navigates the current browser window to the provided ``url``.</doc>
<status status="PASS" start="2026-06-19T11:01:55.725450" elapsed="0.476006"/>
</kw>
<kw name="Sleep" owner="BuiltIn">
<msg time="2026-06-19T11:01:59.201901" level="INFO">Slept 3 seconds.</msg>
<arg>3s</arg>
<doc>Pauses the test executed for the given time.</doc>
<status status="PASS" start="2026-06-19T11:01:56.201456" elapsed="3.000445"/>
</kw>
<kw name="Wait Until Element Is Visible" owner="SeleniumLibrary">
<arg>xpath=(//a[contains(text(),'Xem chi tiết')])[1]</arg>
<arg>20s</arg>
<doc>Waits until the element ``locator`` is visible.</doc>
<status status="PASS" start="2026-06-19T11:01:59.201901" elapsed="0.032760"/>
</kw>
<kw name="Scroll Element Into View" owner="SeleniumLibrary">
<arg>xpath=(//a[contains(text(),'Xem chi tiết')])[1]</arg>
<doc>Scrolls the element identified by ``locator`` into view.</doc>
<status status="PASS" start="2026-06-19T11:01:59.234661" elapsed="0.303846"/>
</kw>
<kw name="Sleep" owner="BuiltIn">
<msg time="2026-06-19T11:02:00.539036" level="INFO">Slept 1 second.</msg>
<arg>1s</arg>
<doc>Pauses the test executed for the given time.</doc>
<status status="PASS" start="2026-06-19T11:01:59.538507" elapsed="1.000529"/>
</kw>
<status status="PASS" start="2026-06-19T11:01:55.724930" elapsed="4.814106"/>
</kw>
<kw name="Filter Pitches By Size" owner="pitch_selection_keywords">
<kw name="Click Element" owner="SeleniumLibrary">
<msg time="2026-06-19T11:02:00.540553" level="INFO">Clicking element 'xpath=//button[contains(@class,'fields-tab') and contains(text(),'Sân 5 người')]'.</msg>
<arg>xpath=//button[contains(@class,'fields-tab') and contains(text(),'${size}')]</arg>
<doc>Click the element identified by ``locator``.</doc>
<status status="PASS" start="2026-06-19T11:02:00.540553" elapsed="0.124608"/>
</kw>
<kw name="Sleep" owner="BuiltIn">
<msg time="2026-06-19T11:02:01.665743" level="INFO">Slept 1 second.</msg>
<arg>1s</arg>
<doc>Pauses the test executed for the given time.</doc>
<status status="PASS" start="2026-06-19T11:02:00.665161" elapsed="1.000582"/>
</kw>
<kw name="Capture Page Screenshot" owner="SeleniumLibrary">
<msg time="2026-06-19T11:02:01.900427" level="INFO" html="true">&lt;/td&gt;&lt;/tr&gt;&lt;tr&gt;&lt;td colspan="3"&gt;&lt;a href="screenshots/selenium-screenshot-6.png"&gt;&lt;img src="screenshots/selenium-screenshot-6.png" width="800px"&gt;&lt;/a&gt;</msg>
<doc>Takes a screenshot of the current page and embeds it into a log file.</doc>
<status status="PASS" start="2026-06-19T11:02:01.665743" elapsed="0.234684"/>
</kw>
<arg>Sân 5 người</arg>
<doc>Lọc theo tab loại sân</doc>
<status status="PASS" start="2026-06-19T11:02:00.539036" elapsed="1.361391"/>
</kw>
<kw name="Wait Until Page Contains Element" owner="SeleniumLibrary">
<arg>${PITCH_CARD_CONTAINER}</arg>
<arg>${TIMEOUT}</arg>
<doc>Waits until the element ``locator`` appears on the current page.</doc>
<status status="PASS" start="2026-06-19T11:02:01.901459" elapsed="0.027561"/>
</kw>
<doc>Kiểm tra có thể lọc sân theo kích thước</doc>
<tag>pitch</tag>
<tag>smoke</tag>
<status status="PASS" start="2026-06-19T11:01:55.724398" elapsed="6.204622"/>
</test>
<kw name="Close Browser Application" owner="booking_keywords" type="TEARDOWN">
<kw name="Close Browser" owner="SeleniumLibrary">
<doc>Closes the current browser.</doc>
<status status="PASS" start="2026-06-19T11:02:01.931274" elapsed="2.233254"/>
</kw>
<doc>Đóng browser</doc>
<status status="PASS" start="2026-06-19T11:02:01.930555" elapsed="2.233973"/>
</kw>
<doc>Smoke Tests - Kiểm tra Chọn Sân Bóng</doc>
<status status="PASS" start="2026-06-19T11:01:06.787361" elapsed="57.377167"/>
</suite>
<suite id="s1-s2" name="Fields Selection Tests" source="D:\TestRobotFrameWork POM\tests\fields\fields_selection_tests.robot">
<kw name="Open Browser To Application" owner="booking_keywords" type="SETUP">
<kw name="Open Browser" owner="SeleniumLibrary">
<msg time="2026-06-19T11:02:04.187556" level="INFO">Opening browser 'chrome' to base url 'https://football-booking-system-seven.vercel.app/'.</msg>
<arg>${URL}</arg>
<arg>${BROWSER}</arg>
<doc>Opens a new browser instance to the optional ``url``.</doc>
<status status="PASS" start="2026-06-19T11:02:04.187556" elapsed="2.756546"/>
</kw>
<kw name="Maximize Browser Window" owner="SeleniumLibrary">
<doc>Maximizes current browser window.</doc>
<status status="PASS" start="2026-06-19T11:02:06.945695" elapsed="0.054593"/>
</kw>
<kw name="Set Screenshot Directory" owner="SeleniumLibrary">
<arg>${OUTPUT DIR}${/}screenshots</arg>
<doc>Sets the directory for captured screenshots.</doc>
<status status="PASS" start="2026-06-19T11:02:07.000933" elapsed="0.001028"/>
</kw>
<kw name="Wait Until Page Contains" owner="SeleniumLibrary">
<arg>Football Booking</arg>
<arg>${TIMEOUT}</arg>
<doc>Waits until ``text`` appears on the current page.</doc>
<status status="PASS" start="2026-06-19T11:02:07.001961" elapsed="0.047814"/>
</kw>
<doc>Mở browser và truy cập website</doc>
<status status="PASS" start="2026-06-19T11:02:04.186062" elapsed="2.863713"/>
</kw>
<test id="s1-s2-t1" name="TC_PITCH_REG_01: Có Thể Xem Tất Cả Sân Bóng Có Sẵn" line="12">
<kw name="Navigate To Pitches Page" owner="booking_keywords">
<kw name="Go To" owner="SeleniumLibrary">
<msg time="2026-06-19T11:02:07.051310" level="INFO">Opening url 'https://football-booking-system-seven.vercel.app//fields'</msg>
<arg>${URL}/fields</arg>
<doc>Navigates the current browser window to the provided ``url``.</doc>
<status status="PASS" start="2026-06-19T11:02:07.051310" elapsed="0.435889"/>
</kw>
<kw name="Sleep" owner="BuiltIn">
<msg time="2026-06-19T11:02:10.489203" level="INFO">Slept 3 seconds.</msg>
<arg>3s</arg>
<doc>Pauses the test executed for the given time.</doc>
<status status="PASS" start="2026-06-19T11:02:07.488986" elapsed="3.000217"/>
</kw>
<kw name="Wait Until Element Is Visible" owner="SeleniumLibrary">
<arg>xpath=(//a[contains(text(),'Xem chi tiết')])[1]</arg>
<arg>20s</arg>
<doc>Waits until the element ``locator`` is visible.</doc>
<status status="PASS" start="2026-06-19T11:02:10.489203" elapsed="0.048778"/>
</kw>
<kw name="Scroll Element Into View" owner="SeleniumLibrary">
<arg>xpath=(//a[contains(text(),'Xem chi tiết')])[1]</arg>
<doc>Scrolls the element identified by ``locator`` into view.</doc>
<status status="PASS" start="2026-06-19T11:02:10.537981" elapsed="0.312909"/>
</kw>
<kw name="Sleep" owner="BuiltIn">
<msg time="2026-06-19T11:02:11.852423" level="INFO">Slept 1 second.</msg>
<arg>1s</arg>
<doc>Pauses the test executed for the given time.</doc>
<status status="PASS" start="2026-06-19T11:02:10.850890" elapsed="1.001533"/>
</kw>
<status status="PASS" start="2026-06-19T11:02:07.050296" elapsed="4.802127"/>
</kw>
<kw name="View Available Pitches" owner="pitch_selection_keywords">
<kw name="Navigate To Pitches Page" owner="booking_keywords">
<kw name="Go To" owner="SeleniumLibrary">
<msg time="2026-06-19T11:02:11.854007" level="INFO">Opening url 'https://football-booking-system-seven.vercel.app//fields'</msg>
<arg>${URL}/fields</arg>
<doc>Navigates the current browser window to the provided ``url``.</doc>
<status status="PASS" start="2026-06-19T11:02:11.854007" elapsed="0.390401"/>
</kw>
<kw name="Sleep" owner="BuiltIn">
<msg time="2026-06-19T11:02:15.245338" level="INFO">Slept 3 seconds.</msg>
<arg>3s</arg>
<doc>Pauses the test executed for the given time.</doc>
<status status="PASS" start="2026-06-19T11:02:12.244408" elapsed="3.001274"/>
</kw>
<kw name="Wait Until Element Is Visible" owner="SeleniumLibrary">
<arg>xpath=(//a[contains(text(),'Xem chi tiết')])[1]</arg>
<arg>20s</arg>
<doc>Waits until the element ``locator`` is visible.</doc>
<status status="PASS" start="2026-06-19T11:02:15.245682" elapsed="0.034260"/>
</kw>
<kw name="Scroll Element Into View" owner="SeleniumLibrary">
<arg>xpath=(//a[contains(text(),'Xem chi tiết')])[1]</arg>
<doc>Scrolls the element identified by ``locator`` into view.</doc>
<status status="PASS" start="2026-06-19T11:02:15.280760" elapsed="0.292956"/>
</kw>
<kw name="Sleep" owner="BuiltIn">
<msg time="2026-06-19T11:02:16.574130" level="INFO">Slept 1 second.</msg>
<arg>1s</arg>
<doc>Pauses the test executed for the given time.</doc>
<status status="PASS" start="2026-06-19T11:02:15.573716" elapsed="1.000414"/>
</kw>
<status status="PASS" start="2026-06-19T11:02:11.853126" elapsed="4.721004"/>
</kw>
<kw name="Wait Until Page Contains" owner="SeleniumLibrary">
<arg>Danh sách sân bóng</arg>
<arg>${TIMEOUT}</arg>
<doc>Waits until ``text`` appears on the current page.</doc>
<status status="PASS" start="2026-06-19T11:02:16.574130" elapsed="0.026393"/>
</kw>
<kw name="Page Should Contain Element" owner="SeleniumLibrary">
<msg time="2026-06-19T11:02:16.623685" level="INFO">Current page contains element 'xpath=//div[contains(@class,'fields-grid')]'.</msg>
<arg>xpath=//div[contains(@class,'fields-grid')]</arg>
<doc>Verifies that element ``locator`` is found on the current page.</doc>
<status status="PASS" start="2026-06-19T11:02:16.601424" elapsed="0.022261"/>
</kw>
<kw name="Capture Page Screenshot" owner="SeleniumLibrary">
<msg time="2026-06-19T11:02:16.853353" level="INFO" html="true">&lt;/td&gt;&lt;/tr&gt;&lt;tr&gt;&lt;td colspan="3"&gt;&lt;a href="screenshots/selenium-screenshot-7.png"&gt;&lt;img src="screenshots/selenium-screenshot-7.png" width="800px"&gt;&lt;/a&gt;</msg>
<doc>Takes a screenshot of the current page and embeds it into a log file.</doc>
<status status="PASS" start="2026-06-19T11:02:16.623685" elapsed="0.229668"/>
</kw>
<doc>Xem danh sách các sân bóng có sẵn</doc>
<status status="PASS" start="2026-06-19T11:02:11.853126" elapsed="5.000863"/>
</kw>
<kw name="Get Pitch Count" owner="pitch_selection_keywords">
<kw name="Get Element Count" owner="SeleniumLibrary">
<msg time="2026-06-19T11:02:16.883154" level="INFO">${count} = 6</msg>
<var>${count}</var>
<arg>xpath=//div[contains(@class,'fields-grid')]/div</arg>
<doc>Returns the number of elements matching ``locator``.</doc>
<status status="PASS" start="2026-06-19T11:02:16.854987" elapsed="0.028167"/>
</kw>
<return>
<value>${count}</value>
<status status="PASS" start="2026-06-19T11:02:16.883154" elapsed="0.000000"/>
</return>
<msg time="2026-06-19T11:02:16.883154" level="INFO">${count} = 6</msg>
<var>${count}</var>
<doc>Lấy số lượng sân bóng</doc>
<status status="PASS" start="2026-06-19T11:02:16.853989" elapsed="0.029165"/>
</kw>
<kw name="Should Be True" owner="BuiltIn">
<arg>${count} &gt;= 1</arg>
<doc>Fails if the given condition is not true.</doc>
<status status="PASS" start="2026-06-19T11:02:16.884166" elapsed="0.000000"/>
</kw>
<doc>Kiểm tra danh sách sân bóng có ít nhất 1 sân</doc>
<tag>pitch</tag>
<tag>regression</tag>
<status status="PASS" start="2026-06-19T11:02:07.049775" elapsed="9.835088"/>
</test>
<test id="s1-s2-t2" name="TC_PITCH_REG_02: Thông Tin Sân Bóng Đầy Đủ" line="22">
<kw name="Navigate To Pitches Page" owner="booking_keywords">
<kw name="Go To" owner="SeleniumLibrary">
<msg time="2026-06-19T11:02:16.887658" level="INFO">Opening url 'https://football-booking-system-seven.vercel.app//fields'</msg>
<arg>${URL}/fields</arg>
<doc>Navigates the current browser window to the provided ``url``.</doc>
<status status="PASS" start="2026-06-19T11:02:16.886120" elapsed="0.410660"/>
</kw>
<kw name="Sleep" owner="BuiltIn">
<msg time="2026-06-19T11:02:20.297901" level="INFO">Slept 3 seconds.</msg>
<arg>3s</arg>
<doc>Pauses the test executed for the given time.</doc>
<status status="PASS" start="2026-06-19T11:02:17.297806" elapsed="3.000095"/>
</kw>
<kw name="Wait Until Element Is Visible" owner="SeleniumLibrary">
<arg>xpath=(//a[contains(text(),'Xem chi tiết')])[1]</arg>
<arg>20s</arg>
<doc>Waits until the element ``locator`` is visible.</doc>
<status status="PASS" start="2026-06-19T11:02:20.297901" elapsed="0.037356"/>
</kw>
<kw name="Scroll Element Into View" owner="SeleniumLibrary">
<arg>xpath=(//a[contains(text(),'Xem chi tiết')])[1]</arg>
<doc>Scrolls the element identified by ``locator`` into view.</doc>
<status status="PASS" start="2026-06-19T11:02:20.335257" elapsed="0.305973"/>
</kw>
<kw name="Sleep" owner="BuiltIn">
<msg time="2026-06-19T11:02:21.642561" level="INFO">Slept 1 second.</msg>
<arg>1s</arg>
<doc>Pauses the test executed for the given time.</doc>
<status status="PASS" start="2026-06-19T11:02:20.641230" elapsed="1.001331"/>
</kw>
<status status="PASS" start="2026-06-19T11:02:16.886120" elapsed="4.756441"/>
</kw>
<kw name="View Available Pitches" owner="pitch_selection_keywords">
<kw name="Navigate To Pitches Page" owner="booking_keywords">
<kw name="Go To" owner="SeleniumLibrary">
<msg time="2026-06-19T11:02:21.643570" level="INFO">Opening url 'https://football-booking-system-seven.vercel.app//fields'</msg>
<arg>${URL}/fields</arg>
<doc>Navigates the current browser window to the provided ``url``.</doc>
<status status="PASS" start="2026-06-19T11:02:21.643570" elapsed="0.865287"/>
</kw>
<kw name="Sleep" owner="BuiltIn">
<msg time="2026-06-19T11:02:25.510759" level="INFO">Slept 3 seconds.</msg>
<arg>3s</arg>
<doc>Pauses the test executed for the given time.</doc>
<status status="PASS" start="2026-06-19T11:02:22.510233" elapsed="3.000526"/>
</kw>
<kw name="Wait Until Element Is Visible" owner="SeleniumLibrary">
<arg>xpath=(//a[contains(text(),'Xem chi tiết')])[1]</arg>
<arg>20s</arg>
<doc>Waits until the element ``locator`` is visible.</doc>
<status status="PASS" start="2026-06-19T11:02:25.511293" elapsed="0.027265"/>
</kw>
<kw name="Scroll Element Into View" owner="SeleniumLibrary">
<arg>xpath=(//a[contains(text(),'Xem chi tiết')])[1]</arg>
<doc>Scrolls the element identified by ``locator`` into view.</doc>
<status status="PASS" start="2026-06-19T11:02:25.538558" elapsed="0.292260"/>
</kw>
<kw name="Sleep" owner="BuiltIn">
<msg time="2026-06-19T11:02:26.831772" level="INFO">Slept 1 second.</msg>
<arg>1s</arg>
<doc>Pauses the test executed for the given time.</doc>
<status status="PASS" start="2026-06-19T11:02:25.830818" elapsed="1.000954"/>
</kw>
<status status="PASS" start="2026-06-19T11:02:21.643570" elapsed="5.188202"/>
</kw>
<kw name="Wait Until Page Contains" owner="SeleniumLibrary">
<arg>Danh sách sân bóng</arg>
<arg>${TIMEOUT}</arg>
<doc>Waits until ``text`` appears on the current page.</doc>
<status status="PASS" start="2026-06-19T11:02:26.831772" elapsed="0.018026"/>
</kw>
<kw name="Page Should Contain Element" owner="SeleniumLibrary">
<msg time="2026-06-19T11:02:26.865330" level="INFO">Current page contains element 'xpath=//div[contains(@class,'fields-grid')]'.</msg>
<arg>xpath=//div[contains(@class,'fields-grid')]</arg>
<doc>Verifies that element ``locator`` is found on the current page.</doc>
<status status="PASS" start="2026-06-19T11:02:26.849798" elapsed="0.015532"/>
</kw>
<kw name="Capture Page Screenshot" owner="SeleniumLibrary">
<msg time="2026-06-19T11:02:27.088761" level="INFO" html="true">&lt;/td&gt;&lt;/tr&gt;&lt;tr&gt;&lt;td colspan="3"&gt;&lt;a href="screenshots/selenium-screenshot-8.png"&gt;&lt;img src="screenshots/selenium-screenshot-8.png" width="800px"&gt;&lt;/a&gt;</msg>
<doc>Takes a screenshot of the current page and embeds it into a log file.</doc>
<status status="PASS" start="2026-06-19T11:02:26.866419" elapsed="0.222342"/>
</kw>
<doc>Xem danh sách các sân bóng có sẵn</doc>
<status status="PASS" start="2026-06-19T11:02:21.642561" elapsed="5.446200"/>
</kw>
<kw name="Get Pitch Name" owner="pitch_selection_keywords">
<kw name="Get Text" owner="SeleniumLibrary">
<msg time="2026-06-19T11:02:27.153373" level="INFO">${name} = Sân Bóng Liên Chiểu</msg>
<var>${name}</var>
<arg>xpath=(//div[contains(@class,'fields-grid')]//h5)[${index}]</arg>
<doc>Returns the text value of the element identified by ``locator``.</doc>
<status status="PASS" start="2026-06-19T11:02:27.091537" elapsed="0.062847"/>
</kw>
<return>
<value>${name}</value>
<status status="PASS" start="2026-06-19T11:02:27.154384" elapsed="0.000000"/>
</return>
<msg time="2026-06-19T11:02:27.154891" level="INFO">${pitch_name} = Sân Bóng Liên Chiểu</msg>
<var>${pitch_name}</var>
<arg>1</arg>
<doc>Lấy tên sân bóng theo vị trí</doc>
<status status="PASS" start="2026-06-19T11:02:27.090976" elapsed="0.063915"/>
</kw>
<kw name="Get Pitch Price" owner="pitch_selection_keywords">
<kw name="Get Text" owner="SeleniumLibrary">
<msg time="2026-06-19T11:02:27.202844" level="INFO">${price} = 100,000đ/giờ</msg>
<var>${price}</var>
<arg>xpath=//h5[contains(text(),'${pitch_name}')]/ancestor::div[contains(@class,'p-6')]//span[contains(@class,'text-primary')]</arg>
<doc>Returns the text value of the element identified by ``locator``.</doc>
<status status="PASS" start="2026-06-19T11:02:27.156406" elapsed="0.046438"/>
</kw>
<return>
<value>${price}</value>
<status status="PASS" start="2026-06-19T11:02:27.203886" elapsed="0.000000"/>
</return>
<msg time="2026-06-19T11:02:27.203886" level="INFO">${price} = 100,000đ/giờ</msg>
<var>${price}</var>
<arg>${pitch_name}</arg>
<doc>Lấy giá sân bóng</doc>
<status status="PASS" start="2026-06-19T11:02:27.154891" elapsed="0.048995"/>
</kw>
<kw name="Get Pitch Size" owner="pitch_selection_keywords">
<kw name="Get Text" owner="SeleniumLibrary">
<msg time="2026-06-19T11:02:27.251398" level="INFO">${size} = 5 VS 5</msg>
<var>${size}</var>
<arg>xpath=//h5[contains(text(),'${pitch_name}')]/ancestor::div[contains(@class,'bg-white')]//div[contains(text(),'vs')]</arg>
<doc>Returns the text value of the element identified by ``locator``.</doc>
<status status="PASS" start="2026-06-19T11:02:27.205310" elapsed="0.046088"/>
</kw>
<return>
<value>${size}</value>
<status status="PASS" start="2026-06-19T11:02:27.252917" elapsed="0.000000"/>
</return>
<msg time="2026-06-19T11:02:27.253943" level="INFO">${size} = 5 VS 5</msg>
<var>${size}</var>
<arg>${pitch_name}</arg>
<doc>Lấy loại sân (5vs5, 7vs7, 11vs11)</doc>
<status status="PASS" start="2026-06-19T11:02:27.203886" elapsed="0.050057"/>
</kw>
<kw name="Should Not Be Empty" owner="BuiltIn">
<msg time="2026-06-19T11:02:27.254960" level="INFO">Length is 19.</msg>
<arg>${pitch_name}</arg>
<doc>Verifies that the given item is not empty.</doc>
<status status="PASS" start="2026-06-19T11:02:27.254960" elapsed="0.000000"/>
</kw>
<kw name="Should Not Be Empty" owner="BuiltIn">
<msg time="2026-06-19T11:02:27.254960" level="INFO">Length is 12.</msg>
<arg>${price}</arg>
<doc>Verifies that the given item is not empty.</doc>
<status status="PASS" start="2026-06-19T11:02:27.254960" elapsed="0.000000"/>
</kw>
<kw name="Should Not Be Empty" owner="BuiltIn">
<msg time="2026-06-19T11:02:27.256483" level="INFO">Length is 6.</msg>
<arg>${size}</arg>
<doc>Verifies that the given item is not empty.</doc>
<status status="PASS" start="2026-06-19T11:02:27.254960" elapsed="0.001523"/>
</kw>
<doc>Kiểm tra sân bóng hiển thị tên, giá, loại sân</doc>
<tag>pitch</tag>
<tag>regression</tag>
<status status="PASS" start="2026-06-19T11:02:16.884863" elapsed="10.372366"/>
</test>
<test id="s1-s2-t3" name="TC_PITCH_REG_03: Có Thể Chọn Sân Cụ Thể" line="37">
<kw name="Navigate To Pitches Page" owner="booking_keywords">
<kw name="Go To" owner="SeleniumLibrary">
<msg time="2026-06-19T11:02:27.260305" level="INFO">Opening url 'https://football-booking-system-seven.vercel.app//fields'</msg>
<arg>${URL}/fields</arg>
<doc>Navigates the current browser window to the provided ``url``.</doc>
<status status="PASS" start="2026-06-19T11:02:27.259768" elapsed="0.436805"/>
</kw>
<kw name="Sleep" owner="BuiltIn">
<msg time="2026-06-19T11:02:30.696742" level="INFO">Slept 3 seconds.</msg>
<arg>3s</arg>
<doc>Pauses the test executed for the given time.</doc>
<status status="PASS" start="2026-06-19T11:02:27.696573" elapsed="3.000169"/>
</kw>
<kw name="Wait Until Element Is Visible" owner="SeleniumLibrary">
<arg>xpath=(//a[contains(text(),'Xem chi tiết')])[1]</arg>
<arg>20s</arg>
<doc>Waits until the element ``locator`` is visible.</doc>
<status status="PASS" start="2026-06-19T11:02:30.696742" elapsed="0.035630"/>
</kw>
<kw name="Scroll Element Into View" owner="SeleniumLibrary">
<arg>xpath=(//a[contains(text(),'Xem chi tiết')])[1]</arg>
<doc>Scrolls the element identified by ``locator`` into view.</doc>
<status status="PASS" start="2026-06-19T11:02:30.733299" elapsed="0.288275"/>
</kw>
<kw name="Sleep" owner="BuiltIn">
<msg time="2026-06-19T11:02:32.023028" level="INFO">Slept 1 second.</msg>
<arg>1s</arg>
<doc>Pauses the test executed for the given time.</doc>
<status status="PASS" start="2026-06-19T11:02:31.021574" elapsed="1.001454"/>
</kw>
<status status="PASS" start="2026-06-19T11:02:27.259768" elapsed="4.763260"/>
</kw>
<kw name="View Available Pitches" owner="pitch_selection_keywords">
<kw name="Navigate To Pitches Page" owner="booking_keywords">
<kw name="Go To" owner="SeleniumLibrary">
<msg time="2026-06-19T11:02:32.024062" level="INFO">Opening url 'https://football-booking-system-seven.vercel.app//fields'</msg>
<arg>${URL}/fields</arg>
<doc>Navigates the current browser window to the provided ``url``.</doc>
<status status="PASS" start="2026-06-19T11:02:32.024062" elapsed="0.434824"/>
</kw>
<kw name="Sleep" owner="BuiltIn">
<msg time="2026-06-19T11:02:35.459148" level="INFO">Slept 3 seconds.</msg>
<arg>3s</arg>
<doc>Pauses the test executed for the given time.</doc>
<status status="PASS" start="2026-06-19T11:02:32.458981" elapsed="3.000167"/>
</kw>
<kw name="Wait Until Element Is Visible" owner="SeleniumLibrary">
<arg>xpath=(//a[contains(text(),'Xem chi tiết')])[1]</arg>
<arg>20s</arg>
<doc>Waits until the element ``locator`` is visible.</doc>
<status status="PASS" start="2026-06-19T11:02:35.459697" elapsed="0.029386"/>
</kw>
<kw name="Scroll Element Into View" owner="SeleniumLibrary">
<arg>xpath=(//a[contains(text(),'Xem chi tiết')])[1]</arg>
<doc>Scrolls the element identified by ``locator`` into view.</doc>
<status status="PASS" start="2026-06-19T11:02:35.489083" elapsed="0.307853"/>
</kw>
<kw name="Sleep" owner="BuiltIn">
<msg time="2026-06-19T11:02:36.798275" level="INFO">Slept 1 second.</msg>
<arg>1s</arg>
<doc>Pauses the test executed for the given time.</doc>
<status status="PASS" start="2026-06-19T11:02:35.796936" elapsed="1.001339"/>
</kw>
<status status="PASS" start="2026-06-19T11:02:32.024062" elapsed="4.774213"/>
</kw>
<kw name="Wait Until Page Contains" owner="SeleniumLibrary">
<arg>Danh sách sân bóng</arg>
<arg>${TIMEOUT}</arg>
<doc>Waits until ``text`` appears on the current page.</doc>
<status status="PASS" start="2026-06-19T11:02:36.798275" elapsed="0.020760"/>
</kw>
<kw name="Page Should Contain Element" owner="SeleniumLibrary">
<msg time="2026-06-19T11:02:36.833206" level="INFO">Current page contains element 'xpath=//div[contains(@class,'fields-grid')]'.</msg>
<arg>xpath=//div[contains(@class,'fields-grid')]</arg>
<doc>Verifies that element ``locator`` is found on the current page.</doc>
<status status="PASS" start="2026-06-19T11:02:36.819035" elapsed="0.015179"/>
</kw>
<kw name="Capture Page Screenshot" owner="SeleniumLibrary">
<msg time="2026-06-19T11:02:37.047719" level="INFO" html="true">&lt;/td&gt;&lt;/tr&gt;&lt;tr&gt;&lt;td colspan="3"&gt;&lt;a href="screenshots/selenium-screenshot-9.png"&gt;&lt;img src="screenshots/selenium-screenshot-9.png" width="800px"&gt;&lt;/a&gt;</msg>
<doc>Takes a screenshot of the current page and embeds it into a log file.</doc>
<status status="PASS" start="2026-06-19T11:02:36.834214" elapsed="0.213505"/>
</kw>
<doc>Xem danh sách các sân bóng có sẵn</doc>
<status status="PASS" start="2026-06-19T11:02:32.024062" elapsed="5.024793"/>
</kw>
<kw name="Get Pitch Name" owner="pitch_selection_keywords">
<kw name="Get Text" owner="SeleniumLibrary">
<msg time="2026-06-19T11:02:37.099884" level="INFO">${name} = Sân Bóng Liên Chiểu</msg>
<var>${name}</var>
<arg>xpath=(//div[contains(@class,'fields-grid')]//h5)[${index}]</arg>
<doc>Returns the text value of the element identified by ``locator``.</doc>
<status status="PASS" start="2026-06-19T11:02:37.049956" elapsed="0.049928"/>
</kw>
<return>
<value>${name}</value>
<status status="PASS" start="2026-06-19T11:02:37.099884" elapsed="0.000000"/>
</return>
<msg time="2026-06-19T11:02:37.099884" level="INFO">${pitch_name} = Sân Bóng Liên Chiểu</msg>
<var>${pitch_name}</var>
<arg>1</arg>
<doc>Lấy tên sân bóng theo vị trí</doc>
<status status="PASS" start="2026-06-19T11:02:37.049956" elapsed="0.049928"/>
</kw>
<kw name="Select Pitch By Name" owner="pitch_selection_keywords">
<kw name="Click Element" owner="SeleniumLibrary">
<msg time="2026-06-19T11:02:37.100889" level="INFO">Clicking element 'xpath=//h5[contains(text(),'Sân Bóng Liên Chiểu')]/ancestor::div[contains(@class,'p-6')]//a[contains(text(),'Xem chi tiết')]'.</msg>
<arg>xpath=//h5[contains(text(),'${pitch_name}')]/ancestor::div[contains(@class,'p-6')]//a[contains(text(),'Xem chi tiết')]</arg>
<doc>Click the element identified by ``locator``.</doc>
<status status="PASS" start="2026-06-19T11:02:37.100889" elapsed="0.171978"/>
</kw>
<kw name="Wait Until Location Contains" owner="SeleniumLibrary">
<arg>/fields/</arg>
<arg>${TIMEOUT}</arg>
<doc>Waits until the current URL contains ``expected``.</doc>
<status status="PASS" start="2026-06-19T11:02:37.272867" elapsed="0.017132"/>
</kw>
<kw name="Capture Page Screenshot" owner="SeleniumLibrary">
<msg time="2026-06-19T11:02:37.406410" level="INFO" html="true">&lt;/td&gt;&lt;/tr&gt;&lt;tr&gt;&lt;td colspan="3"&gt;&lt;a href="screenshots/selenium-screenshot-10.png"&gt;&lt;img src="screenshots/selenium-screenshot-10.png" width="800px"&gt;&lt;/a&gt;</msg>
<doc>Takes a screenshot of the current page and embeds it into a log file.</doc>
<status status="PASS" start="2026-06-19T11:02:37.290614" elapsed="0.115796"/>
</kw>
<arg>${pitch_name}</arg>
<doc>Chọn sân bóng theo tên</doc>
<status status="PASS" start="2026-06-19T11:02:37.100889" elapsed="0.305521"/>
</kw>
<doc>Kiểm tra chọn sân bóng cụ thể</doc>
<tag>pitch</tag>
<tag>regression</tag>
<status status="PASS" start="2026-06-19T11:02:27.257229" elapsed="10.149972"/>
</test>
<test id="s1-s2-t4" name="TC_PITCH_REG_04: Lọc Sân Theo Kích Thước Hoạt Động" line="48">
<kw name="Navigate To Pitches Page" owner="booking_keywords">
<kw name="Go To" owner="SeleniumLibrary">
<msg time="2026-06-19T11:02:37.408732" level="INFO">Opening url 'https://football-booking-system-seven.vercel.app//fields'</msg>
<arg>${URL}/fields</arg>
<doc>Navigates the current browser window to the provided ``url``.</doc>
<status status="PASS" start="2026-06-19T11:02:37.408732" elapsed="0.361625"/>
</kw>
<kw name="Sleep" owner="BuiltIn">
<msg time="2026-06-19T11:02:40.771483" level="INFO">Slept 3 seconds.</msg>
<arg>3s</arg>
<doc>Pauses the test executed for the given time.</doc>
<status status="PASS" start="2026-06-19T11:02:37.771243" elapsed="3.000240"/>
</kw>
<kw name="Wait Until Element Is Visible" owner="SeleniumLibrary">
<arg>xpath=(//a[contains(text(),'Xem chi tiết')])[1]</arg>
<arg>20s</arg>
<doc>Waits until the element ``locator`` is visible.</doc>
<status status="PASS" start="2026-06-19T11:02:40.771483" elapsed="0.038221"/>
</kw>
<kw name="Scroll Element Into View" owner="SeleniumLibrary">
<arg>xpath=(//a[contains(text(),'Xem chi tiết')])[1]</arg>
<doc>Scrolls the element identified by ``locator`` into view.</doc>
<status status="PASS" start="2026-06-19T11:02:40.810618" elapsed="0.314191"/>
</kw>
<kw name="Sleep" owner="BuiltIn">
<msg time="2026-06-19T11:02:42.125567" level="INFO">Slept 1 second.</msg>
<arg>1s</arg>
<doc>Pauses the test executed for the given time.</doc>
<status status="PASS" start="2026-06-19T11:02:41.125338" elapsed="1.000780"/>
</kw>
<status status="PASS" start="2026-06-19T11:02:37.408732" elapsed="4.717583"/>
</kw>
<kw name="Filter Pitches By Size" owner="pitch_selection_keywords">
<kw name="Click Element" owner="SeleniumLibrary">
<msg time="2026-06-19T11:02:42.127151" level="INFO">Clicking element 'xpath=//button[contains(@class,'fields-tab') and contains(text(),'Sân 5 người')]'.</msg>
<arg>xpath=//button[contains(@class,'fields-tab') and contains(text(),'${size}')]</arg>
<doc>Click the element identified by ``locator``.</doc>
<status status="PASS" start="2026-06-19T11:02:42.127151" elapsed="0.132583"/>
</kw>
<kw name="Sleep" owner="BuiltIn">
<msg time="2026-06-19T11:02:43.261151" level="INFO">Slept 1 second.</msg>
<arg>1s</arg>
<doc>Pauses the test executed for the given time.</doc>
<status status="PASS" start="2026-06-19T11:02:42.259734" elapsed="1.001417"/>
</kw>
<kw name="Capture Page Screenshot" owner="SeleniumLibrary">
<msg time="2026-06-19T11:02:43.482628" level="INFO" html="true">&lt;/td&gt;&lt;/tr&gt;&lt;tr&gt;&lt;td colspan="3"&gt;&lt;a href="screenshots/selenium-screenshot-11.png"&gt;&lt;img src="screenshots/selenium-screenshot-11.png" width="800px"&gt;&lt;/a&gt;</msg>
<doc>Takes a screenshot of the current page and embeds it into a log file.</doc>
<status status="PASS" start="2026-06-19T11:02:43.261151" elapsed="0.222483"/>
</kw>
<arg>Sân 5 người</arg>
<doc>Lọc theo tab loại sân</doc>
<status status="PASS" start="2026-06-19T11:02:42.126315" elapsed="1.357319"/>
</kw>
<kw name="Get Pitch Count" owner="pitch_selection_keywords">
<kw name="Get Element Count" owner="SeleniumLibrary">
<msg time="2026-06-19T11:02:43.500950" level="INFO">${count} = 6</msg>
<var>${count}</var>
<arg>xpath=//div[contains(@class,'fields-grid')]/div</arg>
<doc>Returns the number of elements matching ``locator``.</doc>
<status status="PASS" start="2026-06-19T11:02:43.483634" elapsed="0.017316"/>
</kw>
<return>
<value>${count}</value>
<status status="PASS" start="2026-06-19T11:02:43.500950" elapsed="0.000000"/>
</return>
<msg time="2026-06-19T11:02:43.500950" level="INFO">${count} = 6</msg>
<var>${count}</var>
<doc>Lấy số lượng sân bóng</doc>
<status status="PASS" start="2026-06-19T11:02:43.483634" elapsed="0.017316"/>
</kw>
<kw name="Should Be True" owner="BuiltIn">
<arg>${count} &gt; 0</arg>
<doc>Fails if the given condition is not true.</doc>
<status status="PASS" start="2026-06-19T11:02:43.501944" elapsed="0.000000"/>
</kw>
<doc>Kiểm tra lọc sân theo kích thước</doc>
<tag>pitch</tag>
<tag>regression</tag>
<status status="PASS" start="2026-06-19T11:02:37.407201" elapsed="6.094743"/>
</test>
<test id="s1-s2-t5" name="TC_PITCH_REG_05: Có Thể Xem Chi Tiết Sân Bóng" line="59">
<kw name="Navigate To Pitches Page" owner="booking_keywords">
<kw name="Go To" owner="SeleniumLibrary">
<msg time="2026-06-19T11:02:43.505053" level="INFO">Opening url 'https://football-booking-system-seven.vercel.app//fields'</msg>
<arg>${URL}/fields</arg>
<doc>Navigates the current browser window to the provided ``url``.</doc>
<status status="PASS" start="2026-06-19T11:02:43.504788" elapsed="0.448341"/>
</kw>
<kw name="Sleep" owner="BuiltIn">
<msg time="2026-06-19T11:02:46.953905" level="INFO">Slept 3 seconds.</msg>
<arg>3s</arg>
<doc>Pauses the test executed for the given time.</doc>
<status status="PASS" start="2026-06-19T11:02:43.953341" elapsed="3.000564"/>
</kw>
<kw name="Wait Until Element Is Visible" owner="SeleniumLibrary">
<arg>xpath=(//a[contains(text(),'Xem chi tiết')])[1]</arg>
<arg>20s</arg>
<doc>Waits until the element ``locator`` is visible.</doc>
<status status="PASS" start="2026-06-19T11:02:46.954939" elapsed="0.030614"/>
</kw>
<kw name="Scroll Element Into View" owner="SeleniumLibrary">
<arg>xpath=(//a[contains(text(),'Xem chi tiết')])[1]</arg>
<doc>Scrolls the element identified by ``locator`` into view.</doc>
<status status="PASS" start="2026-06-19T11:02:46.986632" elapsed="0.314815"/>
</kw>
<kw name="Sleep" owner="BuiltIn">
<msg time="2026-06-19T11:02:48.302624" level="INFO">Slept 1 second.</msg>
<arg>1s</arg>
<doc>Pauses the test executed for the given time.</doc>
<status status="PASS" start="2026-06-19T11:02:47.302322" elapsed="1.000562"/>
</kw>
<status status="PASS" start="2026-06-19T11:02:43.504508" elapsed="4.798376"/>
</kw>
<kw name="View Available Pitches" owner="pitch_selection_keywords">
<kw name="Navigate To Pitches Page" owner="booking_keywords">
<kw name="Go To" owner="SeleniumLibrary">
<msg time="2026-06-19T11:02:48.304612" level="INFO">Opening url 'https://football-booking-system-seven.vercel.app//fields'</msg>
<arg>${URL}/fields</arg>
<doc>Navigates the current browser window to the provided ``url``.</doc>
<status status="PASS" start="2026-06-19T11:02:48.304612" elapsed="0.391829"/>
</kw>
<kw name="Sleep" owner="BuiltIn">
<msg time="2026-06-19T11:02:51.696626" level="INFO">Slept 3 seconds.</msg>
<arg>3s</arg>
<doc>Pauses the test executed for the given time.</doc>
<status status="PASS" start="2026-06-19T11:02:48.696441" elapsed="3.000185"/>
</kw>
<kw name="Wait Until Element Is Visible" owner="SeleniumLibrary">
<arg>xpath=(//a[contains(text(),'Xem chi tiết')])[1]</arg>
<arg>20s</arg>
<doc>Waits until the element ``locator`` is visible.</doc>
<status status="PASS" start="2026-06-19T11:02:51.697174" elapsed="0.031948"/>
</kw>
<kw name="Scroll Element Into View" owner="SeleniumLibrary">
<arg>xpath=(//a[contains(text(),'Xem chi tiết')])[1]</arg>
<doc>Scrolls the element identified by ``locator`` into view.</doc>
<status status="PASS" start="2026-06-19T11:02:51.729122" elapsed="0.303924"/>
</kw>
<kw name="Sleep" owner="BuiltIn">
<msg time="2026-06-19T11:02:53.033487" level="INFO">Slept 1 second.</msg>
<arg>1s</arg>
<doc>Pauses the test executed for the given time.</doc>
<status status="PASS" start="2026-06-19T11:02:52.033046" elapsed="1.000441"/>
</kw>
<status status="PASS" start="2026-06-19T11:02:48.304612" elapsed="4.728875"/>
</kw>
<kw name="Wait Until Page Contains" owner="SeleniumLibrary">
<arg>Danh sách sân bóng</arg>
<arg>${TIMEOUT}</arg>
<doc>Waits until ``text`` appears on the current page.</doc>
<status status="PASS" start="2026-06-19T11:02:53.033487" elapsed="0.027686"/>
</kw>
<kw name="Page Should Contain Element" owner="SeleniumLibrary">
<msg time="2026-06-19T11:02:53.076670" level="INFO">Current page contains element 'xpath=//div[contains(@class,'fields-grid')]'.</msg>
<arg>xpath=//div[contains(@class,'fields-grid')]</arg>
<doc>Verifies that element ``locator`` is found on the current page.</doc>
<status status="PASS" start="2026-06-19T11:02:53.061173" elapsed="0.015497"/>
</kw>
<kw name="Capture Page Screenshot" owner="SeleniumLibrary">
<msg time="2026-06-19T11:02:53.290819" level="INFO" html="true">&lt;/td&gt;&lt;/tr&gt;&lt;tr&gt;&lt;td colspan="3"&gt;&lt;a href="screenshots/selenium-screenshot-12.png"&gt;&lt;img src="screenshots/selenium-screenshot-12.png" width="800px"&gt;&lt;/a&gt;</msg>
<doc>Takes a screenshot of the current page and embeds it into a log file.</doc>
<status status="PASS" start="2026-06-19T11:02:53.076670" elapsed="0.214149"/>
</kw>
<doc>Xem danh sách các sân bóng có sẵn</doc>
<status status="PASS" start="2026-06-19T11:02:48.304612" elapsed="4.986207"/>
</kw>
<kw name="Get Pitch Name" owner="pitch_selection_keywords">
<kw name="Get Text" owner="SeleniumLibrary">
<msg time="2026-06-19T11:02:53.324377" level="INFO">${name} = Sân Bóng Liên Chiểu</msg>
<var>${name}</var>
<arg>xpath=(//div[contains(@class,'fields-grid')]//h5)[${index}]</arg>
<doc>Returns the text value of the element identified by ``locator``.</doc>
<status status="PASS" start="2026-06-19T11:02:53.292350" elapsed="0.032027"/>
</kw>
<return>
<value>${name}</value>
<status status="PASS" start="2026-06-19T11:02:53.324377" elapsed="0.000000"/>
</return>
<msg time="2026-06-19T11:02:53.324377" level="INFO">${pitch_name} = Sân Bóng Liên Chiểu</msg>
<var>${pitch_name}</var>
<arg>1</arg>
<doc>Lấy tên sân bóng theo vị trí</doc>
<status status="PASS" start="2026-06-19T11:02:53.292350" elapsed="0.032027"/>
</kw>
<kw name="View Pitch Details" owner="pitch_selection_keywords">
<kw name="Click Element" owner="SeleniumLibrary">
<msg time="2026-06-19T11:02:53.325383" level="INFO">Clicking element 'xpath=//h5[contains(text(),'Sân Bóng Liên Chiểu')]/ancestor::div[contains(@class,'p-6')]//a[contains(text(),'Xem chi tiết')]'.</msg>
<arg>xpath=//h5[contains(text(),'${pitch_name}')]/ancestor::div[contains(@class,'p-6')]//a[contains(text(),'Xem chi tiết')]</arg>
<doc>Click the element identified by ``locator``.</doc>
<status status="PASS" start="2026-06-19T11:02:53.325383" elapsed="0.125478"/>
</kw>
<kw name="Wait Until Location Contains" owner="SeleniumLibrary">
<arg>/fields/</arg>
<arg>${TIMEOUT}</arg>
<doc>Waits until the current URL contains ``expected``.</doc>
<status status="PASS" start="2026-06-19T11:02:53.450861" elapsed="0.014334"/>
</kw>
<kw name="Capture Page Screenshot" owner="SeleniumLibrary">
<msg time="2026-06-19T11:02:53.563884" level="INFO" html="true">&lt;/td&gt;&lt;/tr&gt;&lt;tr&gt;&lt;td colspan="3"&gt;&lt;a href="screenshots/selenium-screenshot-13.png"&gt;&lt;img src="screenshots/selenium-screenshot-13.png" width="800px"&gt;&lt;/a&gt;</msg>
<doc>Takes a screenshot of the current page and embeds it into a log file.</doc>
<status status="PASS" start="2026-06-19T11:02:53.465195" elapsed="0.098689"/>
</kw>
<arg>${pitch_name}</arg>
<doc>Xem chi tiết sân bóng</doc>
<status status="PASS" start="2026-06-19T11:02:53.325383" elapsed="0.238501"/>
</kw>
<kw name="Location Should Contain" owner="SeleniumLibrary">
<msg time="2026-06-19T11:02:53.573569" level="INFO">Current location contains '/fields/'.</msg>
<arg>/fields/</arg>
<doc>Verifies that the current URL contains ``expected``.</doc>
<status status="PASS" start="2026-06-19T11:02:53.563884" elapsed="0.009685"/>
</kw>
<doc>Kiểm tra xem chi tiết sân bóng</doc>
<tag>pitch</tag>
<tag>regression</tag>
<status status="PASS" start="2026-06-19T11:02:43.503469" elapsed="10.071615"/>
</test>
<test id="s1-s2-t6" name="TC_PITCH_REG_06: Phân Trang Hiển Thị" line="72">
<kw name="Navigate To Pitches Page" owner="booking_keywords">
<kw name="Go To" owner="SeleniumLibrary">
<msg time="2026-06-19T11:02:53.576709" level="INFO">Opening url 'https://football-booking-system-seven.vercel.app//fields'</msg>
<arg>${URL}/fields</arg>
<doc>Navigates the current browser window to the provided ``url``.</doc>
<status status="PASS" start="2026-06-19T11:02:53.576709" elapsed="0.419310"/>
</kw>
<kw name="Sleep" owner="BuiltIn">
<msg time="2026-06-19T11:02:56.998618" level="INFO">Slept 3 seconds.</msg>
<arg>3s</arg>
<doc>Pauses the test executed for the given time.</doc>
<status status="PASS" start="2026-06-19T11:02:53.997215" elapsed="3.001403"/>
</kw>
<kw name="Wait Until Element Is Visible" owner="SeleniumLibrary">
<arg>xpath=(//a[contains(text(),'Xem chi tiết')])[1]</arg>
<arg>20s</arg>
<doc>Waits until the element ``locator`` is visible.</doc>
<status status="PASS" start="2026-06-19T11:02:56.998618" elapsed="0.032464"/>
</kw>
<kw name="Scroll Element Into View" owner="SeleniumLibrary">
<arg>xpath=(//a[contains(text(),'Xem chi tiết')])[1]</arg>
<doc>Scrolls the element identified by ``locator`` into view.</doc>
<status status="PASS" start="2026-06-19T11:02:57.031082" elapsed="0.299477"/>
</kw>
<kw name="Sleep" owner="BuiltIn">
<msg time="2026-06-19T11:02:58.332104" level="INFO">Slept 1 second.</msg>
<arg>1s</arg>
<doc>Pauses the test executed for the given time.</doc>
<status status="PASS" start="2026-06-19T11:02:57.331090" elapsed="1.001014"/>
</kw>
<status status="PASS" start="2026-06-19T11:02:53.576709" elapsed="4.755395"/>
</kw>
<kw name="Page Should Contain Element" owner="SeleniumLibrary">
<msg time="2026-06-19T11:02:58.373489" level="INFO">Current page contains element 'xpath://button[contains(text(), '1')]'.</msg>
<arg>${PAGINATION_BTN_1}</arg>
<doc>Verifies that element ``locator`` is found on the current page.</doc>
<status status="PASS" start="2026-06-19T11:02:58.332104" elapsed="0.042389"/>
</kw>
<doc>Kiểm tra nút phân trang tồn tại</doc>
<tag>pitch</tag>
<tag>regression</tag>
<status status="PASS" start="2026-06-19T11:02:53.575084" elapsed="4.799409"/>
</test>
<test id="s1-s2-t7" name="TC_PITCH_REG_07: Tab Sân 7 Người Hoạt Động" line="80">
<kw name="Navigate To Pitches Page" owner="booking_keywords">
<kw name="Go To" owner="SeleniumLibrary">
<msg time="2026-06-19T11:02:58.379029" level="INFO">Opening url 'https://football-booking-system-seven.vercel.app//fields'</msg>
<arg>${URL}/fields</arg>
<doc>Navigates the current browser window to the provided ``url``.</doc>
<status status="PASS" start="2026-06-19T11:02:58.379029" elapsed="0.412133"/>
</kw>
<kw name="Sleep" owner="BuiltIn">
<msg time="2026-06-19T11:03:01.793030" level="INFO">Slept 3 seconds.</msg>
<arg>3s</arg>
<doc>Pauses the test executed for the given time.</doc>
<status status="PASS" start="2026-06-19T11:02:58.791162" elapsed="3.001868"/>
</kw>
<kw name="Wait Until Element Is Visible" owner="SeleniumLibrary">
<arg>xpath=(//a[contains(text(),'Xem chi tiết')])[1]</arg>
<arg>20s</arg>
<doc>Waits until the element ``locator`` is visible.</doc>
<status status="PASS" start="2026-06-19T11:03:01.793030" elapsed="0.029383"/>
</kw>
<kw name="Scroll Element Into View" owner="SeleniumLibrary">
<arg>xpath=(//a[contains(text(),'Xem chi tiết')])[1]</arg>
<doc>Scrolls the element identified by ``locator`` into view.</doc>
<status status="PASS" start="2026-06-19T11:03:01.822925" elapsed="0.284164"/>
</kw>
<kw name="Sleep" owner="BuiltIn">
<msg time="2026-06-19T11:03:03.107609" level="INFO">Slept 1 second.</msg>
<arg>1s</arg>
<doc>Pauses the test executed for the given time.</doc>
<status status="PASS" start="2026-06-19T11:03:02.107089" elapsed="1.000520"/>
</kw>
<status status="PASS" start="2026-06-19T11:02:58.378065" elapsed="4.729544"/>
</kw>
<kw name="Filter Pitches By Size" owner="pitch_selection_keywords">
<kw name="Click Element" owner="SeleniumLibrary">
<msg time="2026-06-19T11:03:03.108658" level="INFO">Clicking element 'xpath=//button[contains(@class,'fields-tab') and contains(text(),'Sân 7 người')]'.</msg>
<arg>xpath=//button[contains(@class,'fields-tab') and contains(text(),'${size}')]</arg>
<doc>Click the element identified by ``locator``.</doc>
<status status="PASS" start="2026-06-19T11:03:03.108658" elapsed="0.113674"/>
</kw>
<kw name="Sleep" owner="BuiltIn">
<msg time="2026-06-19T11:03:04.223870" level="INFO">Slept 1 second.</msg>
<arg>1s</arg>
<doc>Pauses the test executed for the given time.</doc>
<status status="PASS" start="2026-06-19T11:03:03.223353" elapsed="1.000517"/>
</kw>
<kw name="Capture Page Screenshot" owner="SeleniumLibrary">
<msg time="2026-06-19T11:03:04.420601" level="INFO" html="true">&lt;/td&gt;&lt;/tr&gt;&lt;tr&gt;&lt;td colspan="3"&gt;&lt;a href="screenshots/selenium-screenshot-14.png"&gt;&lt;img src="screenshots/selenium-screenshot-14.png" width="800px"&gt;&lt;/a&gt;</msg>
<doc>Takes a screenshot of the current page and embeds it into a log file.</doc>
<status status="PASS" start="2026-06-19T11:03:04.223870" elapsed="0.196731"/>
</kw>
<arg>Sân 7 người</arg>
<doc>Lọc theo tab loại sân</doc>
<status status="PASS" start="2026-06-19T11:03:03.108658" elapsed="1.311943"/>
</kw>
<kw name="Sleep" owner="BuiltIn">
<msg time="2026-06-19T11:03:05.420877" level="INFO">Slept 1 second.</msg>
<arg>1s</arg>
<doc>Pauses the test executed for the given time.</doc>
<status status="PASS" start="2026-06-19T11:03:04.420601" elapsed="1.000276"/>
</kw>
<doc>Kiểm tra tab sân 7 người</doc>
<tag>pitch</tag>
<tag>regression</tag>
<status status="PASS" start="2026-06-19T11:02:58.376006" elapsed="7.044871"/>
</test>
<test id="s1-s2-t8" name="TC_PITCH_REG_08: Tab Sân 11 Người Hoạt Động" line="90">
<kw name="Navigate To Pitches Page" owner="booking_keywords">
<kw name="Go To" owner="SeleniumLibrary">
<msg time="2026-06-19T11:03:05.420877" level="INFO">Opening url 'https://football-booking-system-seven.vercel.app//fields'</msg>
<arg>${URL}/fields</arg>
<doc>Navigates the current browser window to the provided ``url``.</doc>
<status status="PASS" start="2026-06-19T11:03:05.420877" elapsed="0.392947"/>
</kw>
<kw name="Sleep" owner="BuiltIn">
<msg time="2026-06-19T11:03:08.814328" level="INFO">Slept 3 seconds.</msg>
<arg>3s</arg>
<doc>Pauses the test executed for the given time.</doc>
<status status="PASS" start="2026-06-19T11:03:05.813824" elapsed="3.000504"/>
</kw>
<kw name="Wait Until Element Is Visible" owner="SeleniumLibrary">
<arg>xpath=(//a[contains(text(),'Xem chi tiết')])[1]</arg>
<arg>20s</arg>
<doc>Waits until the element ``locator`` is visible.</doc>
<status status="PASS" start="2026-06-19T11:03:08.814328" elapsed="0.033472"/>
</kw>
<kw name="Scroll Element Into View" owner="SeleniumLibrary">
<arg>xpath=(//a[contains(text(),'Xem chi tiết')])[1]</arg>
<doc>Scrolls the element identified by ``locator`` into view.</doc>
<status status="PASS" start="2026-06-19T11:03:08.847800" elapsed="0.287286"/>
</kw>
<kw name="Sleep" owner="BuiltIn">
<msg time="2026-06-19T11:03:10.135672" level="INFO">Slept 1 second.</msg>
<arg>1s</arg>
<doc>Pauses the test executed for the given time.</doc>
<status status="PASS" start="2026-06-19T11:03:09.135086" elapsed="1.000586"/>
</kw>
<status status="PASS" start="2026-06-19T11:03:05.420877" elapsed="4.714795"/>
</kw>
<kw name="Filter Pitches By Size" owner="pitch_selection_keywords">
<kw name="Click Element" owner="SeleniumLibrary">
<msg time="2026-06-19T11:03:10.137237" level="INFO">Clicking element 'xpath=//button[contains(@class,'fields-tab') and contains(text(),'Sân 11 người')]'.</msg>
<arg>xpath=//button[contains(@class,'fields-tab') and contains(text(),'${size}')]</arg>
<doc>Click the element identified by ``locator``.</doc>
<status status="PASS" start="2026-06-19T11:03:10.137237" elapsed="0.126515"/>
</kw>
<kw name="Sleep" owner="BuiltIn">
<msg time="2026-06-19T11:03:11.263824" level="INFO">Slept 1 second.</msg>
<arg>1s</arg>
<doc>Pauses the test executed for the given time.</doc>
<status status="PASS" start="2026-06-19T11:03:10.263752" elapsed="1.000324"/>
</kw>
<kw name="Capture Page Screenshot" owner="SeleniumLibrary">
<msg time="2026-06-19T11:03:11.474386" level="INFO" html="true">&lt;/td&gt;&lt;/tr&gt;&lt;tr&gt;&lt;td colspan="3"&gt;&lt;a href="screenshots/selenium-screenshot-15.png"&gt;&lt;img src="screenshots/selenium-screenshot-15.png" width="800px"&gt;&lt;/a&gt;</msg>
<doc>Takes a screenshot of the current page and embeds it into a log file.</doc>
<status status="PASS" start="2026-06-19T11:03:11.264076" elapsed="0.210310"/>
</kw>
<arg>Sân 11 người</arg>
<doc>Lọc theo tab loại sân</doc>
<status status="PASS" start="2026-06-19T11:03:10.135672" elapsed="1.338714"/>
</kw>
<kw name="Sleep" owner="BuiltIn">
<msg time="2026-06-19T11:03:12.476010" level="INFO">Slept 1 second.</msg>
<arg>1s</arg>
<doc>Pauses the test executed for the given time.</doc>
<status status="PASS" start="2026-06-19T11:03:11.475398" elapsed="1.000612"/>
</kw>
<doc>Kiểm tra tab sân 11 người</doc>
<tag>pitch</tag>
<tag>regression</tag>
<status status="PASS" start="2026-06-19T11:03:05.420877" elapsed="7.055916"/>
</test>
<kw name="Close Browser Application" owner="booking_keywords" type="TEARDOWN">
<kw name="Close Browser" owner="SeleniumLibrary">
<doc>Closes the current browser.</doc>
<status status="PASS" start="2026-06-19T11:03:12.476793" elapsed="2.269017"/>
</kw>
<doc>Đóng browser</doc>
<status status="PASS" start="2026-06-19T11:03:12.476793" elapsed="2.269017"/>
</kw>
<doc>Regression Tests - Kiểm tra Chọn Sân Bóng</doc>
<status status="PASS" start="2026-06-19T11:02:04.166568" elapsed="70.579242"/>
</suite>
<status status="PASS" start="2026-06-19T11:01:06.745315" elapsed="128.002234"/>
</suite>
<statistics>
<total>
<stat pass="14" fail="0" skip="0">All Tests</stat>
</total>
<tag>
<stat pass="14" fail="0" skip="0">pitch</stat>
<stat pass="8" fail="0" skip="0">regression</stat>
<stat pass="6" fail="0" skip="0">smoke</stat>
</tag>
<suite>
<stat name="Fields" id="s1" pass="14" fail="0" skip="0">Fields</stat>
<stat name="Fields Basic Tests" id="s1-s1" pass="6" fail="0" skip="0">Fields.Fields Basic Tests</stat>
<stat name="Fields Selection Tests" id="s1-s2" pass="8" fail="0" skip="0">Fields.Fields Selection Tests</stat>
</suite>
</statistics>
<errors>
</errors>
</robot>
